--------------- Build Started: 11/28/2016 13:06:02 Project: raoxianpan, Configuration: ARM GCC 4.9-2015-q1-update Debug ---------------
cydsfit.exe -.appdatapath "C:\Users\li\AppData\Local\Cypress Semiconductor\PSoC Creator\3.3" -.fdsnotice -.fdswarpdepfile=warp_dependencies.txt -.fdselabdepfile=elab_dependencies.txt -.fdsbldfile=generated_files.txt -p D:\pxc\robot-raoxianpan\raoxianpan.cydsn\raoxianpan.cyprj -d CY8C5267AXI-LP051 -s D:\pxc\robot-raoxianpan\raoxianpan.cydsn\Generated_Source\PSoC5 -- -yv2 -q10 -ygs -o2 -v3 -.fftcfgtype=LE
Elaborating Design...
HDL Generation ...
Synthesis ...
Place and Route ...
Tech mapping ...
ADD: pft.M0040: information: The following 1 pin(s) will be assigned a location by the fitter: Beep(0)
Analog Placement ...
Analog Routing ...
Analog Code Generation ...
Digital Placement ...
Digital Routing ...
Bitstream Generation ...
Static timing analysis ...
API Generation ...
Dependency Generation ...
Clean Temporary Files ...
The compile step is up to date, no work needs to be done.
arm-none-eabi-ar.exe -rs .\CortexM3\ARM_GCC_493\Debug\raoxianpan.a .\CortexM3\ARM_GCC_493\Debug\cyfitter_cfg.o .\CortexM3\ARM_GCC_493\Debug\CyBootAsmGnu.o .\CortexM3\ARM_GCC_493\Debug\CyDmac.o .\CortexM3\ARM_GCC_493\Debug\CyFlash.o .\CortexM3\ARM_GCC_493\Debug\CyLib.o .\CortexM3\ARM_GCC_493\Debug\cyPm.o .\CortexM3\ARM_GCC_493\Debug\CySpc.o .\CortexM3\ARM_GCC_493\Debug\cyutils.o .\CortexM3\ARM_GCC_493\Debug\UART_net.o .\CortexM3\ARM_GCC_493\Debug\UART_net_PM.o .\CortexM3\ARM_GCC_493\Debug\UART_net_INT.o .\CortexM3\ARM_GCC_493\Debug\UART_net_BOOT.o .\CortexM3\ARM_GCC_493\Debug\UART_net_IntClock.o .\CortexM3\ARM_GCC_493\Debug\isr_tx_net.o .\CortexM3\ARM_GCC_493\Debug\isr_rx_net.o .\CortexM3\ARM_GCC_493\Debug\PWM_1.o .\CortexM3\ARM_GCC_493\Debug\PWM_1_PM.o .\CortexM3\ARM_GCC_493\Debug\Clock_1.o .\CortexM3\ARM_GCC_493\Debug\Timer_1.o .\CortexM3\ARM_GCC_493\Debug\Timer_1_PM.o .\CortexM3\ARM_GCC_493\Debug\isr_timer.o .\CortexM3\ARM_GCC_493\Debug\Beep.o .\CortexM3\ARM_GCC_493\Debug\PUL.o .\CortexM3\ARM_GCC_493\Debug\ENA.o .\CortexM3\ARM_GCC_493\Debug\DIR.o
arm-none-eabi-ar.exe: creating .\CortexM3\ARM_GCC_493\Debug\raoxianpan.a
arm-none-eabi-gcc.exe -Wl,--start-group -o .\CortexM3\ARM_GCC_493\Debug\raoxianpan.elf .\CortexM3\ARM_GCC_493\Debug\main.o .\CortexM3\ARM_GCC_493\Debug\Transfer.o .\CortexM3\ARM_GCC_493\Debug\car.o .\CortexM3\ARM_GCC_493\Debug\key.o .\CortexM3\ARM_GCC_493\Debug\buzzer.o .\CortexM3\ARM_GCC_493\Debug\cymetadata.o .\CortexM3\ARM_GCC_493\Debug\Cm3Start.o .\CortexM3\ARM_GCC_493\Debug\raoxianpan.a "C:\Program Files (x86)\Cypress\PSoC Creator\3.3\PSoC Creator\psoc\content\cycomponentlibrary\CyComponentLibrary.cylib\CortexM3\ARM_GCC_493\Debug\CyComponentLibrary.a" -mcpu=cortex-m3 -mthumb -g -ffunction-sections -Og -L Generated_Source\PSoC5 -Wl,-Map,.\CortexM3\ARM_GCC_493\Debug/raoxianpan.map -T Generated_Source\PSoC5\cm3gcc.ld -specs=nano.specs -Wl,--gc-sections -Wl,--end-group
cyelftool.exe -C D:\pxc\robot-raoxianpan\raoxianpan.cydsn\CortexM3\ARM_GCC_493\Debug\raoxianpan.elf --flash_row_size 256 --flash_size 131072
cyelftool.exe -S D:\pxc\robot-raoxianpan\raoxianpan.cydsn\CortexM3\ARM_GCC_493\Debug\raoxianpan.elf
Flash used: 3328 of 131072 bytes (2.5%).
SRAM used: 2677 of 32768 bytes (8.2%). Stack: 2048 bytes. Heap: 128 bytes.
--------------- Build Succeeded: 11/28/2016 13:06:26 ---------------
