ARM GAS  C:\Users\pxc\AppData\Local\Temp\cckFVtnG.s 			page 1


   1              		.syntax unified
   2              		.cpu cortex-m3
   3              		.fpu softvfp
   4              		.eabi_attribute 20, 1
   5              		.eabi_attribute 21, 1
   6              		.eabi_attribute 23, 3
   7              		.eabi_attribute 24, 1
   8              		.eabi_attribute 25, 1
   9              		.eabi_attribute 26, 1
  10              		.eabi_attribute 30, 1
  11              		.eabi_attribute 34, 1
  12              		.eabi_attribute 18, 4
  13              		.thumb
  14              		.file	"car.c"
  15              		.text
  16              	.Ltext0:
  17              		.cfi_sections	.debug_frame
  18              		.section	.text.WireReel_init,"ax",%progbits
  19              		.align	2
  20              		.global	WireReel_init
  21              		.thumb
  22              		.thumb_func
  23              		.type	WireReel_init, %function
  24              	WireReel_init:
  25              	.LFB63:
  26              		.file 1 ".\\car.c"
   1:.\car.c       **** /* ========================================
   2:.\car.c       ****  *
   3:.\car.c       ****  * Copyright YOUR COMPANY, THE YEAR
   4:.\car.c       ****  * All Rights Reserved
   5:.\car.c       ****  * UNPUBLISHED, LICENSED SOFTWARE.
   6:.\car.c       ****  *
   7:.\car.c       ****  * CONFIDENTIAL AND PROPRIETARY INFORMATION
   8:.\car.c       ****  * WHICH IS THE PROPERTY OF your company.
   9:.\car.c       ****  *
  10:.\car.c       ****  * ========================================
  11:.\car.c       **** */
  12:.\car.c       **** #include "car.h"
  13:.\car.c       **** 
  14:.\car.c       **** 
  15:.\car.c       **** void WireReel_init()
  16:.\car.c       **** {
  27              		.loc 1 16 0
  28              		.cfi_startproc
  29              		@ args = 0, pretend = 0, frame = 0
  30              		@ frame_needed = 0, uses_anonymous_args = 0
  31              		@ link register save eliminated.
  17:.\car.c       ****     g_WireReel.run_state = 1;
  32              		.loc 1 17 0
  33 0000 0122     		movs	r2, #1
  34 0002 014B     		ldr	r3, .L2
  35 0004 1A70     		strb	r2, [r3]
  36 0006 7047     		bx	lr
  37              	.L3:
  38              		.align	2
  39              	.L2:
  40 0008 00000000 		.word	g_WireReel
ARM GAS  C:\Users\pxc\AppData\Local\Temp\cckFVtnG.s 			page 2


  41              		.cfi_endproc
  42              	.LFE63:
  43              		.size	WireReel_init, .-WireReel_init
  44              		.comm	g_WireReel,4,4
  45              		.comm	g_Car,34,4
  46              		.text
  47              	.Letext0:
  48              		.file 2 "c:\\program files (x86)\\cypress\\psoc creator\\3.3\\psoc creator\\import\\gnu\\arm\\4.9.
  49              		.file 3 "c:\\program files (x86)\\cypress\\psoc creator\\3.3\\psoc creator\\import\\gnu\\arm\\4.9.
  50              		.file 4 "Generated_Source\\PSoC5/cytypes.h"
  51              		.file 5 ".\\car.h"
  52              		.file 6 "Generated_Source\\PSoC5/core_cm3.h"
  53              		.section	.debug_info,"",%progbits
  54              	.Ldebug_info0:
  55 0000 75020000 		.4byte	0x275
  56 0004 0400     		.2byte	0x4
  57 0006 00000000 		.4byte	.Ldebug_abbrev0
  58 000a 04       		.byte	0x4
  59 000b 01       		.uleb128 0x1
  60 000c 3B010000 		.4byte	.LASF52
  61 0010 01       		.byte	0x1
  62 0011 2F020000 		.4byte	.LASF53
  63 0015 56020000 		.4byte	.LASF54
  64 0019 00000000 		.4byte	.Ldebug_ranges0+0
  65 001d 00000000 		.4byte	0
  66 0021 00000000 		.4byte	.Ldebug_line0
  67 0025 02       		.uleb128 0x2
  68 0026 01       		.byte	0x1
  69 0027 06       		.byte	0x6
  70 0028 82000000 		.4byte	.LASF0
  71 002c 02       		.uleb128 0x2
  72 002d 01       		.byte	0x1
  73 002e 08       		.byte	0x8
  74 002f A1000000 		.4byte	.LASF1
  75 0033 02       		.uleb128 0x2
  76 0034 02       		.byte	0x2
  77 0035 05       		.byte	0x5
  78 0036 9F020000 		.4byte	.LASF2
  79 003a 02       		.uleb128 0x2
  80 003b 02       		.byte	0x2
  81 003c 07       		.byte	0x7
  82 003d E2000000 		.4byte	.LASF3
  83 0041 03       		.uleb128 0x3
  84 0042 20000000 		.4byte	.LASF9
  85 0046 02       		.byte	0x2
  86 0047 3F       		.byte	0x3f
  87 0048 4C000000 		.4byte	0x4c
  88 004c 02       		.uleb128 0x2
  89 004d 04       		.byte	0x4
  90 004e 05       		.byte	0x5
  91 004f C4020000 		.4byte	.LASF4
  92 0053 02       		.uleb128 0x2
  93 0054 04       		.byte	0x4
  94 0055 07       		.byte	0x7
  95 0056 C9010000 		.4byte	.LASF5
  96 005a 02       		.uleb128 0x2
  97 005b 08       		.byte	0x8
ARM GAS  C:\Users\pxc\AppData\Local\Temp\cckFVtnG.s 			page 3


  98 005c 05       		.byte	0x5
  99 005d 48020000 		.4byte	.LASF6
 100 0061 02       		.uleb128 0x2
 101 0062 08       		.byte	0x8
 102 0063 07       		.byte	0x7
 103 0064 E8010000 		.4byte	.LASF7
 104 0068 04       		.uleb128 0x4
 105 0069 04       		.byte	0x4
 106 006a 05       		.byte	0x5
 107 006b 696E7400 		.ascii	"int\000"
 108 006f 02       		.uleb128 0x2
 109 0070 04       		.byte	0x4
 110 0071 07       		.byte	0x7
 111 0072 DB010000 		.4byte	.LASF8
 112 0076 03       		.uleb128 0x3
 113 0077 62000000 		.4byte	.LASF10
 114 007b 03       		.byte	0x3
 115 007c 2C       		.byte	0x2c
 116 007d 41000000 		.4byte	0x41
 117 0081 03       		.uleb128 0x3
 118 0082 A9020000 		.4byte	.LASF11
 119 0086 04       		.byte	0x4
 120 0087 C2       		.byte	0xc2
 121 0088 2C000000 		.4byte	0x2c
 122 008c 03       		.uleb128 0x3
 123 008d 27010000 		.4byte	.LASF12
 124 0091 04       		.byte	0x4
 125 0092 C3       		.byte	0xc3
 126 0093 3A000000 		.4byte	0x3a
 127 0097 02       		.uleb128 0x2
 128 0098 04       		.byte	0x4
 129 0099 04       		.byte	0x4
 130 009a 7C000000 		.4byte	.LASF13
 131 009e 02       		.uleb128 0x2
 132 009f 08       		.byte	0x8
 133 00a0 04       		.byte	0x4
 134 00a1 4A000000 		.4byte	.LASF14
 135 00a5 02       		.uleb128 0x2
 136 00a6 01       		.byte	0x1
 137 00a7 08       		.byte	0x8
 138 00a8 8C020000 		.4byte	.LASF15
 139 00ac 02       		.uleb128 0x2
 140 00ad 04       		.byte	0x4
 141 00ae 07       		.byte	0x7
 142 00af 37020000 		.4byte	.LASF16
 143 00b3 05       		.uleb128 0x5
 144 00b4 40020000 		.4byte	.LASF25
 145 00b8 01       		.byte	0x1
 146 00b9 05       		.byte	0x5
 147 00ba 0F       		.byte	0xf
 148 00bb F5000000 		.4byte	0xf5
 149 00bf 06       		.uleb128 0x6
 150 00c0 555000   		.ascii	"UP\000"
 151 00c3 00       		.sleb128 0
 152 00c4 07       		.uleb128 0x7
 153 00c5 9A020000 		.4byte	.LASF17
 154 00c9 01       		.sleb128 1
ARM GAS  C:\Users\pxc\AppData\Local\Temp\cckFVtnG.s 			page 4


 155 00ca 07       		.uleb128 0x7
 156 00cb 1B000000 		.4byte	.LASF18
 157 00cf 02       		.sleb128 2
 158 00d0 07       		.uleb128 0x7
 159 00d1 B8000000 		.4byte	.LASF19
 160 00d5 03       		.sleb128 3
 161 00d6 07       		.uleb128 0x7
 162 00d7 CD020000 		.4byte	.LASF20
 163 00db 04       		.sleb128 4
 164 00dc 07       		.uleb128 0x7
 165 00dd F5000000 		.4byte	.LASF21
 166 00e1 05       		.sleb128 5
 167 00e2 07       		.uleb128 0x7
 168 00e3 FE000000 		.4byte	.LASF22
 169 00e7 06       		.sleb128 6
 170 00e8 07       		.uleb128 0x7
 171 00e9 E7020000 		.4byte	.LASF23
 172 00ed 07       		.sleb128 7
 173 00ee 07       		.uleb128 0x7
 174 00ef 22010000 		.4byte	.LASF24
 175 00f3 08       		.sleb128 8
 176 00f4 00       		.byte	0
 177 00f5 05       		.uleb128 0x5
 178 00f6 97000000 		.4byte	.LASF26
 179 00fa 01       		.byte	0x1
 180 00fb 05       		.byte	0x5
 181 00fc 14       		.byte	0x14
 182 00fd 14010000 		.4byte	0x114
 183 0101 07       		.uleb128 0x7
 184 0102 5A000000 		.4byte	.LASF27
 185 0106 00       		.sleb128 0
 186 0107 07       		.uleb128 0x7
 187 0108 AF000000 		.4byte	.LASF28
 188 010c 01       		.sleb128 1
 189 010d 07       		.uleb128 0x7
 190 010e 24020000 		.4byte	.LASF29
 191 0112 02       		.sleb128 2
 192 0113 00       		.byte	0
 193 0114 08       		.uleb128 0x8
 194 0115 04       		.byte	0x4
 195 0116 05       		.byte	0x5
 196 0117 16       		.byte	0x16
 197 0118 35010000 		.4byte	0x135
 198 011c 09       		.uleb128 0x9
 199 011d 70776D00 		.ascii	"pwm\000"
 200 0121 05       		.byte	0x5
 201 0122 18       		.byte	0x18
 202 0123 8C000000 		.4byte	0x8c
 203 0127 00       		.byte	0
 204 0128 09       		.uleb128 0x9
 205 0129 64697200 		.ascii	"dir\000"
 206 012d 05       		.byte	0x5
 207 012e 19       		.byte	0x19
 208 012f F5000000 		.4byte	0xf5
 209 0133 02       		.byte	0x2
 210 0134 00       		.byte	0
 211 0135 03       		.uleb128 0x3
ARM GAS  C:\Users\pxc\AppData\Local\Temp\cckFVtnG.s 			page 5


 212 0136 DA000000 		.4byte	.LASF30
 213 013a 05       		.byte	0x5
 214 013b 1A       		.byte	0x1a
 215 013c 14010000 		.4byte	0x114
 216 0140 08       		.uleb128 0x8
 217 0141 22       		.byte	0x22
 218 0142 05       		.byte	0x5
 219 0143 1B       		.byte	0x1b
 220 0144 FD010000 		.4byte	0x1fd
 221 0148 0A       		.uleb128 0xa
 222 0149 91020000 		.4byte	.LASF31
 223 014d 05       		.byte	0x5
 224 014e 1D       		.byte	0x1d
 225 014f 81000000 		.4byte	0x81
 226 0153 00       		.byte	0
 227 0154 0A       		.uleb128 0xa
 228 0155 0B020000 		.4byte	.LASF32
 229 0159 05       		.byte	0x5
 230 015a 1E       		.byte	0x1e
 231 015b B3000000 		.4byte	0xb3
 232 015f 01       		.byte	0x1
 233 0160 0A       		.uleb128 0xa
 234 0161 CC000000 		.4byte	.LASF33
 235 0165 05       		.byte	0x5
 236 0166 1F       		.byte	0x1f
 237 0167 8C000000 		.4byte	0x8c
 238 016b 02       		.byte	0x2
 239 016c 0A       		.uleb128 0xa
 240 016d 13020000 		.4byte	.LASF34
 241 0171 05       		.byte	0x5
 242 0172 20       		.byte	0x20
 243 0173 35010000 		.4byte	0x135
 244 0177 04       		.byte	0x4
 245 0178 0A       		.uleb128 0xa
 246 0179 6A000000 		.4byte	.LASF35
 247 017d 05       		.byte	0x5
 248 017e 21       		.byte	0x21
 249 017f 35010000 		.4byte	0x135
 250 0183 08       		.byte	0x8
 251 0184 0A       		.uleb128 0xa
 252 0185 D5020000 		.4byte	.LASF36
 253 0189 05       		.byte	0x5
 254 018a 22       		.byte	0x22
 255 018b 35010000 		.4byte	0x135
 256 018f 0C       		.byte	0xc
 257 0190 0A       		.uleb128 0xa
 258 0191 2A000000 		.4byte	.LASF37
 259 0195 05       		.byte	0x5
 260 0196 23       		.byte	0x23
 261 0197 35010000 		.4byte	0x135
 262 019b 10       		.byte	0x10
 263 019c 0A       		.uleb128 0xa
 264 019d 00000000 		.4byte	.LASF38
 265 01a1 05       		.byte	0x5
 266 01a2 24       		.byte	0x24
 267 01a3 8C000000 		.4byte	0x8c
 268 01a7 14       		.byte	0x14
ARM GAS  C:\Users\pxc\AppData\Local\Temp\cckFVtnG.s 			page 6


 269 01a8 0A       		.uleb128 0xa
 270 01a9 FF010000 		.4byte	.LASF39
 271 01ad 05       		.byte	0x5
 272 01ae 25       		.byte	0x25
 273 01af 81000000 		.4byte	0x81
 274 01b3 16       		.byte	0x16
 275 01b4 0A       		.uleb128 0xa
 276 01b5 3D000000 		.4byte	.LASF40
 277 01b9 05       		.byte	0x5
 278 01ba 26       		.byte	0x26
 279 01bb 81000000 		.4byte	0x81
 280 01bf 17       		.byte	0x17
 281 01c0 0A       		.uleb128 0xa
 282 01c1 08010000 		.4byte	.LASF41
 283 01c5 05       		.byte	0x5
 284 01c6 27       		.byte	0x27
 285 01c7 8C000000 		.4byte	0x8c
 286 01cb 18       		.byte	0x18
 287 01cc 0A       		.uleb128 0xa
 288 01cd 12000000 		.4byte	.LASF42
 289 01d1 05       		.byte	0x5
 290 01d2 28       		.byte	0x28
 291 01d3 81000000 		.4byte	0x81
 292 01d7 1A       		.byte	0x1a
 293 01d8 0A       		.uleb128 0xa
 294 01d9 51000000 		.4byte	.LASF43
 295 01dd 05       		.byte	0x5
 296 01de 29       		.byte	0x29
 297 01df 8C000000 		.4byte	0x8c
 298 01e3 1C       		.byte	0x1c
 299 01e4 0A       		.uleb128 0xa
 300 01e5 8E000000 		.4byte	.LASF44
 301 01e9 05       		.byte	0x5
 302 01ea 2A       		.byte	0x2a
 303 01eb 8C000000 		.4byte	0x8c
 304 01ef 1E       		.byte	0x1e
 305 01f0 0A       		.uleb128 0xa
 306 01f1 09000000 		.4byte	.LASF45
 307 01f5 05       		.byte	0x5
 308 01f6 2B       		.byte	0x2b
 309 01f7 81000000 		.4byte	0x81
 310 01fb 20       		.byte	0x20
 311 01fc 00       		.byte	0
 312 01fd 03       		.uleb128 0x3
 313 01fe 16010000 		.4byte	.LASF46
 314 0202 05       		.byte	0x5
 315 0203 2C       		.byte	0x2c
 316 0204 40010000 		.4byte	0x140
 317 0208 08       		.uleb128 0x8
 318 0209 04       		.byte	0x4
 319 020a 05       		.byte	0x5
 320 020b 2E       		.byte	0x2e
 321 020c 29020000 		.4byte	0x229
 322 0210 0A       		.uleb128 0xa
 323 0211 BA020000 		.4byte	.LASF47
 324 0215 05       		.byte	0x5
 325 0216 30       		.byte	0x30
ARM GAS  C:\Users\pxc\AppData\Local\Temp\cckFVtnG.s 			page 7


 326 0217 81000000 		.4byte	0x81
 327 021b 00       		.byte	0
 328 021c 09       		.uleb128 0x9
 329 021d 425F5600 		.ascii	"B_V\000"
 330 0221 05       		.byte	0x5
 331 0222 31       		.byte	0x31
 332 0223 8C000000 		.4byte	0x8c
 333 0227 02       		.byte	0x2
 334 0228 00       		.byte	0
 335 0229 03       		.uleb128 0x3
 336 022a AF020000 		.4byte	.LASF48
 337 022e 05       		.byte	0x5
 338 022f 33       		.byte	0x33
 339 0230 08020000 		.4byte	0x208
 340 0234 0B       		.uleb128 0xb
 341 0235 BE000000 		.4byte	.LASF55
 342 0239 01       		.byte	0x1
 343 023a 0F       		.byte	0xf
 344 023b 00000000 		.4byte	.LFB63
 345 023f 0C000000 		.4byte	.LFE63-.LFB63
 346 0243 01       		.uleb128 0x1
 347 0244 9C       		.byte	0x9c
 348 0245 0C       		.uleb128 0xc
 349 0246 2E010000 		.4byte	.LASF49
 350 024a 06       		.byte	0x6
 351 024b 2A06     		.2byte	0x62a
 352 024d 51020000 		.4byte	0x251
 353 0251 0D       		.uleb128 0xd
 354 0252 76000000 		.4byte	0x76
 355 0256 0E       		.uleb128 0xe
 356 0257 1C010000 		.4byte	.LASF50
 357 025b 05       		.byte	0x5
 358 025c 2D       		.byte	0x2d
 359 025d FD010000 		.4byte	0x1fd
 360 0261 05       		.uleb128 0x5
 361 0262 03       		.byte	0x3
 362 0263 00000000 		.4byte	g_Car
 363 0267 0E       		.uleb128 0xe
 364 0268 F2020000 		.4byte	.LASF51
 365 026c 05       		.byte	0x5
 366 026d 34       		.byte	0x34
 367 026e 29020000 		.4byte	0x229
 368 0272 05       		.uleb128 0x5
 369 0273 03       		.byte	0x3
 370 0274 00000000 		.4byte	g_WireReel
 371 0278 00       		.byte	0
 372              		.section	.debug_abbrev,"",%progbits
 373              	.Ldebug_abbrev0:
 374 0000 01       		.uleb128 0x1
 375 0001 11       		.uleb128 0x11
 376 0002 01       		.byte	0x1
 377 0003 25       		.uleb128 0x25
 378 0004 0E       		.uleb128 0xe
 379 0005 13       		.uleb128 0x13
 380 0006 0B       		.uleb128 0xb
 381 0007 03       		.uleb128 0x3
 382 0008 0E       		.uleb128 0xe
ARM GAS  C:\Users\pxc\AppData\Local\Temp\cckFVtnG.s 			page 8


 383 0009 1B       		.uleb128 0x1b
 384 000a 0E       		.uleb128 0xe
 385 000b 55       		.uleb128 0x55
 386 000c 17       		.uleb128 0x17
 387 000d 11       		.uleb128 0x11
 388 000e 01       		.uleb128 0x1
 389 000f 10       		.uleb128 0x10
 390 0010 17       		.uleb128 0x17
 391 0011 00       		.byte	0
 392 0012 00       		.byte	0
 393 0013 02       		.uleb128 0x2
 394 0014 24       		.uleb128 0x24
 395 0015 00       		.byte	0
 396 0016 0B       		.uleb128 0xb
 397 0017 0B       		.uleb128 0xb
 398 0018 3E       		.uleb128 0x3e
 399 0019 0B       		.uleb128 0xb
 400 001a 03       		.uleb128 0x3
 401 001b 0E       		.uleb128 0xe
 402 001c 00       		.byte	0
 403 001d 00       		.byte	0
 404 001e 03       		.uleb128 0x3
 405 001f 16       		.uleb128 0x16
 406 0020 00       		.byte	0
 407 0021 03       		.uleb128 0x3
 408 0022 0E       		.uleb128 0xe
 409 0023 3A       		.uleb128 0x3a
 410 0024 0B       		.uleb128 0xb
 411 0025 3B       		.uleb128 0x3b
 412 0026 0B       		.uleb128 0xb
 413 0027 49       		.uleb128 0x49
 414 0028 13       		.uleb128 0x13
 415 0029 00       		.byte	0
 416 002a 00       		.byte	0
 417 002b 04       		.uleb128 0x4
 418 002c 24       		.uleb128 0x24
 419 002d 00       		.byte	0
 420 002e 0B       		.uleb128 0xb
 421 002f 0B       		.uleb128 0xb
 422 0030 3E       		.uleb128 0x3e
 423 0031 0B       		.uleb128 0xb
 424 0032 03       		.uleb128 0x3
 425 0033 08       		.uleb128 0x8
 426 0034 00       		.byte	0
 427 0035 00       		.byte	0
 428 0036 05       		.uleb128 0x5
 429 0037 04       		.uleb128 0x4
 430 0038 01       		.byte	0x1
 431 0039 03       		.uleb128 0x3
 432 003a 0E       		.uleb128 0xe
 433 003b 0B       		.uleb128 0xb
 434 003c 0B       		.uleb128 0xb
 435 003d 3A       		.uleb128 0x3a
 436 003e 0B       		.uleb128 0xb
 437 003f 3B       		.uleb128 0x3b
 438 0040 0B       		.uleb128 0xb
 439 0041 01       		.uleb128 0x1
ARM GAS  C:\Users\pxc\AppData\Local\Temp\cckFVtnG.s 			page 9


 440 0042 13       		.uleb128 0x13
 441 0043 00       		.byte	0
 442 0044 00       		.byte	0
 443 0045 06       		.uleb128 0x6
 444 0046 28       		.uleb128 0x28
 445 0047 00       		.byte	0
 446 0048 03       		.uleb128 0x3
 447 0049 08       		.uleb128 0x8
 448 004a 1C       		.uleb128 0x1c
 449 004b 0D       		.uleb128 0xd
 450 004c 00       		.byte	0
 451 004d 00       		.byte	0
 452 004e 07       		.uleb128 0x7
 453 004f 28       		.uleb128 0x28
 454 0050 00       		.byte	0
 455 0051 03       		.uleb128 0x3
 456 0052 0E       		.uleb128 0xe
 457 0053 1C       		.uleb128 0x1c
 458 0054 0D       		.uleb128 0xd
 459 0055 00       		.byte	0
 460 0056 00       		.byte	0
 461 0057 08       		.uleb128 0x8
 462 0058 13       		.uleb128 0x13
 463 0059 01       		.byte	0x1
 464 005a 0B       		.uleb128 0xb
 465 005b 0B       		.uleb128 0xb
 466 005c 3A       		.uleb128 0x3a
 467 005d 0B       		.uleb128 0xb
 468 005e 3B       		.uleb128 0x3b
 469 005f 0B       		.uleb128 0xb
 470 0060 01       		.uleb128 0x1
 471 0061 13       		.uleb128 0x13
 472 0062 00       		.byte	0
 473 0063 00       		.byte	0
 474 0064 09       		.uleb128 0x9
 475 0065 0D       		.uleb128 0xd
 476 0066 00       		.byte	0
 477 0067 03       		.uleb128 0x3
 478 0068 08       		.uleb128 0x8
 479 0069 3A       		.uleb128 0x3a
 480 006a 0B       		.uleb128 0xb
 481 006b 3B       		.uleb128 0x3b
 482 006c 0B       		.uleb128 0xb
 483 006d 49       		.uleb128 0x49
 484 006e 13       		.uleb128 0x13
 485 006f 38       		.uleb128 0x38
 486 0070 0B       		.uleb128 0xb
 487 0071 00       		.byte	0
 488 0072 00       		.byte	0
 489 0073 0A       		.uleb128 0xa
 490 0074 0D       		.uleb128 0xd
 491 0075 00       		.byte	0
 492 0076 03       		.uleb128 0x3
 493 0077 0E       		.uleb128 0xe
 494 0078 3A       		.uleb128 0x3a
 495 0079 0B       		.uleb128 0xb
 496 007a 3B       		.uleb128 0x3b
ARM GAS  C:\Users\pxc\AppData\Local\Temp\cckFVtnG.s 			page 10


 497 007b 0B       		.uleb128 0xb
 498 007c 49       		.uleb128 0x49
 499 007d 13       		.uleb128 0x13
 500 007e 38       		.uleb128 0x38
 501 007f 0B       		.uleb128 0xb
 502 0080 00       		.byte	0
 503 0081 00       		.byte	0
 504 0082 0B       		.uleb128 0xb
 505 0083 2E       		.uleb128 0x2e
 506 0084 00       		.byte	0
 507 0085 3F       		.uleb128 0x3f
 508 0086 19       		.uleb128 0x19
 509 0087 03       		.uleb128 0x3
 510 0088 0E       		.uleb128 0xe
 511 0089 3A       		.uleb128 0x3a
 512 008a 0B       		.uleb128 0xb
 513 008b 3B       		.uleb128 0x3b
 514 008c 0B       		.uleb128 0xb
 515 008d 11       		.uleb128 0x11
 516 008e 01       		.uleb128 0x1
 517 008f 12       		.uleb128 0x12
 518 0090 06       		.uleb128 0x6
 519 0091 40       		.uleb128 0x40
 520 0092 18       		.uleb128 0x18
 521 0093 9742     		.uleb128 0x2117
 522 0095 19       		.uleb128 0x19
 523 0096 00       		.byte	0
 524 0097 00       		.byte	0
 525 0098 0C       		.uleb128 0xc
 526 0099 34       		.uleb128 0x34
 527 009a 00       		.byte	0
 528 009b 03       		.uleb128 0x3
 529 009c 0E       		.uleb128 0xe
 530 009d 3A       		.uleb128 0x3a
 531 009e 0B       		.uleb128 0xb
 532 009f 3B       		.uleb128 0x3b
 533 00a0 05       		.uleb128 0x5
 534 00a1 49       		.uleb128 0x49
 535 00a2 13       		.uleb128 0x13
 536 00a3 3F       		.uleb128 0x3f
 537 00a4 19       		.uleb128 0x19
 538 00a5 3C       		.uleb128 0x3c
 539 00a6 19       		.uleb128 0x19
 540 00a7 00       		.byte	0
 541 00a8 00       		.byte	0
 542 00a9 0D       		.uleb128 0xd
 543 00aa 35       		.uleb128 0x35
 544 00ab 00       		.byte	0
 545 00ac 49       		.uleb128 0x49
 546 00ad 13       		.uleb128 0x13
 547 00ae 00       		.byte	0
 548 00af 00       		.byte	0
 549 00b0 0E       		.uleb128 0xe
 550 00b1 34       		.uleb128 0x34
 551 00b2 00       		.byte	0
 552 00b3 03       		.uleb128 0x3
 553 00b4 0E       		.uleb128 0xe
ARM GAS  C:\Users\pxc\AppData\Local\Temp\cckFVtnG.s 			page 11


 554 00b5 3A       		.uleb128 0x3a
 555 00b6 0B       		.uleb128 0xb
 556 00b7 3B       		.uleb128 0x3b
 557 00b8 0B       		.uleb128 0xb
 558 00b9 49       		.uleb128 0x49
 559 00ba 13       		.uleb128 0x13
 560 00bb 3F       		.uleb128 0x3f
 561 00bc 19       		.uleb128 0x19
 562 00bd 02       		.uleb128 0x2
 563 00be 18       		.uleb128 0x18
 564 00bf 00       		.byte	0
 565 00c0 00       		.byte	0
 566 00c1 00       		.byte	0
 567              		.section	.debug_aranges,"",%progbits
 568 0000 1C000000 		.4byte	0x1c
 569 0004 0200     		.2byte	0x2
 570 0006 00000000 		.4byte	.Ldebug_info0
 571 000a 04       		.byte	0x4
 572 000b 00       		.byte	0
 573 000c 0000     		.2byte	0
 574 000e 0000     		.2byte	0
 575 0010 00000000 		.4byte	.LFB63
 576 0014 0C000000 		.4byte	.LFE63-.LFB63
 577 0018 00000000 		.4byte	0
 578 001c 00000000 		.4byte	0
 579              		.section	.debug_ranges,"",%progbits
 580              	.Ldebug_ranges0:
 581 0000 00000000 		.4byte	.LFB63
 582 0004 0C000000 		.4byte	.LFE63
 583 0008 00000000 		.4byte	0
 584 000c 00000000 		.4byte	0
 585              		.section	.debug_line,"",%progbits
 586              	.Ldebug_line0:
 587 0000 69010000 		.section	.debug_str,"MS",%progbits,1
 587      02005301 
 587      00000201 
 587      FB0E0D00 
 587      01010101 
 588              	.LASF38:
 589 0000 7365745F 		.ascii	"set_pull\000"
 589      70756C6C 
 589      00
 590              	.LASF45:
 591 0009 70756C6C 		.ascii	"pull_dir\000"
 591      5F646972 
 591      00
 592              	.LASF42:
 593 0012 68656172 		.ascii	"hearting\000"
 593      74696E67 
 593      00
 594              	.LASF18:
 595 001b 4C454654 		.ascii	"LEFT\000"
 595      00
 596              	.LASF9:
 597 0020 5F5F696E 		.ascii	"__int32_t\000"
 597      7433325F 
 597      7400
ARM GAS  C:\Users\pxc\AppData\Local\Temp\cckFVtnG.s 			page 12


 598              	.LASF37:
 599 002a 72696768 		.ascii	"right_behind_wheel\000"
 599      745F6265 
 599      68696E64 
 599      5F776865 
 599      656C00
 600              	.LASF40:
 601 003d 636F6E74 		.ascii	"control_flag\000"
 601      726F6C5F 
 601      666C6167 
 601      00
 602              	.LASF14:
 603 004a 646F7562 		.ascii	"double\000"
 603      6C6500
 604              	.LASF43:
 605 0051 70756C6C 		.ascii	"pull_max\000"
 605      5F6D6178 
 605      00
 606              	.LASF27:
 607 005a 464F5257 		.ascii	"FORWARD\000"
 607      41524400 
 608              	.LASF10:
 609 0062 696E7433 		.ascii	"int32_t\000"
 609      325F7400 
 610              	.LASF35:
 611 006a 6C656674 		.ascii	"left_behind_wheel\000"
 611      5F626568 
 611      696E645F 
 611      77686565 
 611      6C00
 612              	.LASF13:
 613 007c 666C6F61 		.ascii	"float\000"
 613      7400
 614              	.LASF0:
 615 0082 7369676E 		.ascii	"signed char\000"
 615      65642063 
 615      68617200 
 616              	.LASF44:
 617 008e 70756C6C 		.ascii	"pull_min\000"
 617      5F6D696E 
 617      00
 618              	.LASF26:
 619 0097 57484545 		.ascii	"WHEEL_DIR\000"
 619      4C5F4449 
 619      5200
 620              	.LASF1:
 621 00a1 756E7369 		.ascii	"unsigned char\000"
 621      676E6564 
 621      20636861 
 621      7200
 622              	.LASF28:
 623 00af 52455645 		.ascii	"REVERSAL\000"
 623      5253414C 
 623      00
 624              	.LASF19:
 625 00b8 52494748 		.ascii	"RIGHT\000"
 625      5400
ARM GAS  C:\Users\pxc\AppData\Local\Temp\cckFVtnG.s 			page 13


 626              	.LASF55:
 627 00be 57697265 		.ascii	"WireReel_init\000"
 627      5265656C 
 627      5F696E69 
 627      7400
 628              	.LASF33:
 629 00cc 7365745F 		.ascii	"set_car_speed\000"
 629      6361725F 
 629      73706565 
 629      6400
 630              	.LASF30:
 631 00da 535F5748 		.ascii	"S_WHEEL\000"
 631      45454C00 
 632              	.LASF3:
 633 00e2 73686F72 		.ascii	"short unsigned int\000"
 633      7420756E 
 633      7369676E 
 633      65642069 
 633      6E7400
 634              	.LASF21:
 635 00f5 55505F52 		.ascii	"UP_RIGHT\000"
 635      49474854 
 635      00
 636              	.LASF22:
 637 00fe 444F574E 		.ascii	"DOWN_LEFT\000"
 637      5F4C4546 
 637      5400
 638              	.LASF41:
 639 0108 636F6E74 		.ascii	"control_speed\000"
 639      726F6C5F 
 639      73706565 
 639      6400
 640              	.LASF46:
 641 0116 535F4341 		.ascii	"S_CAR\000"
 641      5200
 642              	.LASF50:
 643 011c 675F4361 		.ascii	"g_Car\000"
 643      7200
 644              	.LASF24:
 645 0122 53544F50 		.ascii	"STOP\000"
 645      00
 646              	.LASF12:
 647 0127 75696E74 		.ascii	"uint16\000"
 647      313600
 648              	.LASF49:
 649 012e 49544D5F 		.ascii	"ITM_RxBuffer\000"
 649      52784275 
 649      66666572 
 649      00
 650              	.LASF52:
 651 013b 474E5520 		.ascii	"GNU C 4.9.3 20150303 (release) [ARM/embedded-4_9-br"
 651      4320342E 
 651      392E3320 
 651      32303135 
 651      30333033 
 652 016e 616E6368 		.ascii	"anch revision 221220] -mcpu=cortex-m3 -mthumb -g -O"
 652      20726576 
ARM GAS  C:\Users\pxc\AppData\Local\Temp\cckFVtnG.s 			page 14


 652      6973696F 
 652      6E203232 
 652      31323230 
 653 01a1 67202D66 		.ascii	"g -ffunction-sections -ffat-lto-objects\000"
 653      66756E63 
 653      74696F6E 
 653      2D736563 
 653      74696F6E 
 654              	.LASF5:
 655 01c9 6C6F6E67 		.ascii	"long unsigned int\000"
 655      20756E73 
 655      69676E65 
 655      6420696E 
 655      7400
 656              	.LASF8:
 657 01db 756E7369 		.ascii	"unsigned int\000"
 657      676E6564 
 657      20696E74 
 657      00
 658              	.LASF7:
 659 01e8 6C6F6E67 		.ascii	"long long unsigned int\000"
 659      206C6F6E 
 659      6720756E 
 659      7369676E 
 659      65642069 
 660              	.LASF39:
 661 01ff 636F6E74 		.ascii	"control_dir\000"
 661      726F6C5F 
 661      64697200 
 662              	.LASF32:
 663 020b 7365745F 		.ascii	"set_dir\000"
 663      64697200 
 664              	.LASF34:
 665 0213 6C656674 		.ascii	"left_front_wheel\000"
 665      5F66726F 
 665      6E745F77 
 665      6865656C 
 665      00
 666              	.LASF29:
 667 0224 57484545 		.ascii	"WHEEL_STOP\000"
 667      4C5F5354 
 667      4F5000
 668              	.LASF53:
 669 022f 2E5C6361 		.ascii	".\\car.c\000"
 669      722E6300 
 670              	.LASF16:
 671 0237 73697A65 		.ascii	"sizetype\000"
 671      74797065 
 671      00
 672              	.LASF25:
 673 0240 4341525F 		.ascii	"CAR_DIR\000"
 673      44495200 
 674              	.LASF6:
 675 0248 6C6F6E67 		.ascii	"long long int\000"
 675      206C6F6E 
 675      6720696E 
 675      7400
ARM GAS  C:\Users\pxc\AppData\Local\Temp\cckFVtnG.s 			page 15


 676              	.LASF54:
 677 0256 443A5C72 		.ascii	"D:\\robot\\git_code\\robot_raoxianpan_C\\raoxianpan"
 677      6F626F74 
 677      5C676974 
 677      5F636F64 
 677      655C726F 
 678 0285 2E637964 		.ascii	".cydsn\000"
 678      736E00
 679              	.LASF15:
 680 028c 63686172 		.ascii	"char\000"
 680      00
 681              	.LASF31:
 682 0291 4361725F 		.ascii	"Car_lock\000"
 682      6C6F636B 
 682      00
 683              	.LASF17:
 684 029a 444F574E 		.ascii	"DOWN\000"
 684      00
 685              	.LASF2:
 686 029f 73686F72 		.ascii	"short int\000"
 686      7420696E 
 686      7400
 687              	.LASF11:
 688 02a9 75696E74 		.ascii	"uint8\000"
 688      3800
 689              	.LASF48:
 690 02af 535F5749 		.ascii	"S_WIREREEL\000"
 690      52455245 
 690      454C00
 691              	.LASF47:
 692 02ba 72756E5F 		.ascii	"run_state\000"
 692      73746174 
 692      6500
 693              	.LASF4:
 694 02c4 6C6F6E67 		.ascii	"long int\000"
 694      20696E74 
 694      00
 695              	.LASF20:
 696 02cd 55505F4C 		.ascii	"UP_LEFT\000"
 696      45465400 
 697              	.LASF36:
 698 02d5 72696768 		.ascii	"right_front_wheel\000"
 698      745F6672 
 698      6F6E745F 
 698      77686565 
 698      6C00
 699              	.LASF23:
 700 02e7 444F574E 		.ascii	"DOWN_RIGHT\000"
 700      5F524947 
 700      485400
 701              	.LASF51:
 702 02f2 675F5769 		.ascii	"g_WireReel\000"
 702      72655265 
 702      656C00
 703              		.ident	"GCC: (GNU Tools for ARM Embedded Processors) 4.9.3 20150303 (release) [ARM/embedded-4_9-br
