ARM GAS  C:\Users\li\AppData\Local\Temp\ccmGAgfw.s 			page 1


   1              		.syntax unified
   2              		.cpu cortex-m3
   3              		.fpu softvfp
   4              		.eabi_attribute 20, 1
   5              		.eabi_attribute 21, 1
   6              		.eabi_attribute 23, 3
   7              		.eabi_attribute 24, 1
   8              		.eabi_attribute 25, 1
   9              		.eabi_attribute 26, 1
  10              		.eabi_attribute 30, 1
  11              		.eabi_attribute 34, 1
  12              		.eabi_attribute 18, 4
  13              		.thumb
  14              		.file	"cymetadata.c"
  15              		.text
  16              	.Ltext0:
  17              		.cfi_sections	.debug_frame
  18              		.global	cy_metadata
  19              		.global	cy_meta_flashprotect
  20              		.global	cy_meta_wonvl
  21              		.global	cy_meta_custnvl
  22              		.global	cy_meta_configecc
  23              		.section	.cyconfigecc,"a",%progbits
  24              		.align	2
  25              		.type	cy_meta_configecc, %object
  26              		.size	cy_meta_configecc, 1544
  27              	cy_meta_configecc:
  28 0000 02       		.byte	2
  29 0001 4F       		.byte	79
  30 0002 00       		.byte	0
  31 0003 40       		.byte	64
  32 0004 02       		.byte	2
  33 0005 52       		.byte	82
  34 0006 00       		.byte	0
  35 0007 40       		.byte	64
  36 0008 01       		.byte	1
  37 0009 5B       		.byte	91
  38 000a 00       		.byte	0
  39 000b 40       		.byte	64
  40 000c 03       		.byte	3
  41 000d 64       		.byte	100
  42 000e 00       		.byte	0
  43 000f 40       		.byte	64
  44 0010 02       		.byte	2
  45 0011 65       		.byte	101
  46 0012 00       		.byte	0
  47 0013 40       		.byte	64
  48 0014 48       		.byte	72
  49 0015 02       		.byte	2
  50 0016 01       		.byte	1
  51 0017 40       		.byte	64
  52 0018 21       		.byte	33
  53 0019 03       		.byte	3
  54 001a 01       		.byte	1
  55 001b 40       		.byte	64
  56 001c 4A       		.byte	74
  57 001d 04       		.byte	4
ARM GAS  C:\Users\li\AppData\Local\Temp\ccmGAgfw.s 			page 2


  58 001e 01       		.byte	1
  59 001f 40       		.byte	64
  60 0020 2A       		.byte	42
  61 0021 05       		.byte	5
  62 0022 01       		.byte	1
  63 0023 40       		.byte	64
  64 0024 5E       		.byte	94
  65 0025 06       		.byte	6
  66 0026 01       		.byte	1
  67 0027 40       		.byte	64
  68 0028 35       		.byte	53
  69 0029 07       		.byte	7
  70 002a 01       		.byte	1
  71 002b 40       		.byte	64
  72 002c 01       		.byte	1
  73 002d 09       		.byte	9
  74 002e 01       		.byte	1
  75 002f 40       		.byte	64
  76 0030 0E       		.byte	14
  77 0031 14       		.byte	20
  78 0032 01       		.byte	1
  79 0033 40       		.byte	64
  80 0034 45       		.byte	69
  81 0035 15       		.byte	21
  82 0036 01       		.byte	1
  83 0037 40       		.byte	64
  84 0038 38       		.byte	56
  85 0039 16       		.byte	22
  86 003a 01       		.byte	1
  87 003b 40       		.byte	64
  88 003c 2F       		.byte	47
  89 003d 17       		.byte	23
  90 003e 01       		.byte	1
  91 003f 40       		.byte	64
  92 0040 04       		.byte	4
  93 0041 1A       		.byte	26
  94 0042 01       		.byte	1
  95 0043 40       		.byte	64
  96 0044 03       		.byte	3
  97 0045 1B       		.byte	27
  98 0046 01       		.byte	1
  99 0047 40       		.byte	64
 100 0048 05       		.byte	5
 101 0049 40       		.byte	64
 102 004a 01       		.byte	1
 103 004b 40       		.byte	64
 104 004c 0A       		.byte	10
 105 004d 41       		.byte	65
 106 004e 01       		.byte	1
 107 004f 40       		.byte	64
 108 0050 0A       		.byte	10
 109 0051 42       		.byte	66
 110 0052 01       		.byte	1
 111 0053 40       		.byte	64
 112 0054 04       		.byte	4
 113 0055 43       		.byte	67
 114 0056 01       		.byte	1
ARM GAS  C:\Users\li\AppData\Local\Temp\ccmGAgfw.s 			page 3


 115 0057 40       		.byte	64
 116 0058 02       		.byte	2
 117 0059 46       		.byte	70
 118 005a 01       		.byte	1
 119 005b 40       		.byte	64
 120 005c 03       		.byte	3
 121 005d 47       		.byte	71
 122 005e 01       		.byte	1
 123 005f 40       		.byte	64
 124 0060 05       		.byte	5
 125 0061 48       		.byte	72
 126 0062 01       		.byte	1
 127 0063 40       		.byte	64
 128 0064 0C       		.byte	12
 129 0065 49       		.byte	73
 130 0066 01       		.byte	1
 131 0067 40       		.byte	64
 132 0068 01       		.byte	1
 133 0069 4C       		.byte	76
 134 006a 01       		.byte	1
 135 006b 40       		.byte	64
 136 006c 02       		.byte	2
 137 006d 4D       		.byte	77
 138 006e 01       		.byte	1
 139 006f 40       		.byte	64
 140 0070 05       		.byte	5
 141 0071 50       		.byte	80
 142 0072 01       		.byte	1
 143 0073 40       		.byte	64
 144 0074 01       		.byte	1
 145 0075 51       		.byte	81
 146 0076 01       		.byte	1
 147 0077 40       		.byte	64
 148 0078 01       		.byte	1
 149 0079 80       		.byte	-128
 150 007a 0A       		.byte	10
 151 007b 36       		.byte	54
 152 007c 01       		.byte	1
 153 007d 20       		.byte	32
 154 007e 1C       		.byte	28
 155 007f 08       		.byte	8
 156 0080 27       		.byte	39
 157 0081 84       		.byte	-124
 158 0082 83       		.byte	-125
 159 0083 0F       		.byte	15
 160 0084 85       		.byte	-123
 161 0085 0F       		.byte	15
 162 0086 87       		.byte	-121
 163 0087 0F       		.byte	15
 164 0088 84       		.byte	-124
 165 0089 38       		.byte	56
 166 008a 87       		.byte	-121
 167 008b 72       		.byte	114
 168 008c 0E       		.byte	14
 169 008d 01       		.byte	1
 170 008e 16       		.byte	22
 171 008f 01       		.byte	1
ARM GAS  C:\Users\li\AppData\Local\Temp\ccmGAgfw.s 			page 4


 172 0090 2B       		.byte	43
 173 0091 01       		.byte	1
 174 0092 2F       		.byte	47
 175 0093 01       		.byte	1
 176 0094 33       		.byte	51
 177 0095 01       		.byte	1
 178 0096 34       		.byte	52
 179 0097 01       		.byte	1
 180 0098 40       		.byte	64
 181 0099 60       		.byte	96
 182 009a 41       		.byte	65
 183 009b 02       		.byte	2
 184 009c 49       		.byte	73
 185 009d FF       		.byte	-1
 186 009e 4A       		.byte	74
 187 009f FF       		.byte	-1
 188 00a0 4B       		.byte	75
 189 00a1 FF       		.byte	-1
 190 00a2 4D       		.byte	77
 191 00a3 A0       		.byte	-96
 192 00a4 4F       		.byte	79
 193 00a5 04       		.byte	4
 194 00a6 50       		.byte	80
 195 00a7 18       		.byte	24
 196 00a8 58       		.byte	88
 197 00a9 04       		.byte	4
 198 00aa 59       		.byte	89
 199 00ab 04       		.byte	4
 200 00ac 5A       		.byte	90
 201 00ad 04       		.byte	4
 202 00ae 5C       		.byte	92
 203 00af 11       		.byte	17
 204 00b0 5D       		.byte	93
 205 00b1 01       		.byte	1
 206 00b2 5F       		.byte	95
 207 00b3 01       		.byte	1
 208 00b4 60       		.byte	96
 209 00b5 40       		.byte	64
 210 00b6 62       		.byte	98
 211 00b7 C0       		.byte	-64
 212 00b8 64       		.byte	100
 213 00b9 40       		.byte	64
 214 00ba 65       		.byte	101
 215 00bb 40       		.byte	64
 216 00bc 66       		.byte	102
 217 00bd C0       		.byte	-64
 218 00be 68       		.byte	104
 219 00bf C0       		.byte	-64
 220 00c0 6A       		.byte	106
 221 00c1 C0       		.byte	-64
 222 00c2 6C       		.byte	108
 223 00c3 C0       		.byte	-64
 224 00c4 6E       		.byte	110
 225 00c5 C0       		.byte	-64
 226 00c6 82       		.byte	-126
 227 00c7 08       		.byte	8
 228 00c8 88       		.byte	-120
ARM GAS  C:\Users\li\AppData\Local\Temp\ccmGAgfw.s 			page 5


 229 00c9 02       		.byte	2
 230 00ca 9B       		.byte	-101
 231 00cb 01       		.byte	1
 232 00cc A2       		.byte	-94
 233 00cd 03       		.byte	3
 234 00ce A6       		.byte	-90
 235 00cf 04       		.byte	4
 236 00d0 AA       		.byte	-86
 237 00d1 08       		.byte	8
 238 00d2 AD       		.byte	-83
 239 00d3 01       		.byte	1
 240 00d4 B0       		.byte	-80
 241 00d5 08       		.byte	8
 242 00d6 B2       		.byte	-78
 243 00d7 01       		.byte	1
 244 00d8 B4       		.byte	-76
 245 00d9 02       		.byte	2
 246 00da B6       		.byte	-74
 247 00db 04       		.byte	4
 248 00dc B7       		.byte	-73
 249 00dd 01       		.byte	1
 250 00de BE       		.byte	-66
 251 00df 01       		.byte	1
 252 00e0 C0       		.byte	-64
 253 00e1 10       		.byte	16
 254 00e2 C1       		.byte	-63
 255 00e3 06       		.byte	6
 256 00e4 C5       		.byte	-59
 257 00e5 D1       		.byte	-47
 258 00e6 C6       		.byte	-58
 259 00e7 05       		.byte	5
 260 00e8 C7       		.byte	-57
 261 00e9 02       		.byte	2
 262 00ea C8       		.byte	-56
 263 00eb 17       		.byte	23
 264 00ec C9       		.byte	-55
 265 00ed FF       		.byte	-1
 266 00ee CA       		.byte	-54
 267 00ef FF       		.byte	-1
 268 00f0 CB       		.byte	-53
 269 00f1 FF       		.byte	-1
 270 00f2 CD       		.byte	-51
 271 00f3 AF       		.byte	-81
 272 00f4 CE       		.byte	-50
 273 00f5 0F       		.byte	15
 274 00f6 CF       		.byte	-49
 275 00f7 04       		.byte	4
 276 00f8 D0       		.byte	-48
 277 00f9 18       		.byte	24
 278 00fa D4       		.byte	-44
 279 00fb 07       		.byte	7
 280 00fc D8       		.byte	-40
 281 00fd 04       		.byte	4
 282 00fe D9       		.byte	-39
 283 00ff 04       		.byte	4
 284 0100 DA       		.byte	-38
 285 0101 04       		.byte	4
ARM GAS  C:\Users\li\AppData\Local\Temp\ccmGAgfw.s 			page 6


 286 0102 DB       		.byte	-37
 287 0103 04       		.byte	4
 288 0104 DC       		.byte	-36
 289 0105 11       		.byte	17
 290 0106 DD       		.byte	-35
 291 0107 11       		.byte	17
 292 0108 DF       		.byte	-33
 293 0109 01       		.byte	1
 294 010a E0       		.byte	-32
 295 010b 40       		.byte	64
 296 010c E2       		.byte	-30
 297 010d C0       		.byte	-64
 298 010e E4       		.byte	-28
 299 010f 40       		.byte	64
 300 0110 E5       		.byte	-27
 301 0111 40       		.byte	64
 302 0112 E6       		.byte	-26
 303 0113 C0       		.byte	-64
 304 0114 E8       		.byte	-24
 305 0115 C0       		.byte	-64
 306 0116 EA       		.byte	-22
 307 0117 C0       		.byte	-64
 308 0118 EC       		.byte	-20
 309 0119 C0       		.byte	-64
 310 011a EE       		.byte	-18
 311 011b C0       		.byte	-64
 312 011c 00       		.byte	0
 313 011d 11       		.byte	17
 314 011e 06       		.byte	6
 315 011f 02       		.byte	2
 316 0120 0D       		.byte	13
 317 0121 08       		.byte	8
 318 0122 10       		.byte	16
 319 0123 A0       		.byte	-96
 320 0124 12       		.byte	18
 321 0125 04       		.byte	4
 322 0126 18       		.byte	24
 323 0127 50       		.byte	80
 324 0128 19       		.byte	25
 325 0129 60       		.byte	96
 326 012a 1F       		.byte	31
 327 012b 20       		.byte	32
 328 012c 22       		.byte	34
 329 012d 40       		.byte	64
 330 012e 27       		.byte	39
 331 012f 20       		.byte	32
 332 0130 29       		.byte	41
 333 0131 40       		.byte	64
 334 0132 2C       		.byte	44
 335 0133 08       		.byte	8
 336 0134 2D       		.byte	45
 337 0135 80       		.byte	-128
 338 0136 30       		.byte	48
 339 0137 20       		.byte	32
 340 0138 40       		.byte	64
 341 0139 01       		.byte	1
 342 013a 46       		.byte	70
ARM GAS  C:\Users\li\AppData\Local\Temp\ccmGAgfw.s 			page 7


 343 013b 04       		.byte	4
 344 013c 48       		.byte	72
 345 013d 28       		.byte	40
 346 013e 49       		.byte	73
 347 013f 01       		.byte	1
 348 0140 4F       		.byte	79
 349 0141 20       		.byte	32
 350 0142 50       		.byte	80
 351 0143 88       		.byte	-120
 352 0144 52       		.byte	82
 353 0145 04       		.byte	4
 354 0146 58       		.byte	88
 355 0147 08       		.byte	8
 356 0148 59       		.byte	89
 357 0149 21       		.byte	33
 358 014a 5A       		.byte	90
 359 014b 80       		.byte	-128
 360 014c 87       		.byte	-121
 361 014d 20       		.byte	32
 362 014e C0       		.byte	-64
 363 014f 8A       		.byte	-118
 364 0150 C2       		.byte	-62
 365 0151 20       		.byte	32
 366 0152 C4       		.byte	-60
 367 0153 0E       		.byte	14
 368 0154 CA       		.byte	-54
 369 0155 38       		.byte	56
 370 0156 CC       		.byte	-52
 371 0157 04       		.byte	4
 372 0158 D0       		.byte	-48
 373 0159 28       		.byte	40
 374 015a D2       		.byte	-46
 375 015b 24       		.byte	36
 376 015c D6       		.byte	-42
 377 015d 0F       		.byte	15
 378 015e 2E       		.byte	46
 379 015f 01       		.byte	1
 380 0160 34       		.byte	52
 381 0161 01       		.byte	1
 382 0162 36       		.byte	54
 383 0163 01       		.byte	1
 384 0164 40       		.byte	64
 385 0165 30       		.byte	48
 386 0166 41       		.byte	65
 387 0167 02       		.byte	2
 388 0168 49       		.byte	73
 389 0169 FF       		.byte	-1
 390 016a 4A       		.byte	74
 391 016b FF       		.byte	-1
 392 016c 4B       		.byte	75
 393 016d FF       		.byte	-1
 394 016e 4D       		.byte	77
 395 016f A0       		.byte	-96
 396 0170 4F       		.byte	79
 397 0171 04       		.byte	4
 398 0172 50       		.byte	80
 399 0173 18       		.byte	24
ARM GAS  C:\Users\li\AppData\Local\Temp\ccmGAgfw.s 			page 8


 400 0174 52       		.byte	82
 401 0175 80       		.byte	-128
 402 0176 58       		.byte	88
 403 0177 04       		.byte	4
 404 0178 5A       		.byte	90
 405 0179 04       		.byte	4
 406 017a 5B       		.byte	91
 407 017b 04       		.byte	4
 408 017c 5C       		.byte	92
 409 017d 01       		.byte	1
 410 017e 5D       		.byte	93
 411 017f 11       		.byte	17
 412 0180 5F       		.byte	95
 413 0181 01       		.byte	1
 414 0182 60       		.byte	96
 415 0183 40       		.byte	64
 416 0184 62       		.byte	98
 417 0185 C0       		.byte	-64
 418 0186 64       		.byte	100
 419 0187 40       		.byte	64
 420 0188 65       		.byte	101
 421 0189 40       		.byte	64
 422 018a 66       		.byte	102
 423 018b C0       		.byte	-64
 424 018c 68       		.byte	104
 425 018d C0       		.byte	-64
 426 018e 6A       		.byte	106
 427 018f C0       		.byte	-64
 428 0190 6C       		.byte	108
 429 0191 C0       		.byte	-64
 430 0192 6E       		.byte	110
 431 0193 C0       		.byte	-64
 432 0194 83       		.byte	-125
 433 0195 01       		.byte	1
 434 0196 86       		.byte	-122
 435 0197 02       		.byte	2
 436 0198 87       		.byte	-121
 437 0199 02       		.byte	2
 438 019a 8A       		.byte	-118
 439 019b 02       		.byte	2
 440 019c 8E       		.byte	-114
 441 019d 08       		.byte	8
 442 019e 9D       		.byte	-99
 443 019f 02       		.byte	2
 444 01a0 AA       		.byte	-86
 445 01a1 04       		.byte	4
 446 01a2 AD       		.byte	-83
 447 01a3 01       		.byte	1
 448 01a4 AE       		.byte	-82
 449 01a5 01       		.byte	1
 450 01a6 B0       		.byte	-80
 451 01a7 08       		.byte	8
 452 01a8 B2       		.byte	-78
 453 01a9 01       		.byte	1
 454 01aa B3       		.byte	-77
 455 01ab 02       		.byte	2
 456 01ac B4       		.byte	-76
ARM GAS  C:\Users\li\AppData\Local\Temp\ccmGAgfw.s 			page 9


 457 01ad 02       		.byte	2
 458 01ae B6       		.byte	-74
 459 01af 04       		.byte	4
 460 01b0 B7       		.byte	-73
 461 01b1 01       		.byte	1
 462 01b2 BE       		.byte	-66
 463 01b3 10       		.byte	16
 464 01b4 C0       		.byte	-64
 465 01b5 30       		.byte	48
 466 01b6 C1       		.byte	-63
 467 01b7 02       		.byte	2
 468 01b8 C5       		.byte	-59
 469 01b9 D0       		.byte	-48
 470 01ba C6       		.byte	-58
 471 01bb 20       		.byte	32
 472 01bc C7       		.byte	-57
 473 01bd 15       		.byte	21
 474 01be C8       		.byte	-56
 475 01bf 3A       		.byte	58
 476 01c0 C9       		.byte	-55
 477 01c1 FF       		.byte	-1
 478 01c2 CA       		.byte	-54
 479 01c3 FF       		.byte	-1
 480 01c4 CB       		.byte	-53
 481 01c5 FF       		.byte	-1
 482 01c6 CD       		.byte	-51
 483 01c7 AF       		.byte	-81
 484 01c8 CE       		.byte	-50
 485 01c9 0F       		.byte	15
 486 01ca CF       		.byte	-49
 487 01cb 04       		.byte	4
 488 01cc D0       		.byte	-48
 489 01cd 18       		.byte	24
 490 01ce D2       		.byte	-46
 491 01cf 80       		.byte	-128
 492 01d0 D4       		.byte	-44
 493 01d1 07       		.byte	7
 494 01d2 D8       		.byte	-40
 495 01d3 04       		.byte	4
 496 01d4 D9       		.byte	-39
 497 01d5 04       		.byte	4
 498 01d6 DA       		.byte	-38
 499 01d7 04       		.byte	4
 500 01d8 DB       		.byte	-37
 501 01d9 04       		.byte	4
 502 01da DC       		.byte	-36
 503 01db 11       		.byte	17
 504 01dc DD       		.byte	-35
 505 01dd 11       		.byte	17
 506 01de DF       		.byte	-33
 507 01df 01       		.byte	1
 508 01e0 E0       		.byte	-32
 509 01e1 40       		.byte	64
 510 01e2 E2       		.byte	-30
 511 01e3 C0       		.byte	-64
 512 01e4 E4       		.byte	-28
 513 01e5 40       		.byte	64
ARM GAS  C:\Users\li\AppData\Local\Temp\ccmGAgfw.s 			page 10


 514 01e6 E5       		.byte	-27
 515 01e7 40       		.byte	64
 516 01e8 E6       		.byte	-26
 517 01e9 C0       		.byte	-64
 518 01ea E8       		.byte	-24
 519 01eb C0       		.byte	-64
 520 01ec EA       		.byte	-22
 521 01ed C0       		.byte	-64
 522 01ee EC       		.byte	-20
 523 01ef C0       		.byte	-64
 524 01f0 EE       		.byte	-18
 525 01f1 C0       		.byte	-64
 526 01f2 04       		.byte	4
 527 01f3 10       		.byte	16
 528 01f4 06       		.byte	6
 529 01f5 12       		.byte	18
 530 01f6 10       		.byte	16
 531 01f7 02       		.byte	2
 532 01f8 16       		.byte	22
 533 01f9 04       		.byte	4
 534 01fa 17       		.byte	23
 535 01fb 40       		.byte	64
 536 01fc 18       		.byte	24
 537 01fd 01       		.byte	1
 538 01fe 19       		.byte	25
 539 01ff 80       		.byte	-128
 540 0200 1B       		.byte	27
 541 0201 10       		.byte	16
 542 0202 1C       		.byte	28
 543 0203 10       		.byte	16
 544 0204 1D       		.byte	29
 545 0205 48       		.byte	72
 546 0206 1E       		.byte	30
 547 0207 08       		.byte	8
 548 0208 1F       		.byte	31
 549 0209 02       		.byte	2
 550 020a 26       		.byte	38
 551 020b 40       		.byte	64
 552 020c 27       		.byte	39
 553 020d 20       		.byte	32
 554 020e 2F       		.byte	47
 555 020f 02       		.byte	2
 556 0210 35       		.byte	53
 557 0211 40       		.byte	64
 558 0212 3E       		.byte	62
 559 0213 0A       		.byte	10
 560 0214 40       		.byte	64
 561 0215 10       		.byte	16
 562 0216 41       		.byte	65
 563 0217 20       		.byte	32
 564 0218 45       		.byte	69
 565 0219 28       		.byte	40
 566 021a 4F       		.byte	79
 567 021b 01       		.byte	1
 568 021c 55       		.byte	85
 569 021d 20       		.byte	32
 570 021e 56       		.byte	86
ARM GAS  C:\Users\li\AppData\Local\Temp\ccmGAgfw.s 			page 11


 571 021f 1E       		.byte	30
 572 0220 5E       		.byte	94
 573 0221 88       		.byte	-120
 574 0222 5F       		.byte	95
 575 0223 21       		.byte	33
 576 0224 70       		.byte	112
 577 0225 02       		.byte	2
 578 0226 77       		.byte	119
 579 0227 40       		.byte	64
 580 0228 80       		.byte	-128
 581 0229 40       		.byte	64
 582 022a 94       		.byte	-108
 583 022b 01       		.byte	1
 584 022c 9D       		.byte	-99
 585 022d 80       		.byte	-128
 586 022e 9E       		.byte	-98
 587 022f 02       		.byte	2
 588 0230 A5       		.byte	-91
 589 0231 08       		.byte	8
 590 0232 A7       		.byte	-89
 591 0233 10       		.byte	16
 592 0234 A8       		.byte	-88
 593 0235 48       		.byte	72
 594 0236 AF       		.byte	-81
 595 0237 20       		.byte	32
 596 0238 C0       		.byte	-64
 597 0239 E0       		.byte	-32
 598 023a C4       		.byte	-60
 599 023b C1       		.byte	-63
 600 023c CA       		.byte	-54
 601 023d 10       		.byte	16
 602 023e CC       		.byte	-52
 603 023f 10       		.byte	16
 604 0240 CE       		.byte	-50
 605 0241 C0       		.byte	-64
 606 0242 D0       		.byte	-48
 607 0243 66       		.byte	102
 608 0244 D6       		.byte	-42
 609 0245 F0       		.byte	-16
 610 0246 07       		.byte	7
 611 0247 08       		.byte	8
 612 0248 0B       		.byte	11
 613 0249 13       		.byte	19
 614 024a 0C       		.byte	12
 615 024b 10       		.byte	16
 616 024c 0E       		.byte	14
 617 024d 0C       		.byte	12
 618 024e 11       		.byte	17
 619 024f 6C       		.byte	108
 620 0250 12       		.byte	18
 621 0251 03       		.byte	3
 622 0252 13       		.byte	19
 623 0253 03       		.byte	3
 624 0254 15       		.byte	21
 625 0255 31       		.byte	49
 626 0256 17       		.byte	23
 627 0257 0E       		.byte	14
ARM GAS  C:\Users\li\AppData\Local\Temp\ccmGAgfw.s 			page 12


 628 0258 18       		.byte	24
 629 0259 10       		.byte	16
 630 025a 1B       		.byte	27
 631 025b 4C       		.byte	76
 632 025c 1C       		.byte	28
 633 025d 14       		.byte	20
 634 025e 20       		.byte	32
 635 025f 1C       		.byte	28
 636 0260 22       		.byte	34
 637 0261 02       		.byte	2
 638 0262 24       		.byte	36
 639 0263 0C       		.byte	12
 640 0264 26       		.byte	38
 641 0265 11       		.byte	17
 642 0266 28       		.byte	40
 643 0267 09       		.byte	9
 644 0268 2A       		.byte	42
 645 0269 10       		.byte	16
 646 026a 2D       		.byte	45
 647 026b 31       		.byte	49
 648 026c 2F       		.byte	47
 649 026d 46       		.byte	70
 650 026e 30       		.byte	48
 651 026f 1F       		.byte	31
 652 0270 33       		.byte	51
 653 0271 30       		.byte	48
 654 0272 35       		.byte	53
 655 0273 4A       		.byte	74
 656 0274 37       		.byte	55
 657 0275 0F       		.byte	15
 658 0276 39       		.byte	57
 659 0277 08       		.byte	8
 660 0278 3B       		.byte	59
 661 0279 A0       		.byte	-96
 662 027a 3F       		.byte	63
 663 027b 04       		.byte	4
 664 027c 40       		.byte	64
 665 027d 02       		.byte	2
 666 027e 45       		.byte	69
 667 027f 04       		.byte	4
 668 0280 49       		.byte	73
 669 0281 FF       		.byte	-1
 670 0282 4A       		.byte	74
 671 0283 07       		.byte	7
 672 0284 4B       		.byte	75
 673 0285 FF       		.byte	-1
 674 0286 4C       		.byte	76
 675 0287 40       		.byte	64
 676 0288 4D       		.byte	77
 677 0289 20       		.byte	32
 678 028a 4E       		.byte	78
 679 028b F0       		.byte	-16
 680 028c 4F       		.byte	79
 681 028d 05       		.byte	5
 682 028e 50       		.byte	80
 683 028f 08       		.byte	8
 684 0290 58       		.byte	88
ARM GAS  C:\Users\li\AppData\Local\Temp\ccmGAgfw.s 			page 13


 685 0291 04       		.byte	4
 686 0292 59       		.byte	89
 687 0293 04       		.byte	4
 688 0294 5A       		.byte	90
 689 0295 04       		.byte	4
 690 0296 5C       		.byte	92
 691 0297 22       		.byte	34
 692 0298 5D       		.byte	93
 693 0299 02       		.byte	2
 694 029a 5F       		.byte	95
 695 029b 01       		.byte	1
 696 029c 60       		.byte	96
 697 029d 40       		.byte	64
 698 029e 61       		.byte	97
 699 029f A8       		.byte	-88
 700 02a0 62       		.byte	98
 701 02a1 40       		.byte	64
 702 02a2 63       		.byte	99
 703 02a3 20       		.byte	32
 704 02a4 83       		.byte	-125
 705 02a5 02       		.byte	2
 706 02a6 84       		.byte	-124
 707 02a7 13       		.byte	19
 708 02a8 85       		.byte	-123
 709 02a9 02       		.byte	2
 710 02aa 86       		.byte	-122
 711 02ab 04       		.byte	4
 712 02ac 89       		.byte	-119
 713 02ad 04       		.byte	4
 714 02ae 8C       		.byte	-116
 715 02af 13       		.byte	19
 716 02b0 8E       		.byte	-114
 717 02b1 0C       		.byte	12
 718 02b2 91       		.byte	-111
 719 02b3 02       		.byte	2
 720 02b4 96       		.byte	-106
 721 02b5 08       		.byte	8
 722 02b6 A0       		.byte	-96
 723 02b7 0A       		.byte	10
 724 02b8 A2       		.byte	-94
 725 02b9 14       		.byte	20
 726 02ba A5       		.byte	-91
 727 02bb 01       		.byte	1
 728 02bc A6       		.byte	-90
 729 02bd 15       		.byte	21
 730 02be A8       		.byte	-88
 731 02bf 03       		.byte	3
 732 02c0 AA       		.byte	-86
 733 02c1 14       		.byte	20
 734 02c2 B0       		.byte	-80
 735 02c3 0F       		.byte	15
 736 02c4 B3       		.byte	-77
 737 02c5 01       		.byte	1
 738 02c6 B5       		.byte	-75
 739 02c7 06       		.byte	6
 740 02c8 B6       		.byte	-74
 741 02c9 10       		.byte	16
ARM GAS  C:\Users\li\AppData\Local\Temp\ccmGAgfw.s 			page 14


 742 02ca B9       		.byte	-71
 743 02cb 20       		.byte	32
 744 02cc BA       		.byte	-70
 745 02cd 02       		.byte	2
 746 02ce BE       		.byte	-66
 747 02cf 40       		.byte	64
 748 02d0 BF       		.byte	-65
 749 02d1 04       		.byte	4
 750 02d2 C0       		.byte	-64
 751 02d3 53       		.byte	83
 752 02d4 C1       		.byte	-63
 753 02d5 02       		.byte	2
 754 02d6 C5       		.byte	-59
 755 02d7 0E       		.byte	14
 756 02d8 C6       		.byte	-58
 757 02d9 0B       		.byte	11
 758 02da C7       		.byte	-57
 759 02db 0C       		.byte	12
 760 02dc C8       		.byte	-56
 761 02dd 15       		.byte	21
 762 02de C9       		.byte	-55
 763 02df FF       		.byte	-1
 764 02e0 CA       		.byte	-54
 765 02e1 FF       		.byte	-1
 766 02e2 CB       		.byte	-53
 767 02e3 FF       		.byte	-1
 768 02e4 CE       		.byte	-50
 769 02e5 F0       		.byte	-16
 770 02e6 CF       		.byte	-49
 771 02e7 44       		.byte	68
 772 02e8 D0       		.byte	-48
 773 02e9 0C       		.byte	12
 774 02ea D4       		.byte	-44
 775 02eb 01       		.byte	1
 776 02ec D6       		.byte	-42
 777 02ed 04       		.byte	4
 778 02ee D8       		.byte	-40
 779 02ef 04       		.byte	4
 780 02f0 D9       		.byte	-39
 781 02f1 04       		.byte	4
 782 02f2 DA       		.byte	-38
 783 02f3 04       		.byte	4
 784 02f4 DB       		.byte	-37
 785 02f5 04       		.byte	4
 786 02f6 DC       		.byte	-36
 787 02f7 22       		.byte	34
 788 02f8 DD       		.byte	-35
 789 02f9 22       		.byte	34
 790 02fa DF       		.byte	-33
 791 02fb 01       		.byte	1
 792 02fc E6       		.byte	-26
 793 02fd C0       		.byte	-64
 794 02fe EA       		.byte	-22
 795 02ff 40       		.byte	64
 796 0300 EB       		.byte	-21
 797 0301 02       		.byte	2
 798 0302 00       		.byte	0
ARM GAS  C:\Users\li\AppData\Local\Temp\ccmGAgfw.s 			page 15


 799 0303 04       		.byte	4
 800 0304 03       		.byte	3
 801 0305 02       		.byte	2
 802 0306 05       		.byte	5
 803 0307 80       		.byte	-128
 804 0308 0A       		.byte	10
 805 0309 20       		.byte	32
 806 030a 0C       		.byte	12
 807 030b 80       		.byte	-128
 808 030c 0E       		.byte	14
 809 030d 80       		.byte	-128
 810 030e 0F       		.byte	15
 811 030f 04       		.byte	4
 812 0310 10       		.byte	16
 813 0311 28       		.byte	40
 814 0312 13       		.byte	19
 815 0313 22       		.byte	34
 816 0314 15       		.byte	21
 817 0315 20       		.byte	32
 818 0316 17       		.byte	23
 819 0317 0A       		.byte	10
 820 0318 19       		.byte	25
 821 0319 40       		.byte	64
 822 031a 1B       		.byte	27
 823 031b 02       		.byte	2
 824 031c 1E       		.byte	30
 825 031d 80       		.byte	-128
 826 031e 21       		.byte	33
 827 031f 10       		.byte	16
 828 0320 22       		.byte	34
 829 0321 34       		.byte	52
 830 0322 24       		.byte	36
 831 0323 05       		.byte	5
 832 0324 27       		.byte	39
 833 0325 1B       		.byte	27
 834 0326 29       		.byte	41
 835 0327 04       		.byte	4
 836 0328 2D       		.byte	45
 837 0329 80       		.byte	-128
 838 032a 2F       		.byte	47
 839 032b 02       		.byte	2
 840 032c 33       		.byte	51
 841 032d 02       		.byte	2
 842 032e 36       		.byte	54
 843 032f 20       		.byte	32
 844 0330 37       		.byte	55
 845 0331 09       		.byte	9
 846 0332 38       		.byte	56
 847 0333 05       		.byte	5
 848 0334 3A       		.byte	58
 849 0335 20       		.byte	32
 850 0336 3F       		.byte	63
 851 0337 24       		.byte	36
 852 0338 40       		.byte	64
 853 0339 04       		.byte	4
 854 033a 42       		.byte	66
 855 033b 20       		.byte	32
ARM GAS  C:\Users\li\AppData\Local\Temp\ccmGAgfw.s 			page 16


 856 033c 47       		.byte	71
 857 033d 10       		.byte	16
 858 033e 49       		.byte	73
 859 033f 84       		.byte	-124
 860 0340 4F       		.byte	79
 861 0341 04       		.byte	4
 862 0342 50       		.byte	80
 863 0343 88       		.byte	-120
 864 0344 54       		.byte	84
 865 0345 20       		.byte	32
 866 0346 56       		.byte	86
 867 0347 20       		.byte	32
 868 0348 57       		.byte	87
 869 0349 10       		.byte	16
 870 034a 58       		.byte	88
 871 034b 02       		.byte	2
 872 034c 59       		.byte	89
 873 034d 40       		.byte	64
 874 034e 5A       		.byte	90
 875 034f 08       		.byte	8
 876 0350 5B       		.byte	91
 877 0351 20       		.byte	32
 878 0352 60       		.byte	96
 879 0353 40       		.byte	64
 880 0354 94       		.byte	-108
 881 0355 40       		.byte	64
 882 0356 C0       		.byte	-64
 883 0357 85       		.byte	-123
 884 0358 C2       		.byte	-62
 885 0359 D4       		.byte	-44
 886 035a C4       		.byte	-60
 887 035b 7E       		.byte	126
 888 035c CA       		.byte	-54
 889 035d 12       		.byte	18
 890 035e CC       		.byte	-52
 891 035f E1       		.byte	-31
 892 0360 CE       		.byte	-50
 893 0361 67       		.byte	103
 894 0362 D0       		.byte	-48
 895 0363 26       		.byte	38
 896 0364 D2       		.byte	-46
 897 0365 08       		.byte	8
 898 0366 D6       		.byte	-42
 899 0367 0F       		.byte	15
 900 0368 D8       		.byte	-40
 901 0369 01       		.byte	1
 902 036a EE       		.byte	-18
 903 036b 04       		.byte	4
 904 036c EE       		.byte	-18
 905 036d 04       		.byte	4
 906 036e 96       		.byte	-106
 907 036f 01       		.byte	1
 908 0370 9A       		.byte	-102
 909 0371 01       		.byte	1
 910 0372 9B       		.byte	-101
 911 0373 01       		.byte	1
 912 0374 9D       		.byte	-99
ARM GAS  C:\Users\li\AppData\Local\Temp\ccmGAgfw.s 			page 17


 913 0375 01       		.byte	1
 914 0376 A7       		.byte	-89
 915 0377 01       		.byte	1
 916 0378 AD       		.byte	-83
 917 0379 01       		.byte	1
 918 037a B3       		.byte	-77
 919 037b 01       		.byte	1
 920 037c B4       		.byte	-76
 921 037d 01       		.byte	1
 922 037e B9       		.byte	-71
 923 037f 08       		.byte	8
 924 0380 BE       		.byte	-66
 925 0381 10       		.byte	16
 926 0382 D8       		.byte	-40
 927 0383 04       		.byte	4
 928 0384 D9       		.byte	-39
 929 0385 04       		.byte	4
 930 0386 DC       		.byte	-36
 931 0387 20       		.byte	32
 932 0388 DF       		.byte	-33
 933 0389 01       		.byte	1
 934 038a 01       		.byte	1
 935 038b 90       		.byte	-112
 936 038c 03       		.byte	3
 937 038d 20       		.byte	32
 938 038e 0A       		.byte	10
 939 038f 56       		.byte	86
 940 0390 0D       		.byte	13
 941 0391 08       		.byte	8
 942 0392 0E       		.byte	14
 943 0393 08       		.byte	8
 944 0394 10       		.byte	16
 945 0395 0A       		.byte	10
 946 0396 11       		.byte	17
 947 0397 06       		.byte	6
 948 0398 15       		.byte	21
 949 0399 08       		.byte	8
 950 039a 16       		.byte	22
 951 039b 20       		.byte	32
 952 039c 18       		.byte	24
 953 039d 01       		.byte	1
 954 039e 19       		.byte	25
 955 039f 05       		.byte	5
 956 03a0 1A       		.byte	26
 957 03a1 14       		.byte	20
 958 03a2 1D       		.byte	29
 959 03a3 10       		.byte	16
 960 03a4 21       		.byte	33
 961 03a5 84       		.byte	-124
 962 03a6 22       		.byte	34
 963 03a7 02       		.byte	2
 964 03a8 23       		.byte	35
 965 03a9 20       		.byte	32
 966 03aa 26       		.byte	38
 967 03ab 04       		.byte	4
 968 03ac 28       		.byte	40
 969 03ad 01       		.byte	1
ARM GAS  C:\Users\li\AppData\Local\Temp\ccmGAgfw.s 			page 18


 970 03ae 29       		.byte	41
 971 03af 04       		.byte	4
 972 03b0 2A       		.byte	42
 973 03b1 22       		.byte	34
 974 03b2 2C       		.byte	44
 975 03b3 01       		.byte	1
 976 03b4 2E       		.byte	46
 977 03b5 40       		.byte	64
 978 03b6 2F       		.byte	47
 979 03b7 20       		.byte	32
 980 03b8 30       		.byte	48
 981 03b9 08       		.byte	8
 982 03ba 32       		.byte	50
 983 03bb 02       		.byte	2
 984 03bc 33       		.byte	51
 985 03bd 60       		.byte	96
 986 03be 37       		.byte	55
 987 03bf 60       		.byte	96
 988 03c0 38       		.byte	56
 989 03c1 28       		.byte	40
 990 03c2 39       		.byte	57
 991 03c3 82       		.byte	-126
 992 03c4 3B       		.byte	59
 993 03c5 40       		.byte	64
 994 03c6 40       		.byte	64
 995 03c7 01       		.byte	1
 996 03c8 42       		.byte	66
 997 03c9 50       		.byte	80
 998 03ca 49       		.byte	73
 999 03cb 20       		.byte	32
 1000 03cc 4B       		.byte	75
 1001 03cd 40       		.byte	64
 1002 03ce 51       		.byte	81
 1003 03cf 09       		.byte	9
 1004 03d0 59       		.byte	89
 1005 03d1 01       		.byte	1
 1006 03d2 61       		.byte	97
 1007 03d3 90       		.byte	-112
 1008 03d4 63       		.byte	99
 1009 03d5 80       		.byte	-128
 1010 03d6 80       		.byte	-128
 1011 03d7 48       		.byte	72
 1012 03d8 83       		.byte	-125
 1013 03d9 41       		.byte	65
 1014 03da 87       		.byte	-121
 1015 03db 04       		.byte	4
 1016 03dc 90       		.byte	-112
 1017 03dd 28       		.byte	40
 1018 03de 91       		.byte	-111
 1019 03df 94       		.byte	-108
 1020 03e0 92       		.byte	-110
 1021 03e1 42       		.byte	66
 1022 03e2 93       		.byte	-109
 1023 03e3 08       		.byte	8
 1024 03e4 94       		.byte	-108
 1025 03e5 80       		.byte	-128
 1026 03e6 95       		.byte	-107
ARM GAS  C:\Users\li\AppData\Local\Temp\ccmGAgfw.s 			page 19


 1027 03e7 08       		.byte	8
 1028 03e8 96       		.byte	-106
 1029 03e9 14       		.byte	20
 1030 03ea 97       		.byte	-105
 1031 03eb 01       		.byte	1
 1032 03ec 99       		.byte	-103
 1033 03ed A0       		.byte	-96
 1034 03ee 9A       		.byte	-102
 1035 03ef 02       		.byte	2
 1036 03f0 9B       		.byte	-101
 1037 03f1 40       		.byte	64
 1038 03f2 A0       		.byte	-96
 1039 03f3 02       		.byte	2
 1040 03f4 A1       		.byte	-95
 1041 03f5 01       		.byte	1
 1042 03f6 A3       		.byte	-93
 1043 03f7 20       		.byte	32
 1044 03f8 A9       		.byte	-87
 1045 03f9 21       		.byte	33
 1046 03fa AD       		.byte	-83
 1047 03fb 84       		.byte	-124
 1048 03fc C0       		.byte	-64
 1049 03fd 07       		.byte	7
 1050 03fe C2       		.byte	-62
 1051 03ff 6F       		.byte	111
 1052 0400 C4       		.byte	-60
 1053 0401 0F       		.byte	15
 1054 0402 CA       		.byte	-54
 1055 0403 5F       		.byte	95
 1056 0404 CC       		.byte	-52
 1057 0405 3F       		.byte	63
 1058 0406 CE       		.byte	-50
 1059 0407 0F       		.byte	15
 1060 0408 D0       		.byte	-48
 1061 0409 0B       		.byte	11
 1062 040a D2       		.byte	-46
 1063 040b 0C       		.byte	12
 1064 040c D6       		.byte	-42
 1065 040d 01       		.byte	1
 1066 040e D8       		.byte	-40
 1067 040f 0D       		.byte	13
 1068 0410 E6       		.byte	-26
 1069 0411 02       		.byte	2
 1070 0412 E8       		.byte	-24
 1071 0413 10       		.byte	16
 1072 0414 00       		.byte	0
 1073 0415 02       		.byte	2
 1074 0416 10       		.byte	16
 1075 0417 01       		.byte	1
 1076 0418 14       		.byte	20
 1077 0419 02       		.byte	2
 1078 041a 24       		.byte	36
 1079 041b 02       		.byte	2
 1080 041c 2C       		.byte	44
 1081 041d 02       		.byte	2
 1082 041e 32       		.byte	50
 1083 041f 01       		.byte	1
ARM GAS  C:\Users\li\AppData\Local\Temp\ccmGAgfw.s 			page 20


 1084 0420 34       		.byte	52
 1085 0421 02       		.byte	2
 1086 0422 3B       		.byte	59
 1087 0423 02       		.byte	2
 1088 0424 3E       		.byte	62
 1089 0425 14       		.byte	20
 1090 0426 58       		.byte	88
 1091 0427 04       		.byte	4
 1092 0428 59       		.byte	89
 1093 0429 04       		.byte	4
 1094 042a 5C       		.byte	92
 1095 042b 20       		.byte	32
 1096 042c 5F       		.byte	95
 1097 042d 01       		.byte	1
 1098 042e 80       		.byte	-128
 1099 042f 1F       		.byte	31
 1100 0430 81       		.byte	-127
 1101 0431 10       		.byte	16
 1102 0432 84       		.byte	-124
 1103 0433 0F       		.byte	15
 1104 0434 85       		.byte	-123
 1105 0435 03       		.byte	3
 1106 0436 86       		.byte	-122
 1107 0437 10       		.byte	16
 1108 0438 89       		.byte	-119
 1109 0439 03       		.byte	3
 1110 043a 8C       		.byte	-116
 1111 043b 02       		.byte	2
 1112 043c 8D       		.byte	-115
 1113 043d 01       		.byte	1
 1114 043e 8F       		.byte	-113
 1115 043f 02       		.byte	2
 1116 0440 90       		.byte	-112
 1117 0441 13       		.byte	19
 1118 0442 91       		.byte	-111
 1119 0443 02       		.byte	2
 1120 0444 92       		.byte	-110
 1121 0445 0C       		.byte	12
 1122 0446 93       		.byte	-109
 1123 0447 01       		.byte	1
 1124 0448 96       		.byte	-106
 1125 0449 13       		.byte	19
 1126 044a 97       		.byte	-105
 1127 044b 04       		.byte	4
 1128 044c 98       		.byte	-104
 1129 044d 03       		.byte	3
 1130 044e 99       		.byte	-103
 1131 044f 18       		.byte	24
 1132 0450 9B       		.byte	-101
 1133 0451 04       		.byte	4
 1134 0452 9C       		.byte	-100
 1135 0453 01       		.byte	1
 1136 0454 9D       		.byte	-99
 1137 0455 1C       		.byte	28
 1138 0456 A0       		.byte	-96
 1139 0457 08       		.byte	8
 1140 0458 A1       		.byte	-95
ARM GAS  C:\Users\li\AppData\Local\Temp\ccmGAgfw.s 			page 21


 1141 0459 04       		.byte	4
 1142 045a A3       		.byte	-93
 1143 045b 18       		.byte	24
 1144 045c A4       		.byte	-92
 1145 045d 04       		.byte	4
 1146 045e A5       		.byte	-91
 1147 045f 08       		.byte	8
 1148 0460 A8       		.byte	-88
 1149 0461 0C       		.byte	12
 1150 0462 A9       		.byte	-87
 1151 0463 18       		.byte	24
 1152 0464 AC       		.byte	-84
 1153 0465 0C       		.byte	12
 1154 0466 AD       		.byte	-83
 1155 0467 1C       		.byte	28
 1156 0468 AE       		.byte	-82
 1157 0469 13       		.byte	19
 1158 046a B0       		.byte	-80
 1159 046b 0F       		.byte	15
 1160 046c B1       		.byte	-79
 1161 046d 03       		.byte	3
 1162 046e B4       		.byte	-76
 1163 046f 1C       		.byte	28
 1164 0470 B7       		.byte	-73
 1165 0471 1C       		.byte	28
 1166 0472 BA       		.byte	-70
 1167 0473 22       		.byte	34
 1168 0474 D6       		.byte	-42
 1169 0475 02       		.byte	2
 1170 0476 D7       		.byte	-41
 1171 0477 11       		.byte	17
 1172 0478 D8       		.byte	-40
 1173 0479 04       		.byte	4
 1174 047a D9       		.byte	-39
 1175 047b 04       		.byte	4
 1176 047c DB       		.byte	-37
 1177 047d 04       		.byte	4
 1178 047e DC       		.byte	-36
 1179 047f 22       		.byte	34
 1180 0480 DD       		.byte	-35
 1181 0481 20       		.byte	32
 1182 0482 DF       		.byte	-33
 1183 0483 01       		.byte	1
 1184 0484 00       		.byte	0
 1185 0485 40       		.byte	64
 1186 0486 03       		.byte	3
 1187 0487 60       		.byte	96
 1188 0488 05       		.byte	5
 1189 0489 01       		.byte	1
 1190 048a 08       		.byte	8
 1191 048b 04       		.byte	4
 1192 048c 0A       		.byte	10
 1193 048d 54       		.byte	84
 1194 048e 0B       		.byte	11
 1195 048f 01       		.byte	1
 1196 0490 0E       		.byte	14
 1197 0491 80       		.byte	-128
ARM GAS  C:\Users\li\AppData\Local\Temp\ccmGAgfw.s 			page 22


 1198 0492 0F       		.byte	15
 1199 0493 20       		.byte	32
 1200 0494 10       		.byte	16
 1201 0495 81       		.byte	-127
 1202 0496 13       		.byte	19
 1203 0497 28       		.byte	40
 1204 0498 15       		.byte	21
 1205 0499 08       		.byte	8
 1206 049a 17       		.byte	23
 1207 049b 40       		.byte	64
 1208 049c 19       		.byte	25
 1209 049d 01       		.byte	1
 1210 049e 1A       		.byte	26
 1211 049f 40       		.byte	64
 1212 04a0 1B       		.byte	27
 1213 04a1 30       		.byte	48
 1214 04a2 1D       		.byte	29
 1215 04a3 10       		.byte	16
 1216 04a4 1F       		.byte	31
 1217 04a5 04       		.byte	4
 1218 04a6 20       		.byte	32
 1219 04a7 40       		.byte	64
 1220 04a8 21       		.byte	33
 1221 04a9 40       		.byte	64
 1222 04aa 22       		.byte	34
 1223 04ab 01       		.byte	1
 1224 04ac 25       		.byte	37
 1225 04ad 01       		.byte	1
 1226 04ae 27       		.byte	39
 1227 04af 40       		.byte	64
 1228 04b0 28       		.byte	40
 1229 04b1 01       		.byte	1
 1230 04b2 29       		.byte	41
 1231 04b3 81       		.byte	-127
 1232 04b4 2A       		.byte	42
 1233 04b5 28       		.byte	40
 1234 04b6 30       		.byte	48
 1235 04b7 04       		.byte	4
 1236 04b8 32       		.byte	50
 1237 04b9 01       		.byte	1
 1238 04ba 33       		.byte	51
 1239 04bb 60       		.byte	96
 1240 04bc 38       		.byte	56
 1241 04bd 80       		.byte	-128
 1242 04be 39       		.byte	57
 1243 04bf 14       		.byte	20
 1244 04c0 3A       		.byte	58
 1245 04c1 02       		.byte	2
 1246 04c2 59       		.byte	89
 1247 04c3 10       		.byte	16
 1248 04c4 68       		.byte	104
 1249 04c5 02       		.byte	2
 1250 04c6 69       		.byte	105
 1251 04c7 14       		.byte	20
 1252 04c8 70       		.byte	112
 1253 04c9 94       		.byte	-108
 1254 04ca 72       		.byte	114
ARM GAS  C:\Users\li\AppData\Local\Temp\ccmGAgfw.s 			page 23


 1255 04cb 2A       		.byte	42
 1256 04cc 73       		.byte	115
 1257 04cd 28       		.byte	40
 1258 04ce A2       		.byte	-94
 1259 04cf 40       		.byte	64
 1260 04d0 A8       		.byte	-88
 1261 04d1 02       		.byte	2
 1262 04d2 A9       		.byte	-87
 1263 04d3 04       		.byte	4
 1264 04d4 C0       		.byte	-64
 1265 04d5 1D       		.byte	29
 1266 04d6 C2       		.byte	-62
 1267 04d7 3F       		.byte	63
 1268 04d8 C4       		.byte	-60
 1269 04d9 AF       		.byte	-81
 1270 04da CA       		.byte	-54
 1271 04db 0F       		.byte	15
 1272 04dc CC       		.byte	-52
 1273 04dd 0F       		.byte	15
 1274 04de CE       		.byte	-50
 1275 04df 0F       		.byte	15
 1276 04e0 D6       		.byte	-42
 1277 04e1 04       		.byte	4
 1278 04e2 38       		.byte	56
 1279 04e3 80       		.byte	-128
 1280 04e4 3E       		.byte	62
 1281 04e5 40       		.byte	64
 1282 04e6 58       		.byte	88
 1283 04e7 04       		.byte	4
 1284 04e8 5F       		.byte	95
 1285 04e9 01       		.byte	1
 1286 04ea 1A       		.byte	26
 1287 04eb 02       		.byte	2
 1288 04ec 86       		.byte	-122
 1289 04ed 01       		.byte	1
 1290 04ee E8       		.byte	-24
 1291 04ef 10       		.byte	16
 1292 04f0 32       		.byte	50
 1293 04f1 04       		.byte	4
 1294 04f2 33       		.byte	51
 1295 04f3 20       		.byte	32
 1296 04f4 35       		.byte	53
 1297 04f5 08       		.byte	8
 1298 04f6 37       		.byte	55
 1299 04f7 10       		.byte	16
 1300 04f8 CC       		.byte	-52
 1301 04f9 F0       		.byte	-16
 1302 04fa 53       		.byte	83
 1303 04fb 80       		.byte	-128
 1304 04fc 63       		.byte	99
 1305 04fd 04       		.byte	4
 1306 04fe 87       		.byte	-121
 1307 04ff 04       		.byte	4
 1308 0500 96       		.byte	-106
 1309 0501 08       		.byte	8
 1310 0502 9D       		.byte	-99
 1311 0503 08       		.byte	8
ARM GAS  C:\Users\li\AppData\Local\Temp\ccmGAgfw.s 			page 24


 1312 0504 9F       		.byte	-97
 1313 0505 10       		.byte	16
 1314 0506 A7       		.byte	-89
 1315 0507 20       		.byte	32
 1316 0508 D4       		.byte	-44
 1317 0509 20       		.byte	32
 1318 050a D8       		.byte	-40
 1319 050b 40       		.byte	64
 1320 050c E2       		.byte	-30
 1321 050d 40       		.byte	64
 1322 050e 12       		.byte	18
 1323 050f 80       		.byte	-128
 1324 0510 81       		.byte	-127
 1325 0511 08       		.byte	8
 1326 0512 96       		.byte	-106
 1327 0513 08       		.byte	8
 1328 0514 9D       		.byte	-99
 1329 0515 08       		.byte	8
 1330 0516 9F       		.byte	-97
 1331 0517 10       		.byte	16
 1332 0518 A7       		.byte	-89
 1333 0519 20       		.byte	32
 1334 051a AF       		.byte	-81
 1335 051b 80       		.byte	-128
 1336 051c C4       		.byte	-60
 1337 051d 10       		.byte	16
 1338 051e E6       		.byte	-26
 1339 051f 20       		.byte	32
 1340 0520 EE       		.byte	-18
 1341 0521 10       		.byte	16
 1342 0522 9F       		.byte	-97
 1343 0523 10       		.byte	16
 1344 0524 AB       		.byte	-85
 1345 0525 20       		.byte	32
 1346 0526 AE       		.byte	-82
 1347 0527 84       		.byte	-124
 1348 0528 EE       		.byte	-18
 1349 0529 20       		.byte	32
 1350 052a 1B       		.byte	27
 1351 052b 04       		.byte	4
 1352 052c C6       		.byte	-58
 1353 052d 08       		.byte	8
 1354 052e 44       		.byte	68
 1355 052f 02       		.byte	2
 1356 0530 AB       		.byte	-85
 1357 0531 04       		.byte	4
 1358 0532 D0       		.byte	-48
 1359 0533 04       		.byte	4
 1360 0534 24       		.byte	36
 1361 0535 08       		.byte	8
 1362 0536 67       		.byte	103
 1363 0537 40       		.byte	64
 1364 0538 9F       		.byte	-97
 1365 0539 10       		.byte	16
 1366 053a C8       		.byte	-56
 1367 053b 20       		.byte	32
 1368 053c D8       		.byte	-40
ARM GAS  C:\Users\li\AppData\Local\Temp\ccmGAgfw.s 			page 25


 1369 053d 80       		.byte	-128
 1370 053e 07       		.byte	7
 1371 053f 04       		.byte	4
 1372 0540 63       		.byte	99
 1373 0541 02       		.byte	2
 1374 0542 83       		.byte	-125
 1375 0543 14       		.byte	20
 1376 0544 87       		.byte	-121
 1377 0545 41       		.byte	65
 1378 0546 97       		.byte	-105
 1379 0547 40       		.byte	64
 1380 0548 9F       		.byte	-97
 1381 0549 10       		.byte	16
 1382 054a B4       		.byte	-76
 1383 054b 04       		.byte	4
 1384 054c C0       		.byte	-64
 1385 054d 80       		.byte	-128
 1386 054e D6       		.byte	-42
 1387 054f 40       		.byte	64
 1388 0550 E0       		.byte	-32
 1389 0551 80       		.byte	-128
 1390 0552 E2       		.byte	-30
 1391 0553 20       		.byte	32
 1392 0554 E6       		.byte	-26
 1393 0555 50       		.byte	80
 1394 0556 9C       		.byte	-100
 1395 0557 02       		.byte	2
 1396 0558 B4       		.byte	-76
 1397 0559 02       		.byte	2
 1398 055a E8       		.byte	-24
 1399 055b 08       		.byte	8
 1400 055c 00       		.byte	0
 1401 055d 06       		.byte	6
 1402 055e 08       		.byte	8
 1403 055f 02       		.byte	2
 1404 0560 0A       		.byte	10
 1405 0561 06       		.byte	6
 1406 0562 10       		.byte	16
 1407 0563 04       		.byte	4
 1408 0564 1A       		.byte	26
 1409 0565 04       		.byte	4
 1410 0566 00       		.byte	0
 1411 0567 EF       		.byte	-17
 1412 0568 00       		.byte	0
 1413 0569 00       		.byte	0
 1414 056a 00       		.byte	0
 1415 056b 40       		.byte	64
 1416 056c 00       		.byte	0
 1417 056d 18       		.byte	24
 1418 056e 03       		.byte	3
 1419 056f 00       		.byte	0
 1420 0570 9C       		.byte	-100
 1421 0571 08       		.byte	8
 1422 0572 00       		.byte	0
 1423 0573 00       		.byte	0
 1424 0574 00       		.byte	0
 1425 0575 00       		.byte	0
ARM GAS  C:\Users\li\AppData\Local\Temp\ccmGAgfw.s 			page 26


 1426 0576 03       		.byte	3
 1427 0577 40       		.byte	64
 1428 0578 03       		.byte	3
 1429 0579 00       		.byte	0
 1430 057a 00       		.byte	0
 1431 057b 04       		.byte	4
 1432 057c 00       		.byte	0
 1433 057d 04       		.byte	4
 1434 057e 03       		.byte	3
 1435 057f 20       		.byte	32
 1436 0580 07       		.byte	7
 1437 0581 1C       		.byte	28
 1438 0582 38       		.byte	56
 1439 0583 01       		.byte	1
 1440 0584 12       		.byte	18
 1441 0585 1F       		.byte	31
 1442 0586 44       		.byte	68
 1443 0587 00       		.byte	0
 1444 0588 03       		.byte	3
 1445 0589 10       		.byte	16
 1446 058a 00       		.byte	0
 1447 058b 00       		.byte	0
 1448 058c 9C       		.byte	-100
 1449 058d 00       		.byte	0
 1450 058e 00       		.byte	0
 1451 058f 03       		.byte	3
 1452 0590 09       		.byte	9
 1453 0591 1C       		.byte	28
 1454 0592 44       		.byte	68
 1455 0593 02       		.byte	2
 1456 0594 80       		.byte	-128
 1457 0595 07       		.byte	7
 1458 0596 00       		.byte	0
 1459 0597 18       		.byte	24
 1460 0598 03       		.byte	3
 1461 0599 20       		.byte	32
 1462 059a 80       		.byte	-128
 1463 059b 1F       		.byte	31
 1464 059c 1C       		.byte	28
 1465 059d 00       		.byte	0
 1466 059e 60       		.byte	96
 1467 059f 40       		.byte	64
 1468 05a0 00       		.byte	0
 1469 05a1 00       		.byte	0
 1470 05a2 00       		.byte	0
 1471 05a3 08       		.byte	8
 1472 05a4 00       		.byte	0
 1473 05a5 00       		.byte	0
 1474 05a6 40       		.byte	64
 1475 05a7 40       		.byte	64
 1476 05a8 43       		.byte	67
 1477 05a9 06       		.byte	6
 1478 05aa 05       		.byte	5
 1479 05ab 00       		.byte	0
 1480 05ac 01       		.byte	1
 1481 05ad 00       		.byte	0
 1482 05ae 00       		.byte	0
ARM GAS  C:\Users\li\AppData\Local\Temp\ccmGAgfw.s 			page 27


 1483 05af CE       		.byte	-50
 1484 05b0 30       		.byte	48
 1485 05b1 FF       		.byte	-1
 1486 05b2 FF       		.byte	-1
 1487 05b3 FF       		.byte	-1
 1488 05b4 62       		.byte	98
 1489 05b5 A0       		.byte	-96
 1490 05b6 F0       		.byte	-16
 1491 05b7 41       		.byte	65
 1492 05b8 0C       		.byte	12
 1493 05b9 00       		.byte	0
 1494 05ba 00       		.byte	0
 1495 05bb 00       		.byte	0
 1496 05bc 18       		.byte	24
 1497 05bd 00       		.byte	0
 1498 05be 04       		.byte	4
 1499 05bf 00       		.byte	0
 1500 05c0 04       		.byte	4
 1501 05c1 04       		.byte	4
 1502 05c2 04       		.byte	4
 1503 05c3 04       		.byte	4
 1504 05c4 22       		.byte	34
 1505 05c5 22       		.byte	34
 1506 05c6 00       		.byte	0
 1507 05c7 01       		.byte	1
 1508 05c8 00       		.byte	0
 1509 05c9 00       		.byte	0
 1510 05ca 00       		.byte	0
 1511 05cb 00       		.byte	0
 1512 05cc 00       		.byte	0
 1513 05cd 00       		.byte	0
 1514 05ce 40       		.byte	64
 1515 05cf 02       		.byte	2
 1516 05d0 00       		.byte	0
 1517 05d1 10       		.byte	16
 1518 05d2 30       		.byte	48
 1519 05d3 10       		.byte	16
 1520 05d4 00       		.byte	0
 1521 05d5 10       		.byte	16
 1522 05d6 10       		.byte	16
 1523 05d7 12       		.byte	18
 1524 05d8 00       		.byte	0
 1525 05d9 00       		.byte	0
 1526 05da 00       		.byte	0
 1527 05db 00       		.byte	0
 1528 05dc 00       		.byte	0
 1529 05dd 00       		.byte	0
 1530 05de 00       		.byte	0
 1531 05df 00       		.byte	0
 1532 05e0 00       		.byte	0
 1533 05e1 00       		.byte	0
 1534 05e2 00       		.byte	0
 1535 05e3 00       		.byte	0
 1536 05e4 00       		.byte	0
 1537 05e5 00       		.byte	0
 1538 05e6 00       		.byte	0
 1539 05e7 00       		.byte	0
ARM GAS  C:\Users\li\AppData\Local\Temp\ccmGAgfw.s 			page 28


 1540 05e8 40       		.byte	64
 1541 05e9 00       		.byte	0
 1542 05ea 00       		.byte	0
 1543 05eb 7E       		.byte	126
 1544 05ec 7E       		.byte	126
 1545 05ed 00       		.byte	0
 1546 05ee 28       		.byte	40
 1547 05ef 00       		.byte	0
 1548 05f0 00       		.byte	0
 1549 05f1 00       		.byte	0
 1550 05f2 00       		.byte	0
 1551 05f3 00       		.byte	0
 1552 05f4 00       		.byte	0
 1553 05f5 00       		.byte	0
 1554 05f6 00       		.byte	0
 1555 05f7 00       		.byte	0
 1556 05f8 00       		.byte	0
 1557 05f9 00       		.byte	0
 1558 05fa 20       		.byte	32
 1559 05fb 00       		.byte	0
 1560 05fc 10       		.byte	16
 1561 05fd 00       		.byte	0
 1562 05fe 08       		.byte	8
 1563 05ff 10       		.byte	16
 1564 0600 10       		.byte	16
 1565 0601 00       		.byte	0
 1566 0602 10       		.byte	16
 1567 0603 00       		.byte	0
 1568 0604 00       		.byte	0
 1569 0605 00       		.byte	0
 1570 0606 00       		.byte	0
 1571 0607 00       		.byte	0
 1572              		.section	.cywolatch,"a",%progbits
 1573              		.align	2
 1574              		.type	cy_meta_wonvl, %object
 1575              		.size	cy_meta_wonvl, 4
 1576              	cy_meta_wonvl:
 1577 0000 BC       		.byte	-68
 1578 0001 90       		.byte	-112
 1579 0002 AC       		.byte	-84
 1580 0003 AF       		.byte	-81
 1581              		.section	.cycustnvl,"a",%progbits
 1582              		.align	2
 1583              		.type	cy_meta_custnvl, %object
 1584              		.size	cy_meta_custnvl, 4
 1585              	cy_meta_custnvl:
 1586 0000 00       		.byte	0
 1587 0001 00       		.byte	0
 1588 0002 40       		.byte	64
 1589 0003 05       		.byte	5
 1590              		.section	.cymeta,"a",%progbits
 1591              		.align	2
 1592              		.type	cy_metadata, %object
 1593              		.size	cy_metadata, 12
 1594              	cy_metadata:
 1595 0000 00       		.byte	0
 1596 0001 01       		.byte	1
ARM GAS  C:\Users\li\AppData\Local\Temp\ccmGAgfw.s 			page 29


 1597 0002 2E       		.byte	46
 1598 0003 13       		.byte	19
 1599 0004 30       		.byte	48
 1600 0005 69       		.byte	105
 1601 0006 00       		.byte	0
 1602 0007 01       		.byte	1
 1603 0008 00       		.byte	0
 1604 0009 00       		.byte	0
 1605 000a 00       		.byte	0
 1606 000b 00       		.byte	0
 1607              		.section	.cyflashprotect,"a",%progbits
 1608              		.align	2
 1609              		.type	cy_meta_flashprotect, %object
 1610              		.size	cy_meta_flashprotect, 128
 1611              	cy_meta_flashprotect:
 1612 0000 00000000 		.space	128
 1612      00000000 
 1612      00000000 
 1612      00000000 
 1612      00000000 
 1613              		.text
 1614              	.Letext0:
 1615              		.file 1 ".\\Generated_Source\\PSoC5\\cymetadata.c"
 1616              		.file 2 ".\\Generated_Source\\PSoC5\\cytypes.h"
 1617              		.section	.debug_info,"",%progbits
 1618              	.Ldebug_info0:
 1619 0000 37010000 		.4byte	0x137
 1620 0004 0400     		.2byte	0x4
 1621 0006 00000000 		.4byte	.Ldebug_abbrev0
 1622 000a 04       		.byte	0x4
 1623 000b 01       		.uleb128 0x1
 1624 000c BF000000 		.4byte	.LASF18
 1625 0010 01       		.byte	0x1
 1626 0011 00000000 		.4byte	.LASF19
 1627 0015 26000000 		.4byte	.LASF20
 1628 0019 00000000 		.4byte	.Ldebug_line0
 1629 001d 02       		.uleb128 0x2
 1630 001e 01       		.byte	0x1
 1631 001f 06       		.byte	0x6
 1632 0020 C9010000 		.4byte	.LASF0
 1633 0024 02       		.uleb128 0x2
 1634 0025 01       		.byte	0x1
 1635 0026 08       		.byte	0x8
 1636 0027 63000000 		.4byte	.LASF1
 1637 002b 02       		.uleb128 0x2
 1638 002c 02       		.byte	0x2
 1639 002d 05       		.byte	0x5
 1640 002e B0010000 		.4byte	.LASF2
 1641 0032 02       		.uleb128 0x2
 1642 0033 02       		.byte	0x2
 1643 0034 07       		.byte	0x7
 1644 0035 83000000 		.4byte	.LASF3
 1645 0039 02       		.uleb128 0x2
 1646 003a 04       		.byte	0x4
 1647 003b 05       		.byte	0x5
 1648 003c C0010000 		.4byte	.LASF4
 1649 0040 02       		.uleb128 0x2
ARM GAS  C:\Users\li\AppData\Local\Temp\ccmGAgfw.s 			page 30


 1650 0041 04       		.byte	0x4
 1651 0042 07       		.byte	0x7
 1652 0043 71000000 		.4byte	.LASF5
 1653 0047 02       		.uleb128 0x2
 1654 0048 08       		.byte	0x8
 1655 0049 05       		.byte	0x5
 1656 004a 9D010000 		.4byte	.LASF6
 1657 004e 02       		.uleb128 0x2
 1658 004f 08       		.byte	0x8
 1659 0050 07       		.byte	0x7
 1660 0051 5A010000 		.4byte	.LASF7
 1661 0055 03       		.uleb128 0x3
 1662 0056 04       		.byte	0x4
 1663 0057 05       		.byte	0x5
 1664 0058 696E7400 		.ascii	"int\000"
 1665 005c 02       		.uleb128 0x2
 1666 005d 04       		.byte	0x4
 1667 005e 07       		.byte	0x7
 1668 005f 4D010000 		.4byte	.LASF8
 1669 0063 04       		.uleb128 0x4
 1670 0064 BA010000 		.4byte	.LASF21
 1671 0068 02       		.byte	0x2
 1672 0069 C2       		.byte	0xc2
 1673 006a 24000000 		.4byte	0x24
 1674 006e 02       		.uleb128 0x2
 1675 006f 04       		.byte	0x4
 1676 0070 04       		.byte	0x4
 1677 0071 5D000000 		.4byte	.LASF9
 1678 0075 02       		.uleb128 0x2
 1679 0076 08       		.byte	0x8
 1680 0077 04       		.byte	0x4
 1681 0078 96000000 		.4byte	.LASF10
 1682 007c 02       		.uleb128 0x2
 1683 007d 01       		.byte	0x1
 1684 007e 08       		.byte	0x8
 1685 007f AB010000 		.4byte	.LASF11
 1686 0083 05       		.uleb128 0x5
 1687 0084 63000000 		.4byte	0x63
 1688 0088 94000000 		.4byte	0x94
 1689 008c 06       		.uleb128 0x6
 1690 008d 94000000 		.4byte	0x94
 1691 0091 0706     		.2byte	0x607
 1692 0093 00       		.byte	0
 1693 0094 02       		.uleb128 0x2
 1694 0095 04       		.byte	0x4
 1695 0096 07       		.byte	0x7
 1696 0097 94010000 		.4byte	.LASF12
 1697 009b 07       		.uleb128 0x7
 1698 009c AD000000 		.4byte	.LASF13
 1699 00a0 01       		.byte	0x1
 1700 00a1 1C       		.byte	0x1c
 1701 00a2 AC000000 		.4byte	0xac
 1702 00a6 05       		.uleb128 0x5
 1703 00a7 03       		.byte	0x3
 1704 00a8 00000000 		.4byte	cy_meta_configecc
 1705 00ac 08       		.uleb128 0x8
 1706 00ad 83000000 		.4byte	0x83
ARM GAS  C:\Users\li\AppData\Local\Temp\ccmGAgfw.s 			page 31


 1707 00b1 05       		.uleb128 0x5
 1708 00b2 63000000 		.4byte	0x63
 1709 00b6 C1000000 		.4byte	0xc1
 1710 00ba 09       		.uleb128 0x9
 1711 00bb 94000000 		.4byte	0x94
 1712 00bf 03       		.byte	0x3
 1713 00c0 00       		.byte	0
 1714 00c1 07       		.uleb128 0x7
 1715 00c2 9D000000 		.4byte	.LASF14
 1716 00c6 01       		.byte	0x1
 1717 00c7 E7       		.byte	0xe7
 1718 00c8 D2000000 		.4byte	0xd2
 1719 00cc 05       		.uleb128 0x5
 1720 00cd 03       		.byte	0x3
 1721 00ce 00000000 		.4byte	cy_meta_custnvl
 1722 00d2 08       		.uleb128 0x8
 1723 00d3 B1000000 		.4byte	0xb1
 1724 00d7 07       		.uleb128 0x7
 1725 00d8 86010000 		.4byte	.LASF15
 1726 00dc 01       		.byte	0x1
 1727 00dd F2       		.byte	0xf2
 1728 00de E8000000 		.4byte	0xe8
 1729 00e2 05       		.uleb128 0x5
 1730 00e3 03       		.byte	0x3
 1731 00e4 00000000 		.4byte	cy_meta_wonvl
 1732 00e8 08       		.uleb128 0x8
 1733 00e9 B1000000 		.4byte	0xb1
 1734 00ed 05       		.uleb128 0x5
 1735 00ee 63000000 		.4byte	0x63
 1736 00f2 FD000000 		.4byte	0xfd
 1737 00f6 09       		.uleb128 0x9
 1738 00f7 94000000 		.4byte	0x94
 1739 00fb 7F       		.byte	0x7f
 1740 00fc 00       		.byte	0
 1741 00fd 07       		.uleb128 0x7
 1742 00fe 71010000 		.4byte	.LASF16
 1743 0102 01       		.byte	0x1
 1744 0103 FD       		.byte	0xfd
 1745 0104 0E010000 		.4byte	0x10e
 1746 0108 05       		.uleb128 0x5
 1747 0109 03       		.byte	0x3
 1748 010a 00000000 		.4byte	cy_meta_flashprotect
 1749 010e 08       		.uleb128 0x8
 1750 010f ED000000 		.4byte	0xed
 1751 0113 05       		.uleb128 0x5
 1752 0114 63000000 		.4byte	0x63
 1753 0118 23010000 		.4byte	0x123
 1754 011c 09       		.uleb128 0x9
 1755 011d 94000000 		.4byte	0x94
 1756 0121 0B       		.byte	0xb
 1757 0122 00       		.byte	0
 1758 0123 0A       		.uleb128 0xa
 1759 0124 51000000 		.4byte	.LASF17
 1760 0128 01       		.byte	0x1
 1761 0129 1701     		.2byte	0x117
 1762 012b 35010000 		.4byte	0x135
 1763 012f 05       		.uleb128 0x5
ARM GAS  C:\Users\li\AppData\Local\Temp\ccmGAgfw.s 			page 32


 1764 0130 03       		.byte	0x3
 1765 0131 00000000 		.4byte	cy_metadata
 1766 0135 08       		.uleb128 0x8
 1767 0136 13010000 		.4byte	0x113
 1768 013a 00       		.byte	0
 1769              		.section	.debug_abbrev,"",%progbits
 1770              	.Ldebug_abbrev0:
 1771 0000 01       		.uleb128 0x1
 1772 0001 11       		.uleb128 0x11
 1773 0002 01       		.byte	0x1
 1774 0003 25       		.uleb128 0x25
 1775 0004 0E       		.uleb128 0xe
 1776 0005 13       		.uleb128 0x13
 1777 0006 0B       		.uleb128 0xb
 1778 0007 03       		.uleb128 0x3
 1779 0008 0E       		.uleb128 0xe
 1780 0009 1B       		.uleb128 0x1b
 1781 000a 0E       		.uleb128 0xe
 1782 000b 10       		.uleb128 0x10
 1783 000c 17       		.uleb128 0x17
 1784 000d 00       		.byte	0
 1785 000e 00       		.byte	0
 1786 000f 02       		.uleb128 0x2
 1787 0010 24       		.uleb128 0x24
 1788 0011 00       		.byte	0
 1789 0012 0B       		.uleb128 0xb
 1790 0013 0B       		.uleb128 0xb
 1791 0014 3E       		.uleb128 0x3e
 1792 0015 0B       		.uleb128 0xb
 1793 0016 03       		.uleb128 0x3
 1794 0017 0E       		.uleb128 0xe
 1795 0018 00       		.byte	0
 1796 0019 00       		.byte	0
 1797 001a 03       		.uleb128 0x3
 1798 001b 24       		.uleb128 0x24
 1799 001c 00       		.byte	0
 1800 001d 0B       		.uleb128 0xb
 1801 001e 0B       		.uleb128 0xb
 1802 001f 3E       		.uleb128 0x3e
 1803 0020 0B       		.uleb128 0xb
 1804 0021 03       		.uleb128 0x3
 1805 0022 08       		.uleb128 0x8
 1806 0023 00       		.byte	0
 1807 0024 00       		.byte	0
 1808 0025 04       		.uleb128 0x4
 1809 0026 16       		.uleb128 0x16
 1810 0027 00       		.byte	0
 1811 0028 03       		.uleb128 0x3
 1812 0029 0E       		.uleb128 0xe
 1813 002a 3A       		.uleb128 0x3a
 1814 002b 0B       		.uleb128 0xb
 1815 002c 3B       		.uleb128 0x3b
 1816 002d 0B       		.uleb128 0xb
 1817 002e 49       		.uleb128 0x49
 1818 002f 13       		.uleb128 0x13
 1819 0030 00       		.byte	0
 1820 0031 00       		.byte	0
ARM GAS  C:\Users\li\AppData\Local\Temp\ccmGAgfw.s 			page 33


 1821 0032 05       		.uleb128 0x5
 1822 0033 01       		.uleb128 0x1
 1823 0034 01       		.byte	0x1
 1824 0035 49       		.uleb128 0x49
 1825 0036 13       		.uleb128 0x13
 1826 0037 01       		.uleb128 0x1
 1827 0038 13       		.uleb128 0x13
 1828 0039 00       		.byte	0
 1829 003a 00       		.byte	0
 1830 003b 06       		.uleb128 0x6
 1831 003c 21       		.uleb128 0x21
 1832 003d 00       		.byte	0
 1833 003e 49       		.uleb128 0x49
 1834 003f 13       		.uleb128 0x13
 1835 0040 2F       		.uleb128 0x2f
 1836 0041 05       		.uleb128 0x5
 1837 0042 00       		.byte	0
 1838 0043 00       		.byte	0
 1839 0044 07       		.uleb128 0x7
 1840 0045 34       		.uleb128 0x34
 1841 0046 00       		.byte	0
 1842 0047 03       		.uleb128 0x3
 1843 0048 0E       		.uleb128 0xe
 1844 0049 3A       		.uleb128 0x3a
 1845 004a 0B       		.uleb128 0xb
 1846 004b 3B       		.uleb128 0x3b
 1847 004c 0B       		.uleb128 0xb
 1848 004d 49       		.uleb128 0x49
 1849 004e 13       		.uleb128 0x13
 1850 004f 3F       		.uleb128 0x3f
 1851 0050 19       		.uleb128 0x19
 1852 0051 02       		.uleb128 0x2
 1853 0052 18       		.uleb128 0x18
 1854 0053 00       		.byte	0
 1855 0054 00       		.byte	0
 1856 0055 08       		.uleb128 0x8
 1857 0056 26       		.uleb128 0x26
 1858 0057 00       		.byte	0
 1859 0058 49       		.uleb128 0x49
 1860 0059 13       		.uleb128 0x13
 1861 005a 00       		.byte	0
 1862 005b 00       		.byte	0
 1863 005c 09       		.uleb128 0x9
 1864 005d 21       		.uleb128 0x21
 1865 005e 00       		.byte	0
 1866 005f 49       		.uleb128 0x49
 1867 0060 13       		.uleb128 0x13
 1868 0061 2F       		.uleb128 0x2f
 1869 0062 0B       		.uleb128 0xb
 1870 0063 00       		.byte	0
 1871 0064 00       		.byte	0
 1872 0065 0A       		.uleb128 0xa
 1873 0066 34       		.uleb128 0x34
 1874 0067 00       		.byte	0
 1875 0068 03       		.uleb128 0x3
 1876 0069 0E       		.uleb128 0xe
 1877 006a 3A       		.uleb128 0x3a
ARM GAS  C:\Users\li\AppData\Local\Temp\ccmGAgfw.s 			page 34


 1878 006b 0B       		.uleb128 0xb
 1879 006c 3B       		.uleb128 0x3b
 1880 006d 05       		.uleb128 0x5
 1881 006e 49       		.uleb128 0x49
 1882 006f 13       		.uleb128 0x13
 1883 0070 3F       		.uleb128 0x3f
 1884 0071 19       		.uleb128 0x19
 1885 0072 02       		.uleb128 0x2
 1886 0073 18       		.uleb128 0x18
 1887 0074 00       		.byte	0
 1888 0075 00       		.byte	0
 1889 0076 00       		.byte	0
 1890              		.section	.debug_aranges,"",%progbits
 1891 0000 14000000 		.4byte	0x14
 1892 0004 0200     		.2byte	0x2
 1893 0006 00000000 		.4byte	.Ldebug_info0
 1894 000a 04       		.byte	0x4
 1895 000b 00       		.byte	0
 1896 000c 0000     		.2byte	0
 1897 000e 0000     		.2byte	0
 1898 0010 00000000 		.4byte	0
 1899 0014 00000000 		.4byte	0
 1900              		.section	.debug_line,"",%progbits
 1901              	.Ldebug_line0:
 1902 0000 4F000000 		.section	.debug_str,"MS",%progbits,1
 1902      02004900 
 1902      00000201 
 1902      FB0E0D00 
 1902      01010101 
 1903              	.LASF19:
 1904 0000 2E5C4765 		.ascii	".\\Generated_Source\\PSoC5\\cymetadata.c\000"
 1904      6E657261 
 1904      7465645F 
 1904      536F7572 
 1904      63655C50 
 1905              	.LASF20:
 1906 0026 443A5C70 		.ascii	"D:\\pxc\\robot_raoxianpan_C\\raoxianpan.cydsn\000"
 1906      78635C72 
 1906      6F626F74 
 1906      5F72616F 
 1906      7869616E 
 1907              	.LASF17:
 1908 0051 63795F6D 		.ascii	"cy_metadata\000"
 1908      65746164 
 1908      61746100 
 1909              	.LASF9:
 1910 005d 666C6F61 		.ascii	"float\000"
 1910      7400
 1911              	.LASF1:
 1912 0063 756E7369 		.ascii	"unsigned char\000"
 1912      676E6564 
 1912      20636861 
 1912      7200
 1913              	.LASF5:
 1914 0071 6C6F6E67 		.ascii	"long unsigned int\000"
 1914      20756E73 
 1914      69676E65 
ARM GAS  C:\Users\li\AppData\Local\Temp\ccmGAgfw.s 			page 35


 1914      6420696E 
 1914      7400
 1915              	.LASF3:
 1916 0083 73686F72 		.ascii	"short unsigned int\000"
 1916      7420756E 
 1916      7369676E 
 1916      65642069 
 1916      6E7400
 1917              	.LASF10:
 1918 0096 646F7562 		.ascii	"double\000"
 1918      6C6500
 1919              	.LASF14:
 1920 009d 63795F6D 		.ascii	"cy_meta_custnvl\000"
 1920      6574615F 
 1920      63757374 
 1920      6E766C00 
 1921              	.LASF13:
 1922 00ad 63795F6D 		.ascii	"cy_meta_configecc\000"
 1922      6574615F 
 1922      636F6E66 
 1922      69676563 
 1922      6300
 1923              	.LASF18:
 1924 00bf 474E5520 		.ascii	"GNU C 4.9.3 20150303 (release) [ARM/embedded-4_9-br"
 1924      4320342E 
 1924      392E3320 
 1924      32303135 
 1924      30333033 
 1925 00f2 616E6368 		.ascii	"anch revision 221220] -mcpu=cortex-m3 -mthumb -g -O"
 1925      20726576 
 1925      6973696F 
 1925      6E203232 
 1925      31323230 
 1926 0125 67202D66 		.ascii	"g -ffunction-sections -ffat-lto-objects\000"
 1926      66756E63 
 1926      74696F6E 
 1926      2D736563 
 1926      74696F6E 
 1927              	.LASF8:
 1928 014d 756E7369 		.ascii	"unsigned int\000"
 1928      676E6564 
 1928      20696E74 
 1928      00
 1929              	.LASF7:
 1930 015a 6C6F6E67 		.ascii	"long long unsigned int\000"
 1930      206C6F6E 
 1930      6720756E 
 1930      7369676E 
 1930      65642069 
 1931              	.LASF16:
 1932 0171 63795F6D 		.ascii	"cy_meta_flashprotect\000"
 1932      6574615F 
 1932      666C6173 
 1932      6870726F 
 1932      74656374 
 1933              	.LASF15:
 1934 0186 63795F6D 		.ascii	"cy_meta_wonvl\000"
ARM GAS  C:\Users\li\AppData\Local\Temp\ccmGAgfw.s 			page 36


 1934      6574615F 
 1934      776F6E76 
 1934      6C00
 1935              	.LASF12:
 1936 0194 73697A65 		.ascii	"sizetype\000"
 1936      74797065 
 1936      00
 1937              	.LASF6:
 1938 019d 6C6F6E67 		.ascii	"long long int\000"
 1938      206C6F6E 
 1938      6720696E 
 1938      7400
 1939              	.LASF11:
 1940 01ab 63686172 		.ascii	"char\000"
 1940      00
 1941              	.LASF2:
 1942 01b0 73686F72 		.ascii	"short int\000"
 1942      7420696E 
 1942      7400
 1943              	.LASF21:
 1944 01ba 75696E74 		.ascii	"uint8\000"
 1944      3800
 1945              	.LASF4:
 1946 01c0 6C6F6E67 		.ascii	"long int\000"
 1946      20696E74 
 1946      00
 1947              	.LASF0:
 1948 01c9 7369676E 		.ascii	"signed char\000"
 1948      65642063 
 1948      68617200 
 1949              		.ident	"GCC: (GNU Tools for ARM Embedded Processors) 4.9.3 20150303 (release) [ARM/embedded-4_9-br
