ARM GAS  C:\Users\pxc\AppData\Local\Temp\ccPND7ZD.s 			page 1


   1              		.syntax unified
   2              		.cpu cortex-m3
   3              		.fpu softvfp
   4              		.eabi_attribute 20, 1
   5              		.eabi_attribute 21, 1
   6              		.eabi_attribute 23, 3
   7              		.eabi_attribute 24, 1
   8              		.eabi_attribute 25, 1
   9              		.eabi_attribute 26, 1
  10              		.eabi_attribute 30, 1
  11              		.eabi_attribute 34, 1
  12              		.eabi_attribute 18, 4
  13              		.thumb
  14              		.file	"isr_timer.c"
  15              		.text
  16              	.Ltext0:
  17              		.cfi_sections	.debug_frame
  18              		.section	.text.isr_timer_Interrupt,"ax",%progbits
  19              		.align	2
  20              		.global	isr_timer_Interrupt
  21              		.thumb
  22              		.thumb_func
  23              		.type	isr_timer_Interrupt, %function
  24              	isr_timer_Interrupt:
  25              	.LFB66:
  26              		.file 1 ".\\Generated_Source\\PSoC5\\isr_timer.c"
   1:.\Generated_Source\PSoC5/isr_timer.c **** /*******************************************************************************
   2:.\Generated_Source\PSoC5/isr_timer.c **** * File Name: isr_timer.c  
   3:.\Generated_Source\PSoC5/isr_timer.c **** * Version 1.70
   4:.\Generated_Source\PSoC5/isr_timer.c **** *
   5:.\Generated_Source\PSoC5/isr_timer.c **** *  Description:
   6:.\Generated_Source\PSoC5/isr_timer.c **** *   API for controlling the state of an interrupt.
   7:.\Generated_Source\PSoC5/isr_timer.c **** *
   8:.\Generated_Source\PSoC5/isr_timer.c **** *
   9:.\Generated_Source\PSoC5/isr_timer.c **** *  Note:
  10:.\Generated_Source\PSoC5/isr_timer.c **** *
  11:.\Generated_Source\PSoC5/isr_timer.c **** ********************************************************************************
  12:.\Generated_Source\PSoC5/isr_timer.c **** * Copyright 2008-2015, Cypress Semiconductor Corporation.  All rights reserved.
  13:.\Generated_Source\PSoC5/isr_timer.c **** * You may use this file only in accordance with the license, terms, conditions, 
  14:.\Generated_Source\PSoC5/isr_timer.c **** * disclaimers, and limitations in the end user license agreement accompanying 
  15:.\Generated_Source\PSoC5/isr_timer.c **** * the software package with which this file was provided.
  16:.\Generated_Source\PSoC5/isr_timer.c **** *******************************************************************************/
  17:.\Generated_Source\PSoC5/isr_timer.c **** 
  18:.\Generated_Source\PSoC5/isr_timer.c **** 
  19:.\Generated_Source\PSoC5/isr_timer.c **** #include <cydevice_trm.h>
  20:.\Generated_Source\PSoC5/isr_timer.c **** #include <CyLib.h>
  21:.\Generated_Source\PSoC5/isr_timer.c **** #include <isr_timer.h>
  22:.\Generated_Source\PSoC5/isr_timer.c **** #include "cyapicallbacks.h"
  23:.\Generated_Source\PSoC5/isr_timer.c **** 
  24:.\Generated_Source\PSoC5/isr_timer.c **** #if !defined(isr_timer__REMOVED) /* Check for removal by optimization */
  25:.\Generated_Source\PSoC5/isr_timer.c **** 
  26:.\Generated_Source\PSoC5/isr_timer.c **** /*******************************************************************************
  27:.\Generated_Source\PSoC5/isr_timer.c **** *  Place your includes, defines and code here 
  28:.\Generated_Source\PSoC5/isr_timer.c **** ********************************************************************************/
  29:.\Generated_Source\PSoC5/isr_timer.c **** /* `#START isr_timer_intc` */
  30:.\Generated_Source\PSoC5/isr_timer.c **** #include "multi_timer.h"
  31:.\Generated_Source\PSoC5/isr_timer.c ****     
ARM GAS  C:\Users\pxc\AppData\Local\Temp\ccPND7ZD.s 			page 2


  32:.\Generated_Source\PSoC5/isr_timer.c **** uint16 time_1ms;
  33:.\Generated_Source\PSoC5/isr_timer.c **** uint16 time_5ms;   
  34:.\Generated_Source\PSoC5/isr_timer.c **** uint8  time_5ms_state;
  35:.\Generated_Source\PSoC5/isr_timer.c **** uint16 time_1s;  
  36:.\Generated_Source\PSoC5/isr_timer.c ****  uint16 time_1s_state;    
  37:.\Generated_Source\PSoC5/isr_timer.c **** /* `#END` */
  38:.\Generated_Source\PSoC5/isr_timer.c **** 
  39:.\Generated_Source\PSoC5/isr_timer.c **** #ifndef CYINT_IRQ_BASE
  40:.\Generated_Source\PSoC5/isr_timer.c **** #define CYINT_IRQ_BASE      16
  41:.\Generated_Source\PSoC5/isr_timer.c **** #endif /* CYINT_IRQ_BASE */
  42:.\Generated_Source\PSoC5/isr_timer.c **** #ifndef CYINT_VECT_TABLE
  43:.\Generated_Source\PSoC5/isr_timer.c **** #define CYINT_VECT_TABLE    ((cyisraddress **) CYREG_NVIC_VECT_OFFSET)
  44:.\Generated_Source\PSoC5/isr_timer.c **** #endif /* CYINT_VECT_TABLE */
  45:.\Generated_Source\PSoC5/isr_timer.c **** 
  46:.\Generated_Source\PSoC5/isr_timer.c **** /* Declared in startup, used to set unused interrupts to. */
  47:.\Generated_Source\PSoC5/isr_timer.c **** CY_ISR_PROTO(IntDefaultHandler);
  48:.\Generated_Source\PSoC5/isr_timer.c **** 
  49:.\Generated_Source\PSoC5/isr_timer.c **** 
  50:.\Generated_Source\PSoC5/isr_timer.c **** /*******************************************************************************
  51:.\Generated_Source\PSoC5/isr_timer.c **** * Function Name: isr_timer_Start
  52:.\Generated_Source\PSoC5/isr_timer.c **** ********************************************************************************
  53:.\Generated_Source\PSoC5/isr_timer.c **** *
  54:.\Generated_Source\PSoC5/isr_timer.c **** * Summary:
  55:.\Generated_Source\PSoC5/isr_timer.c **** *  Set up the interrupt and enable it. This function disables the interrupt, 
  56:.\Generated_Source\PSoC5/isr_timer.c **** *  sets the default interrupt vector, sets the priority from the value in the
  57:.\Generated_Source\PSoC5/isr_timer.c **** *  Design Wide Resources Interrupt Editor, then enables the interrupt to the 
  58:.\Generated_Source\PSoC5/isr_timer.c **** *  interrupt controller.
  59:.\Generated_Source\PSoC5/isr_timer.c **** *
  60:.\Generated_Source\PSoC5/isr_timer.c **** * Parameters:  
  61:.\Generated_Source\PSoC5/isr_timer.c **** *   None
  62:.\Generated_Source\PSoC5/isr_timer.c **** *
  63:.\Generated_Source\PSoC5/isr_timer.c **** * Return:
  64:.\Generated_Source\PSoC5/isr_timer.c **** *   None
  65:.\Generated_Source\PSoC5/isr_timer.c **** *
  66:.\Generated_Source\PSoC5/isr_timer.c **** *******************************************************************************/
  67:.\Generated_Source\PSoC5/isr_timer.c **** void isr_timer_Start(void)
  68:.\Generated_Source\PSoC5/isr_timer.c **** {
  69:.\Generated_Source\PSoC5/isr_timer.c ****     /* For all we know the interrupt is active. */
  70:.\Generated_Source\PSoC5/isr_timer.c ****     isr_timer_Disable();
  71:.\Generated_Source\PSoC5/isr_timer.c **** 
  72:.\Generated_Source\PSoC5/isr_timer.c ****     /* Set the ISR to point to the isr_timer Interrupt. */
  73:.\Generated_Source\PSoC5/isr_timer.c ****     isr_timer_SetVector(&isr_timer_Interrupt);
  74:.\Generated_Source\PSoC5/isr_timer.c **** 
  75:.\Generated_Source\PSoC5/isr_timer.c ****     /* Set the priority. */
  76:.\Generated_Source\PSoC5/isr_timer.c ****     isr_timer_SetPriority((uint8)isr_timer_INTC_PRIOR_NUMBER);
  77:.\Generated_Source\PSoC5/isr_timer.c **** 
  78:.\Generated_Source\PSoC5/isr_timer.c ****     /* Enable it. */
  79:.\Generated_Source\PSoC5/isr_timer.c ****     isr_timer_Enable();
  80:.\Generated_Source\PSoC5/isr_timer.c **** }
  81:.\Generated_Source\PSoC5/isr_timer.c **** 
  82:.\Generated_Source\PSoC5/isr_timer.c **** 
  83:.\Generated_Source\PSoC5/isr_timer.c **** /*******************************************************************************
  84:.\Generated_Source\PSoC5/isr_timer.c **** * Function Name: isr_timer_StartEx
  85:.\Generated_Source\PSoC5/isr_timer.c **** ********************************************************************************
  86:.\Generated_Source\PSoC5/isr_timer.c **** *
  87:.\Generated_Source\PSoC5/isr_timer.c **** * Summary:
  88:.\Generated_Source\PSoC5/isr_timer.c **** *  Sets up the interrupt and enables it. This function disables the interrupt,
ARM GAS  C:\Users\pxc\AppData\Local\Temp\ccPND7ZD.s 			page 3


  89:.\Generated_Source\PSoC5/isr_timer.c **** *  sets the interrupt vector based on the address passed in, sets the priority 
  90:.\Generated_Source\PSoC5/isr_timer.c **** *  from the value in the Design Wide Resources Interrupt Editor, then enables 
  91:.\Generated_Source\PSoC5/isr_timer.c **** *  the interrupt to the interrupt controller.
  92:.\Generated_Source\PSoC5/isr_timer.c **** *  
  93:.\Generated_Source\PSoC5/isr_timer.c **** *  When defining ISR functions, the CY_ISR and CY_ISR_PROTO macros should be 
  94:.\Generated_Source\PSoC5/isr_timer.c **** *  used to provide consistent definition across compilers:
  95:.\Generated_Source\PSoC5/isr_timer.c **** *  
  96:.\Generated_Source\PSoC5/isr_timer.c **** *  Function definition example:
  97:.\Generated_Source\PSoC5/isr_timer.c **** *   CY_ISR(MyISR)
  98:.\Generated_Source\PSoC5/isr_timer.c **** *   {
  99:.\Generated_Source\PSoC5/isr_timer.c **** *   }
 100:.\Generated_Source\PSoC5/isr_timer.c **** *   Function prototype example:
 101:.\Generated_Source\PSoC5/isr_timer.c **** *   CY_ISR_PROTO(MyISR);
 102:.\Generated_Source\PSoC5/isr_timer.c **** *
 103:.\Generated_Source\PSoC5/isr_timer.c **** * Parameters:  
 104:.\Generated_Source\PSoC5/isr_timer.c **** *   address: Address of the ISR to set in the interrupt vector table.
 105:.\Generated_Source\PSoC5/isr_timer.c **** *
 106:.\Generated_Source\PSoC5/isr_timer.c **** * Return:
 107:.\Generated_Source\PSoC5/isr_timer.c **** *   None
 108:.\Generated_Source\PSoC5/isr_timer.c **** *
 109:.\Generated_Source\PSoC5/isr_timer.c **** *******************************************************************************/
 110:.\Generated_Source\PSoC5/isr_timer.c **** void isr_timer_StartEx(cyisraddress address)
 111:.\Generated_Source\PSoC5/isr_timer.c **** {
 112:.\Generated_Source\PSoC5/isr_timer.c ****     /* For all we know the interrupt is active. */
 113:.\Generated_Source\PSoC5/isr_timer.c ****     isr_timer_Disable();
 114:.\Generated_Source\PSoC5/isr_timer.c **** 
 115:.\Generated_Source\PSoC5/isr_timer.c ****     /* Set the ISR to point to the isr_timer Interrupt. */
 116:.\Generated_Source\PSoC5/isr_timer.c ****     isr_timer_SetVector(address);
 117:.\Generated_Source\PSoC5/isr_timer.c **** 
 118:.\Generated_Source\PSoC5/isr_timer.c ****     /* Set the priority. */
 119:.\Generated_Source\PSoC5/isr_timer.c ****     isr_timer_SetPriority((uint8)isr_timer_INTC_PRIOR_NUMBER);
 120:.\Generated_Source\PSoC5/isr_timer.c **** 
 121:.\Generated_Source\PSoC5/isr_timer.c ****     /* Enable it. */
 122:.\Generated_Source\PSoC5/isr_timer.c ****     isr_timer_Enable();
 123:.\Generated_Source\PSoC5/isr_timer.c **** }
 124:.\Generated_Source\PSoC5/isr_timer.c **** 
 125:.\Generated_Source\PSoC5/isr_timer.c **** 
 126:.\Generated_Source\PSoC5/isr_timer.c **** /*******************************************************************************
 127:.\Generated_Source\PSoC5/isr_timer.c **** * Function Name: isr_timer_Stop
 128:.\Generated_Source\PSoC5/isr_timer.c **** ********************************************************************************
 129:.\Generated_Source\PSoC5/isr_timer.c **** *
 130:.\Generated_Source\PSoC5/isr_timer.c **** * Summary:
 131:.\Generated_Source\PSoC5/isr_timer.c **** *   Disables and removes the interrupt.
 132:.\Generated_Source\PSoC5/isr_timer.c **** *
 133:.\Generated_Source\PSoC5/isr_timer.c **** * Parameters:  
 134:.\Generated_Source\PSoC5/isr_timer.c **** *   None
 135:.\Generated_Source\PSoC5/isr_timer.c **** *
 136:.\Generated_Source\PSoC5/isr_timer.c **** * Return:
 137:.\Generated_Source\PSoC5/isr_timer.c **** *   None
 138:.\Generated_Source\PSoC5/isr_timer.c **** *
 139:.\Generated_Source\PSoC5/isr_timer.c **** *******************************************************************************/
 140:.\Generated_Source\PSoC5/isr_timer.c **** void isr_timer_Stop(void)
 141:.\Generated_Source\PSoC5/isr_timer.c **** {
 142:.\Generated_Source\PSoC5/isr_timer.c ****     /* Disable this interrupt. */
 143:.\Generated_Source\PSoC5/isr_timer.c ****     isr_timer_Disable();
 144:.\Generated_Source\PSoC5/isr_timer.c **** 
 145:.\Generated_Source\PSoC5/isr_timer.c ****     /* Set the ISR to point to the passive one. */
ARM GAS  C:\Users\pxc\AppData\Local\Temp\ccPND7ZD.s 			page 4


 146:.\Generated_Source\PSoC5/isr_timer.c ****     isr_timer_SetVector(&IntDefaultHandler);
 147:.\Generated_Source\PSoC5/isr_timer.c **** }
 148:.\Generated_Source\PSoC5/isr_timer.c **** 
 149:.\Generated_Source\PSoC5/isr_timer.c **** 
 150:.\Generated_Source\PSoC5/isr_timer.c **** /*******************************************************************************
 151:.\Generated_Source\PSoC5/isr_timer.c **** * Function Name: isr_timer_Interrupt
 152:.\Generated_Source\PSoC5/isr_timer.c **** ********************************************************************************
 153:.\Generated_Source\PSoC5/isr_timer.c **** *
 154:.\Generated_Source\PSoC5/isr_timer.c **** * Summary:
 155:.\Generated_Source\PSoC5/isr_timer.c **** *   The default Interrupt Service Routine for isr_timer.
 156:.\Generated_Source\PSoC5/isr_timer.c **** *
 157:.\Generated_Source\PSoC5/isr_timer.c **** *   Add custom code between the coments to keep the next version of this file
 158:.\Generated_Source\PSoC5/isr_timer.c **** *   from over writting your code.
 159:.\Generated_Source\PSoC5/isr_timer.c **** *
 160:.\Generated_Source\PSoC5/isr_timer.c **** * Parameters:  
 161:.\Generated_Source\PSoC5/isr_timer.c **** *
 162:.\Generated_Source\PSoC5/isr_timer.c **** * Return:
 163:.\Generated_Source\PSoC5/isr_timer.c **** *   None
 164:.\Generated_Source\PSoC5/isr_timer.c **** *
 165:.\Generated_Source\PSoC5/isr_timer.c **** *******************************************************************************/
 166:.\Generated_Source\PSoC5/isr_timer.c **** CY_ISR(isr_timer_Interrupt)
 167:.\Generated_Source\PSoC5/isr_timer.c **** {
  27              		.loc 1 167 0
  28              		.cfi_startproc
  29              		@ args = 0, pretend = 0, frame = 0
  30              		@ frame_needed = 0, uses_anonymous_args = 0
  31 0000 08B5     		push	{r3, lr}
  32              		.cfi_def_cfa_offset 8
  33              		.cfi_offset 3, -8
  34              		.cfi_offset 14, -4
 168:.\Generated_Source\PSoC5/isr_timer.c ****     #ifdef isr_timer_INTERRUPT_INTERRUPT_CALLBACK
 169:.\Generated_Source\PSoC5/isr_timer.c ****         isr_timer_Interrupt_InterruptCallback();
 170:.\Generated_Source\PSoC5/isr_timer.c ****     #endif /* isr_timer_INTERRUPT_INTERRUPT_CALLBACK */ 
 171:.\Generated_Source\PSoC5/isr_timer.c **** 
 172:.\Generated_Source\PSoC5/isr_timer.c ****     /*  Place your Interrupt code here. */
 173:.\Generated_Source\PSoC5/isr_timer.c ****     /* `#START isr_timer_Interrupt` */
 174:.\Generated_Source\PSoC5/isr_timer.c ****          time_5ms++;
  35              		.loc 1 174 0
  36 0002 0F4A     		ldr	r2, .L5
  37 0004 1388     		ldrh	r3, [r2]
  38 0006 0133     		adds	r3, r3, #1
  39 0008 9BB2     		uxth	r3, r3
  40 000a 1380     		strh	r3, [r2]	@ movhi
 175:.\Generated_Source\PSoC5/isr_timer.c ****          time_1s++;
  41              		.loc 1 175 0
  42 000c 0D49     		ldr	r1, .L5+4
  43 000e 0A88     		ldrh	r2, [r1]
  44 0010 0132     		adds	r2, r2, #1
  45 0012 92B2     		uxth	r2, r2
  46 0014 0A80     		strh	r2, [r1]	@ movhi
 176:.\Generated_Source\PSoC5/isr_timer.c ****     if(time_1s >1000)
  47              		.loc 1 176 0
  48 0016 B2F57A7F 		cmp	r2, #1000
  49 001a 05D9     		bls	.L2
 177:.\Generated_Source\PSoC5/isr_timer.c ****     {
 178:.\Generated_Source\PSoC5/isr_timer.c ****         time_1s_state = 1;
  50              		.loc 1 178 0
ARM GAS  C:\Users\pxc\AppData\Local\Temp\ccPND7ZD.s 			page 5


  51 001c 0121     		movs	r1, #1
  52 001e 0A4A     		ldr	r2, .L5+8
  53 0020 1180     		strh	r1, [r2]	@ movhi
 179:.\Generated_Source\PSoC5/isr_timer.c ****         time_1s = 0;
  54              		.loc 1 179 0
  55 0022 0021     		movs	r1, #0
  56 0024 074A     		ldr	r2, .L5+4
  57 0026 1180     		strh	r1, [r2]	@ movhi
  58              	.L2:
 180:.\Generated_Source\PSoC5/isr_timer.c ****     }
 181:.\Generated_Source\PSoC5/isr_timer.c ****       if(time_5ms > 5)
  59              		.loc 1 181 0
  60 0028 052B     		cmp	r3, #5
  61 002a 05D9     		bls	.L3
 182:.\Generated_Source\PSoC5/isr_timer.c ****       {
 183:.\Generated_Source\PSoC5/isr_timer.c ****        // cb_bzr_Main();
 184:.\Generated_Source\PSoC5/isr_timer.c ****         time_5ms_state = 1;
  62              		.loc 1 184 0
  63 002c 0122     		movs	r2, #1
  64 002e 074B     		ldr	r3, .L5+12
  65 0030 1A70     		strb	r2, [r3]
 185:.\Generated_Source\PSoC5/isr_timer.c ****         time_5ms = 0;
  66              		.loc 1 185 0
  67 0032 0022     		movs	r2, #0
  68 0034 024B     		ldr	r3, .L5
  69 0036 1A80     		strh	r2, [r3]	@ movhi
  70              	.L3:
 186:.\Generated_Source\PSoC5/isr_timer.c ****       }
 187:.\Generated_Source\PSoC5/isr_timer.c ****     timer_ticks();
  71              		.loc 1 187 0
  72 0038 FFF7FEFF 		bl	timer_ticks
  73              	.LVL0:
  74 003c 08BD     		pop	{r3, pc}
  75              	.L6:
  76 003e 00BF     		.align	2
  77              	.L5:
  78 0040 00000000 		.word	time_5ms
  79 0044 00000000 		.word	time_1s
  80 0048 00000000 		.word	time_1s_state
  81 004c 00000000 		.word	time_5ms_state
  82              		.cfi_endproc
  83              	.LFE66:
  84              		.size	isr_timer_Interrupt, .-isr_timer_Interrupt
  85              		.section	.text.isr_timer_SetVector,"ax",%progbits
  86              		.align	2
  87              		.global	isr_timer_SetVector
  88              		.thumb
  89              		.thumb_func
  90              		.type	isr_timer_SetVector, %function
  91              	isr_timer_SetVector:
  92              	.LFB67:
 188:.\Generated_Source\PSoC5/isr_timer.c ****     /* `#END` */
 189:.\Generated_Source\PSoC5/isr_timer.c **** }
 190:.\Generated_Source\PSoC5/isr_timer.c **** 
 191:.\Generated_Source\PSoC5/isr_timer.c **** 
 192:.\Generated_Source\PSoC5/isr_timer.c **** /*******************************************************************************
 193:.\Generated_Source\PSoC5/isr_timer.c **** * Function Name: isr_timer_SetVector
ARM GAS  C:\Users\pxc\AppData\Local\Temp\ccPND7ZD.s 			page 6


 194:.\Generated_Source\PSoC5/isr_timer.c **** ********************************************************************************
 195:.\Generated_Source\PSoC5/isr_timer.c **** *
 196:.\Generated_Source\PSoC5/isr_timer.c **** * Summary:
 197:.\Generated_Source\PSoC5/isr_timer.c **** *   Change the ISR vector for the Interrupt. Note calling isr_timer_Start
 198:.\Generated_Source\PSoC5/isr_timer.c **** *   will override any effect this method would have had. To set the vector 
 199:.\Generated_Source\PSoC5/isr_timer.c **** *   before the component has been started use isr_timer_StartEx instead.
 200:.\Generated_Source\PSoC5/isr_timer.c **** * 
 201:.\Generated_Source\PSoC5/isr_timer.c **** *   When defining ISR functions, the CY_ISR and CY_ISR_PROTO macros should be 
 202:.\Generated_Source\PSoC5/isr_timer.c **** *   used to provide consistent definition across compilers:
 203:.\Generated_Source\PSoC5/isr_timer.c **** *
 204:.\Generated_Source\PSoC5/isr_timer.c **** *   Function definition example:
 205:.\Generated_Source\PSoC5/isr_timer.c **** *   CY_ISR(MyISR)
 206:.\Generated_Source\PSoC5/isr_timer.c **** *   {
 207:.\Generated_Source\PSoC5/isr_timer.c **** *   }
 208:.\Generated_Source\PSoC5/isr_timer.c **** *
 209:.\Generated_Source\PSoC5/isr_timer.c **** *   Function prototype example:
 210:.\Generated_Source\PSoC5/isr_timer.c **** *     CY_ISR_PROTO(MyISR);
 211:.\Generated_Source\PSoC5/isr_timer.c **** *
 212:.\Generated_Source\PSoC5/isr_timer.c **** * Parameters:
 213:.\Generated_Source\PSoC5/isr_timer.c **** *   address: Address of the ISR to set in the interrupt vector table.
 214:.\Generated_Source\PSoC5/isr_timer.c **** *
 215:.\Generated_Source\PSoC5/isr_timer.c **** * Return:
 216:.\Generated_Source\PSoC5/isr_timer.c **** *   None
 217:.\Generated_Source\PSoC5/isr_timer.c **** *
 218:.\Generated_Source\PSoC5/isr_timer.c **** *******************************************************************************/
 219:.\Generated_Source\PSoC5/isr_timer.c **** void isr_timer_SetVector(cyisraddress address)
 220:.\Generated_Source\PSoC5/isr_timer.c **** {
  93              		.loc 1 220 0
  94              		.cfi_startproc
  95              		@ args = 0, pretend = 0, frame = 0
  96              		@ frame_needed = 0, uses_anonymous_args = 0
  97              		@ link register save eliminated.
  98              	.LVL1:
 221:.\Generated_Source\PSoC5/isr_timer.c ****     cyisraddress * ramVectorTable;
 222:.\Generated_Source\PSoC5/isr_timer.c **** 
 223:.\Generated_Source\PSoC5/isr_timer.c ****     ramVectorTable = (cyisraddress *) *CYINT_VECT_TABLE;
  99              		.loc 1 223 0
 100 0000 014B     		ldr	r3, .L8
 101 0002 1B68     		ldr	r3, [r3]
 102              	.LVL2:
 224:.\Generated_Source\PSoC5/isr_timer.c **** 
 225:.\Generated_Source\PSoC5/isr_timer.c ****     ramVectorTable[CYINT_IRQ_BASE + (uint32)isr_timer__INTC_NUMBER] = address;
 103              		.loc 1 225 0
 104 0004 9864     		str	r0, [r3, #72]
 105 0006 7047     		bx	lr
 106              	.L9:
 107              		.align	2
 108              	.L8:
 109 0008 08ED00E0 		.word	-536810232
 110              		.cfi_endproc
 111              	.LFE67:
 112              		.size	isr_timer_SetVector, .-isr_timer_SetVector
 113              		.section	.text.isr_timer_GetVector,"ax",%progbits
 114              		.align	2
 115              		.global	isr_timer_GetVector
 116              		.thumb
 117              		.thumb_func
ARM GAS  C:\Users\pxc\AppData\Local\Temp\ccPND7ZD.s 			page 7


 118              		.type	isr_timer_GetVector, %function
 119              	isr_timer_GetVector:
 120              	.LFB68:
 226:.\Generated_Source\PSoC5/isr_timer.c **** }
 227:.\Generated_Source\PSoC5/isr_timer.c **** 
 228:.\Generated_Source\PSoC5/isr_timer.c **** 
 229:.\Generated_Source\PSoC5/isr_timer.c **** /*******************************************************************************
 230:.\Generated_Source\PSoC5/isr_timer.c **** * Function Name: isr_timer_GetVector
 231:.\Generated_Source\PSoC5/isr_timer.c **** ********************************************************************************
 232:.\Generated_Source\PSoC5/isr_timer.c **** *
 233:.\Generated_Source\PSoC5/isr_timer.c **** * Summary:
 234:.\Generated_Source\PSoC5/isr_timer.c **** *   Gets the "address" of the current ISR vector for the Interrupt.
 235:.\Generated_Source\PSoC5/isr_timer.c **** *
 236:.\Generated_Source\PSoC5/isr_timer.c **** * Parameters:
 237:.\Generated_Source\PSoC5/isr_timer.c **** *   None
 238:.\Generated_Source\PSoC5/isr_timer.c **** *
 239:.\Generated_Source\PSoC5/isr_timer.c **** * Return:
 240:.\Generated_Source\PSoC5/isr_timer.c **** *   Address of the ISR in the interrupt vector table.
 241:.\Generated_Source\PSoC5/isr_timer.c **** *
 242:.\Generated_Source\PSoC5/isr_timer.c **** *******************************************************************************/
 243:.\Generated_Source\PSoC5/isr_timer.c **** cyisraddress isr_timer_GetVector(void)
 244:.\Generated_Source\PSoC5/isr_timer.c **** {
 121              		.loc 1 244 0
 122              		.cfi_startproc
 123              		@ args = 0, pretend = 0, frame = 0
 124              		@ frame_needed = 0, uses_anonymous_args = 0
 125              		@ link register save eliminated.
 245:.\Generated_Source\PSoC5/isr_timer.c ****     cyisraddress * ramVectorTable;
 246:.\Generated_Source\PSoC5/isr_timer.c **** 
 247:.\Generated_Source\PSoC5/isr_timer.c ****     ramVectorTable = (cyisraddress *) *CYINT_VECT_TABLE;
 126              		.loc 1 247 0
 127 0000 014B     		ldr	r3, .L11
 128 0002 1B68     		ldr	r3, [r3]
 129              	.LVL3:
 248:.\Generated_Source\PSoC5/isr_timer.c **** 
 249:.\Generated_Source\PSoC5/isr_timer.c ****     return ramVectorTable[CYINT_IRQ_BASE + (uint32)isr_timer__INTC_NUMBER];
 250:.\Generated_Source\PSoC5/isr_timer.c **** }
 130              		.loc 1 250 0
 131 0004 986C     		ldr	r0, [r3, #72]
 132 0006 7047     		bx	lr
 133              	.L12:
 134              		.align	2
 135              	.L11:
 136 0008 08ED00E0 		.word	-536810232
 137              		.cfi_endproc
 138              	.LFE68:
 139              		.size	isr_timer_GetVector, .-isr_timer_GetVector
 140              		.section	.text.isr_timer_SetPriority,"ax",%progbits
 141              		.align	2
 142              		.global	isr_timer_SetPriority
 143              		.thumb
 144              		.thumb_func
 145              		.type	isr_timer_SetPriority, %function
 146              	isr_timer_SetPriority:
 147              	.LFB69:
 251:.\Generated_Source\PSoC5/isr_timer.c **** 
 252:.\Generated_Source\PSoC5/isr_timer.c **** 
ARM GAS  C:\Users\pxc\AppData\Local\Temp\ccPND7ZD.s 			page 8


 253:.\Generated_Source\PSoC5/isr_timer.c **** /*******************************************************************************
 254:.\Generated_Source\PSoC5/isr_timer.c **** * Function Name: isr_timer_SetPriority
 255:.\Generated_Source\PSoC5/isr_timer.c **** ********************************************************************************
 256:.\Generated_Source\PSoC5/isr_timer.c **** *
 257:.\Generated_Source\PSoC5/isr_timer.c **** * Summary:
 258:.\Generated_Source\PSoC5/isr_timer.c **** *   Sets the Priority of the Interrupt. 
 259:.\Generated_Source\PSoC5/isr_timer.c **** *
 260:.\Generated_Source\PSoC5/isr_timer.c **** *   Note calling isr_timer_Start or isr_timer_StartEx will 
 261:.\Generated_Source\PSoC5/isr_timer.c **** *   override any effect this API would have had. This API should only be called
 262:.\Generated_Source\PSoC5/isr_timer.c **** *   after isr_timer_Start or isr_timer_StartEx has been called. 
 263:.\Generated_Source\PSoC5/isr_timer.c **** *   To set the initial priority for the component, use the Design-Wide Resources
 264:.\Generated_Source\PSoC5/isr_timer.c **** *   Interrupt Editor.
 265:.\Generated_Source\PSoC5/isr_timer.c **** *
 266:.\Generated_Source\PSoC5/isr_timer.c **** *   Note This API has no effect on Non-maskable interrupt NMI).
 267:.\Generated_Source\PSoC5/isr_timer.c **** *
 268:.\Generated_Source\PSoC5/isr_timer.c **** * Parameters:
 269:.\Generated_Source\PSoC5/isr_timer.c **** *   priority: Priority of the interrupt, 0 being the highest priority
 270:.\Generated_Source\PSoC5/isr_timer.c **** *             PSoC 3 and PSoC 5LP: Priority is from 0 to 7.
 271:.\Generated_Source\PSoC5/isr_timer.c **** *             PSoC 4: Priority is from 0 to 3.
 272:.\Generated_Source\PSoC5/isr_timer.c **** *
 273:.\Generated_Source\PSoC5/isr_timer.c **** * Return:
 274:.\Generated_Source\PSoC5/isr_timer.c **** *   None
 275:.\Generated_Source\PSoC5/isr_timer.c **** *
 276:.\Generated_Source\PSoC5/isr_timer.c **** *******************************************************************************/
 277:.\Generated_Source\PSoC5/isr_timer.c **** void isr_timer_SetPriority(uint8 priority)
 278:.\Generated_Source\PSoC5/isr_timer.c **** {
 148              		.loc 1 278 0
 149              		.cfi_startproc
 150              		@ args = 0, pretend = 0, frame = 0
 151              		@ frame_needed = 0, uses_anonymous_args = 0
 152              		@ link register save eliminated.
 153              	.LVL4:
 279:.\Generated_Source\PSoC5/isr_timer.c ****     *isr_timer_INTC_PRIOR = priority << 5;
 154              		.loc 1 279 0
 155 0000 4001     		lsls	r0, r0, #5
 156              	.LVL5:
 157 0002 C0B2     		uxtb	r0, r0
 158 0004 014B     		ldr	r3, .L14
 159 0006 1870     		strb	r0, [r3]
 160 0008 7047     		bx	lr
 161              	.L15:
 162 000a 00BF     		.align	2
 163              	.L14:
 164 000c 02E400E0 		.word	-536812542
 165              		.cfi_endproc
 166              	.LFE69:
 167              		.size	isr_timer_SetPriority, .-isr_timer_SetPriority
 168              		.section	.text.isr_timer_GetPriority,"ax",%progbits
 169              		.align	2
 170              		.global	isr_timer_GetPriority
 171              		.thumb
 172              		.thumb_func
 173              		.type	isr_timer_GetPriority, %function
 174              	isr_timer_GetPriority:
 175              	.LFB70:
 280:.\Generated_Source\PSoC5/isr_timer.c **** }
 281:.\Generated_Source\PSoC5/isr_timer.c **** 
ARM GAS  C:\Users\pxc\AppData\Local\Temp\ccPND7ZD.s 			page 9


 282:.\Generated_Source\PSoC5/isr_timer.c **** 
 283:.\Generated_Source\PSoC5/isr_timer.c **** /*******************************************************************************
 284:.\Generated_Source\PSoC5/isr_timer.c **** * Function Name: isr_timer_GetPriority
 285:.\Generated_Source\PSoC5/isr_timer.c **** ********************************************************************************
 286:.\Generated_Source\PSoC5/isr_timer.c **** *
 287:.\Generated_Source\PSoC5/isr_timer.c **** * Summary:
 288:.\Generated_Source\PSoC5/isr_timer.c **** *   Gets the Priority of the Interrupt.
 289:.\Generated_Source\PSoC5/isr_timer.c **** *
 290:.\Generated_Source\PSoC5/isr_timer.c **** * Parameters:
 291:.\Generated_Source\PSoC5/isr_timer.c **** *   None
 292:.\Generated_Source\PSoC5/isr_timer.c **** *
 293:.\Generated_Source\PSoC5/isr_timer.c **** * Return:
 294:.\Generated_Source\PSoC5/isr_timer.c **** *   Priority of the interrupt, 0 being the highest priority
 295:.\Generated_Source\PSoC5/isr_timer.c **** *    PSoC 3 and PSoC 5LP: Priority is from 0 to 7.
 296:.\Generated_Source\PSoC5/isr_timer.c **** *    PSoC 4: Priority is from 0 to 3.
 297:.\Generated_Source\PSoC5/isr_timer.c **** *
 298:.\Generated_Source\PSoC5/isr_timer.c **** *******************************************************************************/
 299:.\Generated_Source\PSoC5/isr_timer.c **** uint8 isr_timer_GetPriority(void)
 300:.\Generated_Source\PSoC5/isr_timer.c **** {
 176              		.loc 1 300 0
 177              		.cfi_startproc
 178              		@ args = 0, pretend = 0, frame = 0
 179              		@ frame_needed = 0, uses_anonymous_args = 0
 180              		@ link register save eliminated.
 301:.\Generated_Source\PSoC5/isr_timer.c ****     uint8 priority;
 302:.\Generated_Source\PSoC5/isr_timer.c **** 
 303:.\Generated_Source\PSoC5/isr_timer.c **** 
 304:.\Generated_Source\PSoC5/isr_timer.c ****     priority = *isr_timer_INTC_PRIOR >> 5;
 181              		.loc 1 304 0
 182 0000 014B     		ldr	r3, .L17
 183 0002 1878     		ldrb	r0, [r3]	@ zero_extendqisi2
 184              	.LVL6:
 305:.\Generated_Source\PSoC5/isr_timer.c **** 
 306:.\Generated_Source\PSoC5/isr_timer.c ****     return priority;
 307:.\Generated_Source\PSoC5/isr_timer.c **** }
 185              		.loc 1 307 0
 186 0004 4009     		lsrs	r0, r0, #5
 187              	.LVL7:
 188 0006 7047     		bx	lr
 189              	.L18:
 190              		.align	2
 191              	.L17:
 192 0008 02E400E0 		.word	-536812542
 193              		.cfi_endproc
 194              	.LFE70:
 195              		.size	isr_timer_GetPriority, .-isr_timer_GetPriority
 196              		.section	.text.isr_timer_Enable,"ax",%progbits
 197              		.align	2
 198              		.global	isr_timer_Enable
 199              		.thumb
 200              		.thumb_func
 201              		.type	isr_timer_Enable, %function
 202              	isr_timer_Enable:
 203              	.LFB71:
 308:.\Generated_Source\PSoC5/isr_timer.c **** 
 309:.\Generated_Source\PSoC5/isr_timer.c **** 
 310:.\Generated_Source\PSoC5/isr_timer.c **** /*******************************************************************************
ARM GAS  C:\Users\pxc\AppData\Local\Temp\ccPND7ZD.s 			page 10


 311:.\Generated_Source\PSoC5/isr_timer.c **** * Function Name: isr_timer_Enable
 312:.\Generated_Source\PSoC5/isr_timer.c **** ********************************************************************************
 313:.\Generated_Source\PSoC5/isr_timer.c **** *
 314:.\Generated_Source\PSoC5/isr_timer.c **** * Summary:
 315:.\Generated_Source\PSoC5/isr_timer.c **** *   Enables the interrupt to the interrupt controller. Do not call this function
 316:.\Generated_Source\PSoC5/isr_timer.c **** *   unless ISR_Start() has been called or the functionality of the ISR_Start() 
 317:.\Generated_Source\PSoC5/isr_timer.c **** *   function, which sets the vector and the priority, has been called.
 318:.\Generated_Source\PSoC5/isr_timer.c **** *
 319:.\Generated_Source\PSoC5/isr_timer.c **** * Parameters:
 320:.\Generated_Source\PSoC5/isr_timer.c **** *   None
 321:.\Generated_Source\PSoC5/isr_timer.c **** *
 322:.\Generated_Source\PSoC5/isr_timer.c **** * Return:
 323:.\Generated_Source\PSoC5/isr_timer.c **** *   None
 324:.\Generated_Source\PSoC5/isr_timer.c **** *
 325:.\Generated_Source\PSoC5/isr_timer.c **** *******************************************************************************/
 326:.\Generated_Source\PSoC5/isr_timer.c **** void isr_timer_Enable(void)
 327:.\Generated_Source\PSoC5/isr_timer.c **** {
 204              		.loc 1 327 0
 205              		.cfi_startproc
 206              		@ args = 0, pretend = 0, frame = 0
 207              		@ frame_needed = 0, uses_anonymous_args = 0
 208              		@ link register save eliminated.
 328:.\Generated_Source\PSoC5/isr_timer.c ****     /* Enable the general interrupt. */
 329:.\Generated_Source\PSoC5/isr_timer.c ****     *isr_timer_INTC_SET_EN = isr_timer__INTC_MASK;
 209              		.loc 1 329 0
 210 0000 0422     		movs	r2, #4
 211 0002 014B     		ldr	r3, .L20
 212 0004 1A60     		str	r2, [r3]
 213 0006 7047     		bx	lr
 214              	.L21:
 215              		.align	2
 216              	.L20:
 217 0008 00E100E0 		.word	-536813312
 218              		.cfi_endproc
 219              	.LFE71:
 220              		.size	isr_timer_Enable, .-isr_timer_Enable
 221              		.section	.text.isr_timer_GetState,"ax",%progbits
 222              		.align	2
 223              		.global	isr_timer_GetState
 224              		.thumb
 225              		.thumb_func
 226              		.type	isr_timer_GetState, %function
 227              	isr_timer_GetState:
 228              	.LFB72:
 330:.\Generated_Source\PSoC5/isr_timer.c **** }
 331:.\Generated_Source\PSoC5/isr_timer.c **** 
 332:.\Generated_Source\PSoC5/isr_timer.c **** 
 333:.\Generated_Source\PSoC5/isr_timer.c **** /*******************************************************************************
 334:.\Generated_Source\PSoC5/isr_timer.c **** * Function Name: isr_timer_GetState
 335:.\Generated_Source\PSoC5/isr_timer.c **** ********************************************************************************
 336:.\Generated_Source\PSoC5/isr_timer.c **** *
 337:.\Generated_Source\PSoC5/isr_timer.c **** * Summary:
 338:.\Generated_Source\PSoC5/isr_timer.c **** *   Gets the state (enabled, disabled) of the Interrupt.
 339:.\Generated_Source\PSoC5/isr_timer.c **** *
 340:.\Generated_Source\PSoC5/isr_timer.c **** * Parameters:
 341:.\Generated_Source\PSoC5/isr_timer.c **** *   None
 342:.\Generated_Source\PSoC5/isr_timer.c **** *
ARM GAS  C:\Users\pxc\AppData\Local\Temp\ccPND7ZD.s 			page 11


 343:.\Generated_Source\PSoC5/isr_timer.c **** * Return:
 344:.\Generated_Source\PSoC5/isr_timer.c **** *   1 if enabled, 0 if disabled.
 345:.\Generated_Source\PSoC5/isr_timer.c **** *
 346:.\Generated_Source\PSoC5/isr_timer.c **** *******************************************************************************/
 347:.\Generated_Source\PSoC5/isr_timer.c **** uint8 isr_timer_GetState(void)
 348:.\Generated_Source\PSoC5/isr_timer.c **** {
 229              		.loc 1 348 0
 230              		.cfi_startproc
 231              		@ args = 0, pretend = 0, frame = 0
 232              		@ frame_needed = 0, uses_anonymous_args = 0
 233              		@ link register save eliminated.
 349:.\Generated_Source\PSoC5/isr_timer.c ****     /* Get the state of the general interrupt. */
 350:.\Generated_Source\PSoC5/isr_timer.c ****     return ((*isr_timer_INTC_SET_EN & (uint32)isr_timer__INTC_MASK) != 0u) ? 1u:0u;
 234              		.loc 1 350 0
 235 0000 044B     		ldr	r3, .L25
 236 0002 1B68     		ldr	r3, [r3]
 237 0004 13F0040F 		tst	r3, #4
 238 0008 01D0     		beq	.L24
 239 000a 0120     		movs	r0, #1
 240 000c 7047     		bx	lr
 241              	.L24:
 242 000e 0020     		movs	r0, #0
 351:.\Generated_Source\PSoC5/isr_timer.c **** }
 243              		.loc 1 351 0
 244 0010 7047     		bx	lr
 245              	.L26:
 246 0012 00BF     		.align	2
 247              	.L25:
 248 0014 00E100E0 		.word	-536813312
 249              		.cfi_endproc
 250              	.LFE72:
 251              		.size	isr_timer_GetState, .-isr_timer_GetState
 252              		.section	.text.isr_timer_Disable,"ax",%progbits
 253              		.align	2
 254              		.global	isr_timer_Disable
 255              		.thumb
 256              		.thumb_func
 257              		.type	isr_timer_Disable, %function
 258              	isr_timer_Disable:
 259              	.LFB73:
 352:.\Generated_Source\PSoC5/isr_timer.c **** 
 353:.\Generated_Source\PSoC5/isr_timer.c **** 
 354:.\Generated_Source\PSoC5/isr_timer.c **** /*******************************************************************************
 355:.\Generated_Source\PSoC5/isr_timer.c **** * Function Name: isr_timer_Disable
 356:.\Generated_Source\PSoC5/isr_timer.c **** ********************************************************************************
 357:.\Generated_Source\PSoC5/isr_timer.c **** *
 358:.\Generated_Source\PSoC5/isr_timer.c **** * Summary:
 359:.\Generated_Source\PSoC5/isr_timer.c **** *   Disables the Interrupt in the interrupt controller.
 360:.\Generated_Source\PSoC5/isr_timer.c **** *
 361:.\Generated_Source\PSoC5/isr_timer.c **** * Parameters:
 362:.\Generated_Source\PSoC5/isr_timer.c **** *   None
 363:.\Generated_Source\PSoC5/isr_timer.c **** *
 364:.\Generated_Source\PSoC5/isr_timer.c **** * Return:
 365:.\Generated_Source\PSoC5/isr_timer.c **** *   None
 366:.\Generated_Source\PSoC5/isr_timer.c **** *
 367:.\Generated_Source\PSoC5/isr_timer.c **** *******************************************************************************/
 368:.\Generated_Source\PSoC5/isr_timer.c **** void isr_timer_Disable(void)
ARM GAS  C:\Users\pxc\AppData\Local\Temp\ccPND7ZD.s 			page 12


 369:.\Generated_Source\PSoC5/isr_timer.c **** {
 260              		.loc 1 369 0
 261              		.cfi_startproc
 262              		@ args = 0, pretend = 0, frame = 0
 263              		@ frame_needed = 0, uses_anonymous_args = 0
 264              		@ link register save eliminated.
 370:.\Generated_Source\PSoC5/isr_timer.c ****     /* Disable the general interrupt. */
 371:.\Generated_Source\PSoC5/isr_timer.c ****     *isr_timer_INTC_CLR_EN = isr_timer__INTC_MASK;
 265              		.loc 1 371 0
 266 0000 0422     		movs	r2, #4
 267 0002 014B     		ldr	r3, .L28
 268 0004 1A60     		str	r2, [r3]
 269 0006 7047     		bx	lr
 270              	.L29:
 271              		.align	2
 272              	.L28:
 273 0008 80E100E0 		.word	-536813184
 274              		.cfi_endproc
 275              	.LFE73:
 276              		.size	isr_timer_Disable, .-isr_timer_Disable
 277              		.section	.text.isr_timer_Start,"ax",%progbits
 278              		.align	2
 279              		.global	isr_timer_Start
 280              		.thumb
 281              		.thumb_func
 282              		.type	isr_timer_Start, %function
 283              	isr_timer_Start:
 284              	.LFB63:
  68:.\Generated_Source\PSoC5/isr_timer.c ****     /* For all we know the interrupt is active. */
 285              		.loc 1 68 0
 286              		.cfi_startproc
 287              		@ args = 0, pretend = 0, frame = 0
 288              		@ frame_needed = 0, uses_anonymous_args = 0
 289 0000 08B5     		push	{r3, lr}
 290              		.cfi_def_cfa_offset 8
 291              		.cfi_offset 3, -8
 292              		.cfi_offset 14, -4
  70:.\Generated_Source\PSoC5/isr_timer.c **** 
 293              		.loc 1 70 0
 294 0002 FFF7FEFF 		bl	isr_timer_Disable
 295              	.LVL8:
  73:.\Generated_Source\PSoC5/isr_timer.c **** 
 296              		.loc 1 73 0
 297 0006 0448     		ldr	r0, .L32
 298 0008 FFF7FEFF 		bl	isr_timer_SetVector
 299              	.LVL9:
  76:.\Generated_Source\PSoC5/isr_timer.c **** 
 300              		.loc 1 76 0
 301 000c 0720     		movs	r0, #7
 302 000e FFF7FEFF 		bl	isr_timer_SetPriority
 303              	.LVL10:
  79:.\Generated_Source\PSoC5/isr_timer.c **** }
 304              		.loc 1 79 0
 305 0012 FFF7FEFF 		bl	isr_timer_Enable
 306              	.LVL11:
 307 0016 08BD     		pop	{r3, pc}
 308              	.L33:
ARM GAS  C:\Users\pxc\AppData\Local\Temp\ccPND7ZD.s 			page 13


 309              		.align	2
 310              	.L32:
 311 0018 00000000 		.word	isr_timer_Interrupt
 312              		.cfi_endproc
 313              	.LFE63:
 314              		.size	isr_timer_Start, .-isr_timer_Start
 315              		.section	.text.isr_timer_StartEx,"ax",%progbits
 316              		.align	2
 317              		.global	isr_timer_StartEx
 318              		.thumb
 319              		.thumb_func
 320              		.type	isr_timer_StartEx, %function
 321              	isr_timer_StartEx:
 322              	.LFB64:
 111:.\Generated_Source\PSoC5/isr_timer.c ****     /* For all we know the interrupt is active. */
 323              		.loc 1 111 0
 324              		.cfi_startproc
 325              		@ args = 0, pretend = 0, frame = 0
 326              		@ frame_needed = 0, uses_anonymous_args = 0
 327              	.LVL12:
 328 0000 10B5     		push	{r4, lr}
 329              		.cfi_def_cfa_offset 8
 330              		.cfi_offset 4, -8
 331              		.cfi_offset 14, -4
 332 0002 0446     		mov	r4, r0
 113:.\Generated_Source\PSoC5/isr_timer.c **** 
 333              		.loc 1 113 0
 334 0004 FFF7FEFF 		bl	isr_timer_Disable
 335              	.LVL13:
 116:.\Generated_Source\PSoC5/isr_timer.c **** 
 336              		.loc 1 116 0
 337 0008 2046     		mov	r0, r4
 338 000a FFF7FEFF 		bl	isr_timer_SetVector
 339              	.LVL14:
 119:.\Generated_Source\PSoC5/isr_timer.c **** 
 340              		.loc 1 119 0
 341 000e 0720     		movs	r0, #7
 342 0010 FFF7FEFF 		bl	isr_timer_SetPriority
 343              	.LVL15:
 122:.\Generated_Source\PSoC5/isr_timer.c **** }
 344              		.loc 1 122 0
 345 0014 FFF7FEFF 		bl	isr_timer_Enable
 346              	.LVL16:
 347 0018 10BD     		pop	{r4, pc}
 348              		.cfi_endproc
 349              	.LFE64:
 350              		.size	isr_timer_StartEx, .-isr_timer_StartEx
 351 001a 00BF     		.section	.text.isr_timer_Stop,"ax",%progbits
 352              		.align	2
 353              		.global	isr_timer_Stop
 354              		.thumb
 355              		.thumb_func
 356              		.type	isr_timer_Stop, %function
 357              	isr_timer_Stop:
 358              	.LFB65:
 141:.\Generated_Source\PSoC5/isr_timer.c ****     /* Disable this interrupt. */
 359              		.loc 1 141 0
ARM GAS  C:\Users\pxc\AppData\Local\Temp\ccPND7ZD.s 			page 14


 360              		.cfi_startproc
 361              		@ args = 0, pretend = 0, frame = 0
 362              		@ frame_needed = 0, uses_anonymous_args = 0
 363 0000 08B5     		push	{r3, lr}
 364              		.cfi_def_cfa_offset 8
 365              		.cfi_offset 3, -8
 366              		.cfi_offset 14, -4
 143:.\Generated_Source\PSoC5/isr_timer.c **** 
 367              		.loc 1 143 0
 368 0002 FFF7FEFF 		bl	isr_timer_Disable
 369              	.LVL17:
 146:.\Generated_Source\PSoC5/isr_timer.c **** }
 370              		.loc 1 146 0
 371 0006 0248     		ldr	r0, .L38
 372 0008 FFF7FEFF 		bl	isr_timer_SetVector
 373              	.LVL18:
 374 000c 08BD     		pop	{r3, pc}
 375              	.L39:
 376 000e 00BF     		.align	2
 377              	.L38:
 378 0010 00000000 		.word	IntDefaultHandler
 379              		.cfi_endproc
 380              	.LFE65:
 381              		.size	isr_timer_Stop, .-isr_timer_Stop
 382              		.section	.text.isr_timer_SetPending,"ax",%progbits
 383              		.align	2
 384              		.global	isr_timer_SetPending
 385              		.thumb
 386              		.thumb_func
 387              		.type	isr_timer_SetPending, %function
 388              	isr_timer_SetPending:
 389              	.LFB74:
 372:.\Generated_Source\PSoC5/isr_timer.c **** }
 373:.\Generated_Source\PSoC5/isr_timer.c **** 
 374:.\Generated_Source\PSoC5/isr_timer.c **** 
 375:.\Generated_Source\PSoC5/isr_timer.c **** /*******************************************************************************
 376:.\Generated_Source\PSoC5/isr_timer.c **** * Function Name: isr_timer_SetPending
 377:.\Generated_Source\PSoC5/isr_timer.c **** ********************************************************************************
 378:.\Generated_Source\PSoC5/isr_timer.c **** *
 379:.\Generated_Source\PSoC5/isr_timer.c **** * Summary:
 380:.\Generated_Source\PSoC5/isr_timer.c **** *   Causes the Interrupt to enter the pending state, a software method of
 381:.\Generated_Source\PSoC5/isr_timer.c **** *   generating the interrupt.
 382:.\Generated_Source\PSoC5/isr_timer.c **** *
 383:.\Generated_Source\PSoC5/isr_timer.c **** * Parameters:
 384:.\Generated_Source\PSoC5/isr_timer.c **** *   None
 385:.\Generated_Source\PSoC5/isr_timer.c **** *
 386:.\Generated_Source\PSoC5/isr_timer.c **** * Return:
 387:.\Generated_Source\PSoC5/isr_timer.c **** *   None
 388:.\Generated_Source\PSoC5/isr_timer.c **** *
 389:.\Generated_Source\PSoC5/isr_timer.c **** * Side Effects:
 390:.\Generated_Source\PSoC5/isr_timer.c **** *   If interrupts are enabled and the interrupt is set up properly, the ISR is
 391:.\Generated_Source\PSoC5/isr_timer.c **** *   entered (depending on the priority of this interrupt and other pending 
 392:.\Generated_Source\PSoC5/isr_timer.c **** *   interrupts).
 393:.\Generated_Source\PSoC5/isr_timer.c **** *
 394:.\Generated_Source\PSoC5/isr_timer.c **** *******************************************************************************/
 395:.\Generated_Source\PSoC5/isr_timer.c **** void isr_timer_SetPending(void)
 396:.\Generated_Source\PSoC5/isr_timer.c **** {
ARM GAS  C:\Users\pxc\AppData\Local\Temp\ccPND7ZD.s 			page 15


 390              		.loc 1 396 0
 391              		.cfi_startproc
 392              		@ args = 0, pretend = 0, frame = 0
 393              		@ frame_needed = 0, uses_anonymous_args = 0
 394              		@ link register save eliminated.
 397:.\Generated_Source\PSoC5/isr_timer.c ****     *isr_timer_INTC_SET_PD = isr_timer__INTC_MASK;
 395              		.loc 1 397 0
 396 0000 0422     		movs	r2, #4
 397 0002 014B     		ldr	r3, .L41
 398 0004 1A60     		str	r2, [r3]
 399 0006 7047     		bx	lr
 400              	.L42:
 401              		.align	2
 402              	.L41:
 403 0008 00E200E0 		.word	-536813056
 404              		.cfi_endproc
 405              	.LFE74:
 406              		.size	isr_timer_SetPending, .-isr_timer_SetPending
 407              		.section	.text.isr_timer_ClearPending,"ax",%progbits
 408              		.align	2
 409              		.global	isr_timer_ClearPending
 410              		.thumb
 411              		.thumb_func
 412              		.type	isr_timer_ClearPending, %function
 413              	isr_timer_ClearPending:
 414              	.LFB75:
 398:.\Generated_Source\PSoC5/isr_timer.c **** }
 399:.\Generated_Source\PSoC5/isr_timer.c **** 
 400:.\Generated_Source\PSoC5/isr_timer.c **** 
 401:.\Generated_Source\PSoC5/isr_timer.c **** /*******************************************************************************
 402:.\Generated_Source\PSoC5/isr_timer.c **** * Function Name: isr_timer_ClearPending
 403:.\Generated_Source\PSoC5/isr_timer.c **** ********************************************************************************
 404:.\Generated_Source\PSoC5/isr_timer.c **** *
 405:.\Generated_Source\PSoC5/isr_timer.c **** * Summary:
 406:.\Generated_Source\PSoC5/isr_timer.c **** *   Clears a pending interrupt in the interrupt controller.
 407:.\Generated_Source\PSoC5/isr_timer.c **** *
 408:.\Generated_Source\PSoC5/isr_timer.c **** *   Note Some interrupt sources are clear-on-read and require the block 
 409:.\Generated_Source\PSoC5/isr_timer.c **** *   interrupt/status register to be read/cleared with the appropriate block API 
 410:.\Generated_Source\PSoC5/isr_timer.c **** *   (GPIO, UART, and so on). Otherwise the ISR will continue to remain in 
 411:.\Generated_Source\PSoC5/isr_timer.c **** *   pending state even though the interrupt itself is cleared using this API.
 412:.\Generated_Source\PSoC5/isr_timer.c **** *
 413:.\Generated_Source\PSoC5/isr_timer.c **** * Parameters:
 414:.\Generated_Source\PSoC5/isr_timer.c **** *   None
 415:.\Generated_Source\PSoC5/isr_timer.c **** *
 416:.\Generated_Source\PSoC5/isr_timer.c **** * Return:
 417:.\Generated_Source\PSoC5/isr_timer.c **** *   None
 418:.\Generated_Source\PSoC5/isr_timer.c **** *
 419:.\Generated_Source\PSoC5/isr_timer.c **** *******************************************************************************/
 420:.\Generated_Source\PSoC5/isr_timer.c **** void isr_timer_ClearPending(void)
 421:.\Generated_Source\PSoC5/isr_timer.c **** {
 415              		.loc 1 421 0
 416              		.cfi_startproc
 417              		@ args = 0, pretend = 0, frame = 0
 418              		@ frame_needed = 0, uses_anonymous_args = 0
 419              		@ link register save eliminated.
 422:.\Generated_Source\PSoC5/isr_timer.c ****     *isr_timer_INTC_CLR_PD = isr_timer__INTC_MASK;
 420              		.loc 1 422 0
ARM GAS  C:\Users\pxc\AppData\Local\Temp\ccPND7ZD.s 			page 16


 421 0000 0422     		movs	r2, #4
 422 0002 014B     		ldr	r3, .L44
 423 0004 1A60     		str	r2, [r3]
 424 0006 7047     		bx	lr
 425              	.L45:
 426              		.align	2
 427              	.L44:
 428 0008 80E200E0 		.word	-536812928
 429              		.cfi_endproc
 430              	.LFE75:
 431              		.size	isr_timer_ClearPending, .-isr_timer_ClearPending
 432              		.comm	time_1s_state,2,2
 433              		.comm	time_1s,2,2
 434              		.comm	time_5ms_state,1,1
 435              		.comm	time_5ms,2,2
 436              		.comm	time_1ms,2,2
 437              		.text
 438              	.Letext0:
 439              		.file 2 "c:\\program files (x86)\\cypress\\psoc creator\\3.3\\psoc creator\\import\\gnu\\arm\\4.9.
 440              		.file 3 "c:\\program files (x86)\\cypress\\psoc creator\\3.3\\psoc creator\\import\\gnu\\arm\\4.9.
 441              		.file 4 "Generated_Source\\PSoC5/cytypes.h"
 442              		.file 5 "Generated_Source\\PSoC5/core_cm3.h"
 443              		.file 6 "./multi_timer.h"
 444              		.section	.debug_info,"",%progbits
 445              	.Ldebug_info0:
 446 0000 61030000 		.4byte	0x361
 447 0004 0400     		.2byte	0x4
 448 0006 00000000 		.4byte	.Ldebug_abbrev0
 449 000a 04       		.byte	0x4
 450 000b 01       		.uleb128 0x1
 451 000c D9010000 		.4byte	.LASF42
 452 0010 01       		.byte	0x1
 453 0011 D5020000 		.4byte	.LASF43
 454 0015 8B020000 		.4byte	.LASF44
 455 0019 00000000 		.4byte	.Ldebug_ranges0+0
 456 001d 00000000 		.4byte	0
 457 0021 00000000 		.4byte	.Ldebug_line0
 458 0025 02       		.uleb128 0x2
 459 0026 04       		.byte	0x4
 460 0027 05       		.byte	0x5
 461 0028 696E7400 		.ascii	"int\000"
 462 002c 03       		.uleb128 0x3
 463 002d 04       		.byte	0x4
 464 002e 07       		.byte	0x7
 465 002f 61010000 		.4byte	.LASF0
 466 0033 03       		.uleb128 0x3
 467 0034 01       		.byte	0x1
 468 0035 06       		.byte	0x6
 469 0036 1C030000 		.4byte	.LASF1
 470 003a 03       		.uleb128 0x3
 471 003b 01       		.byte	0x1
 472 003c 08       		.byte	0x8
 473 003d 9D000000 		.4byte	.LASF2
 474 0041 03       		.uleb128 0x3
 475 0042 02       		.byte	0x2
 476 0043 05       		.byte	0x5
 477 0044 27010000 		.4byte	.LASF3
ARM GAS  C:\Users\pxc\AppData\Local\Temp\ccPND7ZD.s 			page 17


 478 0048 03       		.uleb128 0x3
 479 0049 02       		.byte	0x2
 480 004a 07       		.byte	0x7
 481 004b CA000000 		.4byte	.LASF4
 482 004f 04       		.uleb128 0x4
 483 0050 1A000000 		.4byte	.LASF11
 484 0054 02       		.byte	0x2
 485 0055 3F       		.byte	0x3f
 486 0056 5A000000 		.4byte	0x5a
 487 005a 03       		.uleb128 0x3
 488 005b 04       		.byte	0x4
 489 005c 05       		.byte	0x5
 490 005d 13030000 		.4byte	.LASF5
 491 0061 03       		.uleb128 0x3
 492 0062 04       		.byte	0x4
 493 0063 07       		.byte	0x7
 494 0064 B8000000 		.4byte	.LASF6
 495 0068 03       		.uleb128 0x3
 496 0069 08       		.byte	0x8
 497 006a 05       		.byte	0x5
 498 006b 67020000 		.4byte	.LASF7
 499 006f 03       		.uleb128 0x3
 500 0070 08       		.byte	0x8
 501 0071 07       		.byte	0x7
 502 0072 76010000 		.4byte	.LASF8
 503 0076 03       		.uleb128 0x3
 504 0077 04       		.byte	0x4
 505 0078 07       		.byte	0x7
 506 0079 D0010000 		.4byte	.LASF9
 507 007d 05       		.uleb128 0x5
 508 007e 04       		.byte	0x4
 509 007f 83000000 		.4byte	0x83
 510 0083 06       		.uleb128 0x6
 511 0084 03       		.uleb128 0x3
 512 0085 01       		.byte	0x1
 513 0086 08       		.byte	0x8
 514 0087 C1020000 		.4byte	.LASF10
 515 008b 04       		.uleb128 0x4
 516 008c C8010000 		.4byte	.LASF12
 517 0090 03       		.byte	0x3
 518 0091 2C       		.byte	0x2c
 519 0092 4F000000 		.4byte	0x4f
 520 0096 04       		.uleb128 0x4
 521 0097 0D030000 		.4byte	.LASF13
 522 009b 04       		.byte	0x4
 523 009c C2       		.byte	0xc2
 524 009d 3A000000 		.4byte	0x3a
 525 00a1 04       		.uleb128 0x4
 526 00a2 3A010000 		.4byte	.LASF14
 527 00a6 04       		.byte	0x4
 528 00a7 C3       		.byte	0xc3
 529 00a8 48000000 		.4byte	0x48
 530 00ac 04       		.uleb128 0x4
 531 00ad 5A010000 		.4byte	.LASF15
 532 00b1 04       		.byte	0x4
 533 00b2 C4       		.byte	0xc4
 534 00b3 61000000 		.4byte	0x61
ARM GAS  C:\Users\pxc\AppData\Local\Temp\ccPND7ZD.s 			page 18


 535 00b7 03       		.uleb128 0x3
 536 00b8 04       		.byte	0x4
 537 00b9 04       		.byte	0x4
 538 00ba 97000000 		.4byte	.LASF16
 539 00be 03       		.uleb128 0x3
 540 00bf 08       		.byte	0x8
 541 00c0 04       		.byte	0x4
 542 00c1 20010000 		.4byte	.LASF17
 543 00c5 07       		.uleb128 0x7
 544 00c6 B3000000 		.4byte	.LASF18
 545 00ca 04       		.byte	0x4
 546 00cb 6C01     		.2byte	0x16c
 547 00cd D1000000 		.4byte	0xd1
 548 00d1 08       		.uleb128 0x8
 549 00d2 96000000 		.4byte	0x96
 550 00d6 07       		.uleb128 0x7
 551 00d7 14000000 		.4byte	.LASF19
 552 00db 04       		.byte	0x4
 553 00dc 6E01     		.2byte	0x16e
 554 00de E2000000 		.4byte	0xe2
 555 00e2 08       		.uleb128 0x8
 556 00e3 AC000000 		.4byte	0xac
 557 00e7 07       		.uleb128 0x7
 558 00e8 BB010000 		.4byte	.LASF20
 559 00ec 04       		.byte	0x4
 560 00ed 7E01     		.2byte	0x17e
 561 00ef 7D000000 		.4byte	0x7d
 562 00f3 09       		.uleb128 0x9
 563 00f4 DD000000 		.4byte	.LASF21
 564 00f8 01       		.byte	0x1
 565 00f9 A6       		.byte	0xa6
 566 00fa 00000000 		.4byte	.LFB66
 567 00fe 50000000 		.4byte	.LFE66-.LFB66
 568 0102 01       		.uleb128 0x1
 569 0103 9C       		.byte	0x9c
 570 0104 12010000 		.4byte	0x112
 571 0108 0A       		.uleb128 0xa
 572 0109 3C000000 		.4byte	.LVL0
 573 010d 5D030000 		.4byte	0x35d
 574 0111 00       		.byte	0
 575 0112 09       		.uleb128 0x9
 576 0113 00000000 		.4byte	.LASF22
 577 0117 01       		.byte	0x1
 578 0118 DB       		.byte	0xdb
 579 0119 00000000 		.4byte	.LFB67
 580 011d 0C000000 		.4byte	.LFE67-.LFB67
 581 0121 01       		.uleb128 0x1
 582 0122 9C       		.byte	0x9c
 583 0123 42010000 		.4byte	0x142
 584 0127 0B       		.uleb128 0xb
 585 0128 6E010000 		.4byte	.LASF25
 586 012c 01       		.byte	0x1
 587 012d DB       		.byte	0xdb
 588 012e E7000000 		.4byte	0xe7
 589 0132 01       		.uleb128 0x1
 590 0133 50       		.byte	0x50
 591 0134 0C       		.uleb128 0xc
ARM GAS  C:\Users\pxc\AppData\Local\Temp\ccPND7ZD.s 			page 19


 592 0135 C6020000 		.4byte	.LASF23
 593 0139 01       		.byte	0x1
 594 013a DD       		.byte	0xdd
 595 013b 42010000 		.4byte	0x142
 596 013f 01       		.uleb128 0x1
 597 0140 53       		.byte	0x53
 598 0141 00       		.byte	0
 599 0142 05       		.uleb128 0x5
 600 0143 04       		.byte	0x4
 601 0144 E7000000 		.4byte	0xe7
 602 0148 0D       		.uleb128 0xd
 603 0149 5C000000 		.4byte	.LASF27
 604 014d 01       		.byte	0x1
 605 014e F3       		.byte	0xf3
 606 014f E7000000 		.4byte	0xe7
 607 0153 00000000 		.4byte	.LFB68
 608 0157 0C000000 		.4byte	.LFE68-.LFB68
 609 015b 01       		.uleb128 0x1
 610 015c 9C       		.byte	0x9c
 611 015d 6F010000 		.4byte	0x16f
 612 0161 0C       		.uleb128 0xc
 613 0162 C6020000 		.4byte	.LASF23
 614 0166 01       		.byte	0x1
 615 0167 F5       		.byte	0xf5
 616 0168 42010000 		.4byte	0x142
 617 016c 01       		.uleb128 0x1
 618 016d 53       		.byte	0x53
 619 016e 00       		.byte	0
 620 016f 0E       		.uleb128 0xe
 621 0170 75020000 		.4byte	.LASF24
 622 0174 01       		.byte	0x1
 623 0175 1501     		.2byte	0x115
 624 0177 00000000 		.4byte	.LFB69
 625 017b 10000000 		.4byte	.LFE69-.LFB69
 626 017f 01       		.uleb128 0x1
 627 0180 9C       		.byte	0x9c
 628 0181 96010000 		.4byte	0x196
 629 0185 0F       		.uleb128 0xf
 630 0186 31010000 		.4byte	.LASF26
 631 018a 01       		.byte	0x1
 632 018b 1501     		.2byte	0x115
 633 018d 96000000 		.4byte	0x96
 634 0191 00000000 		.4byte	.LLST0
 635 0195 00       		.byte	0
 636 0196 10       		.uleb128 0x10
 637 0197 0A010000 		.4byte	.LASF28
 638 019b 01       		.byte	0x1
 639 019c 2B01     		.2byte	0x12b
 640 019e 96000000 		.4byte	0x96
 641 01a2 00000000 		.4byte	.LFB70
 642 01a6 0C000000 		.4byte	.LFE70-.LFB70
 643 01aa 01       		.uleb128 0x1
 644 01ab 9C       		.byte	0x9c
 645 01ac C1010000 		.4byte	0x1c1
 646 01b0 11       		.uleb128 0x11
 647 01b1 31010000 		.4byte	.LASF26
 648 01b5 01       		.byte	0x1
ARM GAS  C:\Users\pxc\AppData\Local\Temp\ccPND7ZD.s 			page 20


 649 01b6 2D01     		.2byte	0x12d
 650 01b8 96000000 		.4byte	0x96
 651 01bc 21000000 		.4byte	.LLST1
 652 01c0 00       		.byte	0
 653 01c1 12       		.uleb128 0x12
 654 01c2 8D010000 		.4byte	.LASF29
 655 01c6 01       		.byte	0x1
 656 01c7 4601     		.2byte	0x146
 657 01c9 00000000 		.4byte	.LFB71
 658 01cd 0C000000 		.4byte	.LFE71-.LFB71
 659 01d1 01       		.uleb128 0x1
 660 01d2 9C       		.byte	0x9c
 661 01d3 13       		.uleb128 0x13
 662 01d4 FA020000 		.4byte	.LASF45
 663 01d8 01       		.byte	0x1
 664 01d9 5B01     		.2byte	0x15b
 665 01db 96000000 		.4byte	0x96
 666 01df 00000000 		.4byte	.LFB72
 667 01e3 18000000 		.4byte	.LFE72-.LFB72
 668 01e7 01       		.uleb128 0x1
 669 01e8 9C       		.byte	0x9c
 670 01e9 12       		.uleb128 0x12
 671 01ea 3B000000 		.4byte	.LASF30
 672 01ee 01       		.byte	0x1
 673 01ef 7001     		.2byte	0x170
 674 01f1 00000000 		.4byte	.LFB73
 675 01f5 0C000000 		.4byte	.LFE73-.LFB73
 676 01f9 01       		.uleb128 0x1
 677 01fa 9C       		.byte	0x9c
 678 01fb 09       		.uleb128 0x9
 679 01fc 41010000 		.4byte	.LASF31
 680 0200 01       		.byte	0x1
 681 0201 43       		.byte	0x43
 682 0202 00000000 		.4byte	.LFB63
 683 0206 1C000000 		.4byte	.LFE63-.LFB63
 684 020a 01       		.uleb128 0x1
 685 020b 9C       		.byte	0x9c
 686 020c 4D020000 		.4byte	0x24d
 687 0210 0A       		.uleb128 0xa
 688 0211 06000000 		.4byte	.LVL8
 689 0215 E9010000 		.4byte	0x1e9
 690 0219 14       		.uleb128 0x14
 691 021a 0C000000 		.4byte	.LVL9
 692 021e 12010000 		.4byte	0x112
 693 0222 30020000 		.4byte	0x230
 694 0226 15       		.uleb128 0x15
 695 0227 01       		.uleb128 0x1
 696 0228 50       		.byte	0x50
 697 0229 05       		.uleb128 0x5
 698 022a 03       		.byte	0x3
 699 022b 00000000 		.4byte	isr_timer_Interrupt
 700 022f 00       		.byte	0
 701 0230 14       		.uleb128 0x14
 702 0231 12000000 		.4byte	.LVL10
 703 0235 6F010000 		.4byte	0x16f
 704 0239 43020000 		.4byte	0x243
 705 023d 15       		.uleb128 0x15
ARM GAS  C:\Users\pxc\AppData\Local\Temp\ccPND7ZD.s 			page 21


 706 023e 01       		.uleb128 0x1
 707 023f 50       		.byte	0x50
 708 0240 01       		.uleb128 0x1
 709 0241 37       		.byte	0x37
 710 0242 00       		.byte	0
 711 0243 0A       		.uleb128 0xa
 712 0244 16000000 		.4byte	.LVL11
 713 0248 C1010000 		.4byte	0x1c1
 714 024c 00       		.byte	0
 715 024d 09       		.uleb128 0x9
 716 024e 70000000 		.4byte	.LASF32
 717 0252 01       		.byte	0x1
 718 0253 6E       		.byte	0x6e
 719 0254 00000000 		.4byte	.LFB64
 720 0258 1A000000 		.4byte	.LFE64-.LFB64
 721 025c 01       		.uleb128 0x1
 722 025d 9C       		.byte	0x9c
 723 025e AB020000 		.4byte	0x2ab
 724 0262 16       		.uleb128 0x16
 725 0263 6E010000 		.4byte	.LASF25
 726 0267 01       		.byte	0x1
 727 0268 6E       		.byte	0x6e
 728 0269 E7000000 		.4byte	0xe7
 729 026d 38000000 		.4byte	.LLST2
 730 0271 0A       		.uleb128 0xa
 731 0272 08000000 		.4byte	.LVL13
 732 0276 E9010000 		.4byte	0x1e9
 733 027a 14       		.uleb128 0x14
 734 027b 0E000000 		.4byte	.LVL14
 735 027f 12010000 		.4byte	0x112
 736 0283 8E020000 		.4byte	0x28e
 737 0287 15       		.uleb128 0x15
 738 0288 01       		.uleb128 0x1
 739 0289 50       		.byte	0x50
 740 028a 02       		.uleb128 0x2
 741 028b 74       		.byte	0x74
 742 028c 00       		.sleb128 0
 743 028d 00       		.byte	0
 744 028e 14       		.uleb128 0x14
 745 028f 14000000 		.4byte	.LVL15
 746 0293 6F010000 		.4byte	0x16f
 747 0297 A1020000 		.4byte	0x2a1
 748 029b 15       		.uleb128 0x15
 749 029c 01       		.uleb128 0x1
 750 029d 50       		.byte	0x50
 751 029e 01       		.uleb128 0x1
 752 029f 37       		.byte	0x37
 753 02a0 00       		.byte	0
 754 02a1 0A       		.uleb128 0xa
 755 02a2 18000000 		.4byte	.LVL16
 756 02a6 C1010000 		.4byte	0x1c1
 757 02aa 00       		.byte	0
 758 02ab 09       		.uleb128 0x9
 759 02ac 9E010000 		.4byte	.LASF33
 760 02b0 01       		.byte	0x1
 761 02b1 8C       		.byte	0x8c
 762 02b2 00000000 		.4byte	.LFB65
ARM GAS  C:\Users\pxc\AppData\Local\Temp\ccPND7ZD.s 			page 22


 763 02b6 14000000 		.4byte	.LFE65-.LFB65
 764 02ba 01       		.uleb128 0x1
 765 02bb 9C       		.byte	0x9c
 766 02bc D3020000 		.4byte	0x2d3
 767 02c0 0A       		.uleb128 0xa
 768 02c1 06000000 		.4byte	.LVL17
 769 02c5 E9010000 		.4byte	0x1e9
 770 02c9 0A       		.uleb128 0xa
 771 02ca 0C000000 		.4byte	.LVL18
 772 02ce 12010000 		.4byte	0x112
 773 02d2 00       		.byte	0
 774 02d3 12       		.uleb128 0x12
 775 02d4 82000000 		.4byte	.LASF34
 776 02d8 01       		.byte	0x1
 777 02d9 8B01     		.2byte	0x18b
 778 02db 00000000 		.4byte	.LFB74
 779 02df 0C000000 		.4byte	.LFE74-.LFB74
 780 02e3 01       		.uleb128 0x1
 781 02e4 9C       		.byte	0x9c
 782 02e5 12       		.uleb128 0x12
 783 02e6 24000000 		.4byte	.LASF35
 784 02ea 01       		.byte	0x1
 785 02eb A401     		.2byte	0x1a4
 786 02ed 00000000 		.4byte	.LFB75
 787 02f1 0C000000 		.4byte	.LFE75-.LFB75
 788 02f5 01       		.uleb128 0x1
 789 02f6 9C       		.byte	0x9c
 790 02f7 17       		.uleb128 0x17
 791 02f8 F1000000 		.4byte	.LASF36
 792 02fc 05       		.byte	0x5
 793 02fd 2A06     		.2byte	0x62a
 794 02ff 03030000 		.4byte	0x303
 795 0303 08       		.uleb128 0x8
 796 0304 8B000000 		.4byte	0x8b
 797 0308 18       		.uleb128 0x18
 798 0309 51010000 		.4byte	.LASF37
 799 030d 01       		.byte	0x1
 800 030e 20       		.byte	0x20
 801 030f A1000000 		.4byte	0xa1
 802 0313 05       		.uleb128 0x5
 803 0314 03       		.byte	0x3
 804 0315 00000000 		.4byte	time_1ms
 805 0319 18       		.uleb128 0x18
 806 031a 28030000 		.4byte	.LASF38
 807 031e 01       		.byte	0x1
 808 031f 21       		.byte	0x21
 809 0320 A1000000 		.4byte	0xa1
 810 0324 05       		.uleb128 0x5
 811 0325 03       		.byte	0x3
 812 0326 00000000 		.4byte	time_5ms
 813 032a 18       		.uleb128 0x18
 814 032b 4D000000 		.4byte	.LASF39
 815 032f 01       		.byte	0x1
 816 0330 22       		.byte	0x22
 817 0331 96000000 		.4byte	0x96
 818 0335 05       		.uleb128 0x5
 819 0336 03       		.byte	0x3
ARM GAS  C:\Users\pxc\AppData\Local\Temp\ccPND7ZD.s 			page 23


 820 0337 00000000 		.4byte	time_5ms_state
 821 033b 18       		.uleb128 0x18
 822 033c AB000000 		.4byte	.LASF40
 823 0340 01       		.byte	0x1
 824 0341 23       		.byte	0x23
 825 0342 A1000000 		.4byte	0xa1
 826 0346 05       		.uleb128 0x5
 827 0347 03       		.byte	0x3
 828 0348 00000000 		.4byte	time_1s
 829 034c 18       		.uleb128 0x18
 830 034d AD010000 		.4byte	.LASF41
 831 0351 01       		.byte	0x1
 832 0352 24       		.byte	0x24
 833 0353 A1000000 		.4byte	0xa1
 834 0357 05       		.uleb128 0x5
 835 0358 03       		.byte	0x3
 836 0359 00000000 		.4byte	time_1s_state
 837 035d 19       		.uleb128 0x19
 838 035e FE000000 		.4byte	.LASF46
 839 0362 06       		.byte	0x6
 840 0363 21       		.byte	0x21
 841 0364 00       		.byte	0
 842              		.section	.debug_abbrev,"",%progbits
 843              	.Ldebug_abbrev0:
 844 0000 01       		.uleb128 0x1
 845 0001 11       		.uleb128 0x11
 846 0002 01       		.byte	0x1
 847 0003 25       		.uleb128 0x25
 848 0004 0E       		.uleb128 0xe
 849 0005 13       		.uleb128 0x13
 850 0006 0B       		.uleb128 0xb
 851 0007 03       		.uleb128 0x3
 852 0008 0E       		.uleb128 0xe
 853 0009 1B       		.uleb128 0x1b
 854 000a 0E       		.uleb128 0xe
 855 000b 55       		.uleb128 0x55
 856 000c 17       		.uleb128 0x17
 857 000d 11       		.uleb128 0x11
 858 000e 01       		.uleb128 0x1
 859 000f 10       		.uleb128 0x10
 860 0010 17       		.uleb128 0x17
 861 0011 00       		.byte	0
 862 0012 00       		.byte	0
 863 0013 02       		.uleb128 0x2
 864 0014 24       		.uleb128 0x24
 865 0015 00       		.byte	0
 866 0016 0B       		.uleb128 0xb
 867 0017 0B       		.uleb128 0xb
 868 0018 3E       		.uleb128 0x3e
 869 0019 0B       		.uleb128 0xb
 870 001a 03       		.uleb128 0x3
 871 001b 08       		.uleb128 0x8
 872 001c 00       		.byte	0
 873 001d 00       		.byte	0
 874 001e 03       		.uleb128 0x3
 875 001f 24       		.uleb128 0x24
 876 0020 00       		.byte	0
ARM GAS  C:\Users\pxc\AppData\Local\Temp\ccPND7ZD.s 			page 24


 877 0021 0B       		.uleb128 0xb
 878 0022 0B       		.uleb128 0xb
 879 0023 3E       		.uleb128 0x3e
 880 0024 0B       		.uleb128 0xb
 881 0025 03       		.uleb128 0x3
 882 0026 0E       		.uleb128 0xe
 883 0027 00       		.byte	0
 884 0028 00       		.byte	0
 885 0029 04       		.uleb128 0x4
 886 002a 16       		.uleb128 0x16
 887 002b 00       		.byte	0
 888 002c 03       		.uleb128 0x3
 889 002d 0E       		.uleb128 0xe
 890 002e 3A       		.uleb128 0x3a
 891 002f 0B       		.uleb128 0xb
 892 0030 3B       		.uleb128 0x3b
 893 0031 0B       		.uleb128 0xb
 894 0032 49       		.uleb128 0x49
 895 0033 13       		.uleb128 0x13
 896 0034 00       		.byte	0
 897 0035 00       		.byte	0
 898 0036 05       		.uleb128 0x5
 899 0037 0F       		.uleb128 0xf
 900 0038 00       		.byte	0
 901 0039 0B       		.uleb128 0xb
 902 003a 0B       		.uleb128 0xb
 903 003b 49       		.uleb128 0x49
 904 003c 13       		.uleb128 0x13
 905 003d 00       		.byte	0
 906 003e 00       		.byte	0
 907 003f 06       		.uleb128 0x6
 908 0040 15       		.uleb128 0x15
 909 0041 00       		.byte	0
 910 0042 27       		.uleb128 0x27
 911 0043 19       		.uleb128 0x19
 912 0044 00       		.byte	0
 913 0045 00       		.byte	0
 914 0046 07       		.uleb128 0x7
 915 0047 16       		.uleb128 0x16
 916 0048 00       		.byte	0
 917 0049 03       		.uleb128 0x3
 918 004a 0E       		.uleb128 0xe
 919 004b 3A       		.uleb128 0x3a
 920 004c 0B       		.uleb128 0xb
 921 004d 3B       		.uleb128 0x3b
 922 004e 05       		.uleb128 0x5
 923 004f 49       		.uleb128 0x49
 924 0050 13       		.uleb128 0x13
 925 0051 00       		.byte	0
 926 0052 00       		.byte	0
 927 0053 08       		.uleb128 0x8
 928 0054 35       		.uleb128 0x35
 929 0055 00       		.byte	0
 930 0056 49       		.uleb128 0x49
 931 0057 13       		.uleb128 0x13
 932 0058 00       		.byte	0
 933 0059 00       		.byte	0
ARM GAS  C:\Users\pxc\AppData\Local\Temp\ccPND7ZD.s 			page 25


 934 005a 09       		.uleb128 0x9
 935 005b 2E       		.uleb128 0x2e
 936 005c 01       		.byte	0x1
 937 005d 3F       		.uleb128 0x3f
 938 005e 19       		.uleb128 0x19
 939 005f 03       		.uleb128 0x3
 940 0060 0E       		.uleb128 0xe
 941 0061 3A       		.uleb128 0x3a
 942 0062 0B       		.uleb128 0xb
 943 0063 3B       		.uleb128 0x3b
 944 0064 0B       		.uleb128 0xb
 945 0065 27       		.uleb128 0x27
 946 0066 19       		.uleb128 0x19
 947 0067 11       		.uleb128 0x11
 948 0068 01       		.uleb128 0x1
 949 0069 12       		.uleb128 0x12
 950 006a 06       		.uleb128 0x6
 951 006b 40       		.uleb128 0x40
 952 006c 18       		.uleb128 0x18
 953 006d 9742     		.uleb128 0x2117
 954 006f 19       		.uleb128 0x19
 955 0070 01       		.uleb128 0x1
 956 0071 13       		.uleb128 0x13
 957 0072 00       		.byte	0
 958 0073 00       		.byte	0
 959 0074 0A       		.uleb128 0xa
 960 0075 898201   		.uleb128 0x4109
 961 0078 00       		.byte	0
 962 0079 11       		.uleb128 0x11
 963 007a 01       		.uleb128 0x1
 964 007b 31       		.uleb128 0x31
 965 007c 13       		.uleb128 0x13
 966 007d 00       		.byte	0
 967 007e 00       		.byte	0
 968 007f 0B       		.uleb128 0xb
 969 0080 05       		.uleb128 0x5
 970 0081 00       		.byte	0
 971 0082 03       		.uleb128 0x3
 972 0083 0E       		.uleb128 0xe
 973 0084 3A       		.uleb128 0x3a
 974 0085 0B       		.uleb128 0xb
 975 0086 3B       		.uleb128 0x3b
 976 0087 0B       		.uleb128 0xb
 977 0088 49       		.uleb128 0x49
 978 0089 13       		.uleb128 0x13
 979 008a 02       		.uleb128 0x2
 980 008b 18       		.uleb128 0x18
 981 008c 00       		.byte	0
 982 008d 00       		.byte	0
 983 008e 0C       		.uleb128 0xc
 984 008f 34       		.uleb128 0x34
 985 0090 00       		.byte	0
 986 0091 03       		.uleb128 0x3
 987 0092 0E       		.uleb128 0xe
 988 0093 3A       		.uleb128 0x3a
 989 0094 0B       		.uleb128 0xb
 990 0095 3B       		.uleb128 0x3b
ARM GAS  C:\Users\pxc\AppData\Local\Temp\ccPND7ZD.s 			page 26


 991 0096 0B       		.uleb128 0xb
 992 0097 49       		.uleb128 0x49
 993 0098 13       		.uleb128 0x13
 994 0099 02       		.uleb128 0x2
 995 009a 18       		.uleb128 0x18
 996 009b 00       		.byte	0
 997 009c 00       		.byte	0
 998 009d 0D       		.uleb128 0xd
 999 009e 2E       		.uleb128 0x2e
 1000 009f 01       		.byte	0x1
 1001 00a0 3F       		.uleb128 0x3f
 1002 00a1 19       		.uleb128 0x19
 1003 00a2 03       		.uleb128 0x3
 1004 00a3 0E       		.uleb128 0xe
 1005 00a4 3A       		.uleb128 0x3a
 1006 00a5 0B       		.uleb128 0xb
 1007 00a6 3B       		.uleb128 0x3b
 1008 00a7 0B       		.uleb128 0xb
 1009 00a8 27       		.uleb128 0x27
 1010 00a9 19       		.uleb128 0x19
 1011 00aa 49       		.uleb128 0x49
 1012 00ab 13       		.uleb128 0x13
 1013 00ac 11       		.uleb128 0x11
 1014 00ad 01       		.uleb128 0x1
 1015 00ae 12       		.uleb128 0x12
 1016 00af 06       		.uleb128 0x6
 1017 00b0 40       		.uleb128 0x40
 1018 00b1 18       		.uleb128 0x18
 1019 00b2 9742     		.uleb128 0x2117
 1020 00b4 19       		.uleb128 0x19
 1021 00b5 01       		.uleb128 0x1
 1022 00b6 13       		.uleb128 0x13
 1023 00b7 00       		.byte	0
 1024 00b8 00       		.byte	0
 1025 00b9 0E       		.uleb128 0xe
 1026 00ba 2E       		.uleb128 0x2e
 1027 00bb 01       		.byte	0x1
 1028 00bc 3F       		.uleb128 0x3f
 1029 00bd 19       		.uleb128 0x19
 1030 00be 03       		.uleb128 0x3
 1031 00bf 0E       		.uleb128 0xe
 1032 00c0 3A       		.uleb128 0x3a
 1033 00c1 0B       		.uleb128 0xb
 1034 00c2 3B       		.uleb128 0x3b
 1035 00c3 05       		.uleb128 0x5
 1036 00c4 27       		.uleb128 0x27
 1037 00c5 19       		.uleb128 0x19
 1038 00c6 11       		.uleb128 0x11
 1039 00c7 01       		.uleb128 0x1
 1040 00c8 12       		.uleb128 0x12
 1041 00c9 06       		.uleb128 0x6
 1042 00ca 40       		.uleb128 0x40
 1043 00cb 18       		.uleb128 0x18
 1044 00cc 9742     		.uleb128 0x2117
 1045 00ce 19       		.uleb128 0x19
 1046 00cf 01       		.uleb128 0x1
 1047 00d0 13       		.uleb128 0x13
ARM GAS  C:\Users\pxc\AppData\Local\Temp\ccPND7ZD.s 			page 27


 1048 00d1 00       		.byte	0
 1049 00d2 00       		.byte	0
 1050 00d3 0F       		.uleb128 0xf
 1051 00d4 05       		.uleb128 0x5
 1052 00d5 00       		.byte	0
 1053 00d6 03       		.uleb128 0x3
 1054 00d7 0E       		.uleb128 0xe
 1055 00d8 3A       		.uleb128 0x3a
 1056 00d9 0B       		.uleb128 0xb
 1057 00da 3B       		.uleb128 0x3b
 1058 00db 05       		.uleb128 0x5
 1059 00dc 49       		.uleb128 0x49
 1060 00dd 13       		.uleb128 0x13
 1061 00de 02       		.uleb128 0x2
 1062 00df 17       		.uleb128 0x17
 1063 00e0 00       		.byte	0
 1064 00e1 00       		.byte	0
 1065 00e2 10       		.uleb128 0x10
 1066 00e3 2E       		.uleb128 0x2e
 1067 00e4 01       		.byte	0x1
 1068 00e5 3F       		.uleb128 0x3f
 1069 00e6 19       		.uleb128 0x19
 1070 00e7 03       		.uleb128 0x3
 1071 00e8 0E       		.uleb128 0xe
 1072 00e9 3A       		.uleb128 0x3a
 1073 00ea 0B       		.uleb128 0xb
 1074 00eb 3B       		.uleb128 0x3b
 1075 00ec 05       		.uleb128 0x5
 1076 00ed 27       		.uleb128 0x27
 1077 00ee 19       		.uleb128 0x19
 1078 00ef 49       		.uleb128 0x49
 1079 00f0 13       		.uleb128 0x13
 1080 00f1 11       		.uleb128 0x11
 1081 00f2 01       		.uleb128 0x1
 1082 00f3 12       		.uleb128 0x12
 1083 00f4 06       		.uleb128 0x6
 1084 00f5 40       		.uleb128 0x40
 1085 00f6 18       		.uleb128 0x18
 1086 00f7 9742     		.uleb128 0x2117
 1087 00f9 19       		.uleb128 0x19
 1088 00fa 01       		.uleb128 0x1
 1089 00fb 13       		.uleb128 0x13
 1090 00fc 00       		.byte	0
 1091 00fd 00       		.byte	0
 1092 00fe 11       		.uleb128 0x11
 1093 00ff 34       		.uleb128 0x34
 1094 0100 00       		.byte	0
 1095 0101 03       		.uleb128 0x3
 1096 0102 0E       		.uleb128 0xe
 1097 0103 3A       		.uleb128 0x3a
 1098 0104 0B       		.uleb128 0xb
 1099 0105 3B       		.uleb128 0x3b
 1100 0106 05       		.uleb128 0x5
 1101 0107 49       		.uleb128 0x49
 1102 0108 13       		.uleb128 0x13
 1103 0109 02       		.uleb128 0x2
 1104 010a 17       		.uleb128 0x17
ARM GAS  C:\Users\pxc\AppData\Local\Temp\ccPND7ZD.s 			page 28


 1105 010b 00       		.byte	0
 1106 010c 00       		.byte	0
 1107 010d 12       		.uleb128 0x12
 1108 010e 2E       		.uleb128 0x2e
 1109 010f 00       		.byte	0
 1110 0110 3F       		.uleb128 0x3f
 1111 0111 19       		.uleb128 0x19
 1112 0112 03       		.uleb128 0x3
 1113 0113 0E       		.uleb128 0xe
 1114 0114 3A       		.uleb128 0x3a
 1115 0115 0B       		.uleb128 0xb
 1116 0116 3B       		.uleb128 0x3b
 1117 0117 05       		.uleb128 0x5
 1118 0118 27       		.uleb128 0x27
 1119 0119 19       		.uleb128 0x19
 1120 011a 11       		.uleb128 0x11
 1121 011b 01       		.uleb128 0x1
 1122 011c 12       		.uleb128 0x12
 1123 011d 06       		.uleb128 0x6
 1124 011e 40       		.uleb128 0x40
 1125 011f 18       		.uleb128 0x18
 1126 0120 9742     		.uleb128 0x2117
 1127 0122 19       		.uleb128 0x19
 1128 0123 00       		.byte	0
 1129 0124 00       		.byte	0
 1130 0125 13       		.uleb128 0x13
 1131 0126 2E       		.uleb128 0x2e
 1132 0127 00       		.byte	0
 1133 0128 3F       		.uleb128 0x3f
 1134 0129 19       		.uleb128 0x19
 1135 012a 03       		.uleb128 0x3
 1136 012b 0E       		.uleb128 0xe
 1137 012c 3A       		.uleb128 0x3a
 1138 012d 0B       		.uleb128 0xb
 1139 012e 3B       		.uleb128 0x3b
 1140 012f 05       		.uleb128 0x5
 1141 0130 27       		.uleb128 0x27
 1142 0131 19       		.uleb128 0x19
 1143 0132 49       		.uleb128 0x49
 1144 0133 13       		.uleb128 0x13
 1145 0134 11       		.uleb128 0x11
 1146 0135 01       		.uleb128 0x1
 1147 0136 12       		.uleb128 0x12
 1148 0137 06       		.uleb128 0x6
 1149 0138 40       		.uleb128 0x40
 1150 0139 18       		.uleb128 0x18
 1151 013a 9742     		.uleb128 0x2117
 1152 013c 19       		.uleb128 0x19
 1153 013d 00       		.byte	0
 1154 013e 00       		.byte	0
 1155 013f 14       		.uleb128 0x14
 1156 0140 898201   		.uleb128 0x4109
 1157 0143 01       		.byte	0x1
 1158 0144 11       		.uleb128 0x11
 1159 0145 01       		.uleb128 0x1
 1160 0146 31       		.uleb128 0x31
 1161 0147 13       		.uleb128 0x13
ARM GAS  C:\Users\pxc\AppData\Local\Temp\ccPND7ZD.s 			page 29


 1162 0148 01       		.uleb128 0x1
 1163 0149 13       		.uleb128 0x13
 1164 014a 00       		.byte	0
 1165 014b 00       		.byte	0
 1166 014c 15       		.uleb128 0x15
 1167 014d 8A8201   		.uleb128 0x410a
 1168 0150 00       		.byte	0
 1169 0151 02       		.uleb128 0x2
 1170 0152 18       		.uleb128 0x18
 1171 0153 9142     		.uleb128 0x2111
 1172 0155 18       		.uleb128 0x18
 1173 0156 00       		.byte	0
 1174 0157 00       		.byte	0
 1175 0158 16       		.uleb128 0x16
 1176 0159 05       		.uleb128 0x5
 1177 015a 00       		.byte	0
 1178 015b 03       		.uleb128 0x3
 1179 015c 0E       		.uleb128 0xe
 1180 015d 3A       		.uleb128 0x3a
 1181 015e 0B       		.uleb128 0xb
 1182 015f 3B       		.uleb128 0x3b
 1183 0160 0B       		.uleb128 0xb
 1184 0161 49       		.uleb128 0x49
 1185 0162 13       		.uleb128 0x13
 1186 0163 02       		.uleb128 0x2
 1187 0164 17       		.uleb128 0x17
 1188 0165 00       		.byte	0
 1189 0166 00       		.byte	0
 1190 0167 17       		.uleb128 0x17
 1191 0168 34       		.uleb128 0x34
 1192 0169 00       		.byte	0
 1193 016a 03       		.uleb128 0x3
 1194 016b 0E       		.uleb128 0xe
 1195 016c 3A       		.uleb128 0x3a
 1196 016d 0B       		.uleb128 0xb
 1197 016e 3B       		.uleb128 0x3b
 1198 016f 05       		.uleb128 0x5
 1199 0170 49       		.uleb128 0x49
 1200 0171 13       		.uleb128 0x13
 1201 0172 3F       		.uleb128 0x3f
 1202 0173 19       		.uleb128 0x19
 1203 0174 3C       		.uleb128 0x3c
 1204 0175 19       		.uleb128 0x19
 1205 0176 00       		.byte	0
 1206 0177 00       		.byte	0
 1207 0178 18       		.uleb128 0x18
 1208 0179 34       		.uleb128 0x34
 1209 017a 00       		.byte	0
 1210 017b 03       		.uleb128 0x3
 1211 017c 0E       		.uleb128 0xe
 1212 017d 3A       		.uleb128 0x3a
 1213 017e 0B       		.uleb128 0xb
 1214 017f 3B       		.uleb128 0x3b
 1215 0180 0B       		.uleb128 0xb
 1216 0181 49       		.uleb128 0x49
 1217 0182 13       		.uleb128 0x13
 1218 0183 3F       		.uleb128 0x3f
ARM GAS  C:\Users\pxc\AppData\Local\Temp\ccPND7ZD.s 			page 30


 1219 0184 19       		.uleb128 0x19
 1220 0185 02       		.uleb128 0x2
 1221 0186 18       		.uleb128 0x18
 1222 0187 00       		.byte	0
 1223 0188 00       		.byte	0
 1224 0189 19       		.uleb128 0x19
 1225 018a 2E       		.uleb128 0x2e
 1226 018b 00       		.byte	0
 1227 018c 3F       		.uleb128 0x3f
 1228 018d 19       		.uleb128 0x19
 1229 018e 03       		.uleb128 0x3
 1230 018f 0E       		.uleb128 0xe
 1231 0190 3A       		.uleb128 0x3a
 1232 0191 0B       		.uleb128 0xb
 1233 0192 3B       		.uleb128 0x3b
 1234 0193 0B       		.uleb128 0xb
 1235 0194 27       		.uleb128 0x27
 1236 0195 19       		.uleb128 0x19
 1237 0196 3C       		.uleb128 0x3c
 1238 0197 19       		.uleb128 0x19
 1239 0198 00       		.byte	0
 1240 0199 00       		.byte	0
 1241 019a 00       		.byte	0
 1242              		.section	.debug_loc,"",%progbits
 1243              	.Ldebug_loc0:
 1244              	.LLST0:
 1245 0000 00000000 		.4byte	.LVL4
 1246 0004 02000000 		.4byte	.LVL5
 1247 0008 0100     		.2byte	0x1
 1248 000a 50       		.byte	0x50
 1249 000b 02000000 		.4byte	.LVL5
 1250 000f 10000000 		.4byte	.LFE69
 1251 0013 0400     		.2byte	0x4
 1252 0015 F3       		.byte	0xf3
 1253 0016 01       		.uleb128 0x1
 1254 0017 50       		.byte	0x50
 1255 0018 9F       		.byte	0x9f
 1256 0019 00000000 		.4byte	0
 1257 001d 00000000 		.4byte	0
 1258              	.LLST1:
 1259 0021 04000000 		.4byte	.LVL6
 1260 0025 06000000 		.4byte	.LVL7
 1261 0029 0500     		.2byte	0x5
 1262 002b 70       		.byte	0x70
 1263 002c 00       		.sleb128 0
 1264 002d 35       		.byte	0x35
 1265 002e 25       		.byte	0x25
 1266 002f 9F       		.byte	0x9f
 1267 0030 00000000 		.4byte	0
 1268 0034 00000000 		.4byte	0
 1269              	.LLST2:
 1270 0038 00000000 		.4byte	.LVL12
 1271 003c 07000000 		.4byte	.LVL13-1
 1272 0040 0100     		.2byte	0x1
 1273 0042 50       		.byte	0x50
 1274 0043 07000000 		.4byte	.LVL13-1
 1275 0047 1A000000 		.4byte	.LFE64
ARM GAS  C:\Users\pxc\AppData\Local\Temp\ccPND7ZD.s 			page 31


 1276 004b 0100     		.2byte	0x1
 1277 004d 54       		.byte	0x54
 1278 004e 00000000 		.4byte	0
 1279 0052 00000000 		.4byte	0
 1280              		.section	.debug_aranges,"",%progbits
 1281 0000 7C000000 		.4byte	0x7c
 1282 0004 0200     		.2byte	0x2
 1283 0006 00000000 		.4byte	.Ldebug_info0
 1284 000a 04       		.byte	0x4
 1285 000b 00       		.byte	0
 1286 000c 0000     		.2byte	0
 1287 000e 0000     		.2byte	0
 1288 0010 00000000 		.4byte	.LFB66
 1289 0014 50000000 		.4byte	.LFE66-.LFB66
 1290 0018 00000000 		.4byte	.LFB67
 1291 001c 0C000000 		.4byte	.LFE67-.LFB67
 1292 0020 00000000 		.4byte	.LFB68
 1293 0024 0C000000 		.4byte	.LFE68-.LFB68
 1294 0028 00000000 		.4byte	.LFB69
 1295 002c 10000000 		.4byte	.LFE69-.LFB69
 1296 0030 00000000 		.4byte	.LFB70
 1297 0034 0C000000 		.4byte	.LFE70-.LFB70
 1298 0038 00000000 		.4byte	.LFB71
 1299 003c 0C000000 		.4byte	.LFE71-.LFB71
 1300 0040 00000000 		.4byte	.LFB72
 1301 0044 18000000 		.4byte	.LFE72-.LFB72
 1302 0048 00000000 		.4byte	.LFB73
 1303 004c 0C000000 		.4byte	.LFE73-.LFB73
 1304 0050 00000000 		.4byte	.LFB63
 1305 0054 1C000000 		.4byte	.LFE63-.LFB63
 1306 0058 00000000 		.4byte	.LFB64
 1307 005c 1A000000 		.4byte	.LFE64-.LFB64
 1308 0060 00000000 		.4byte	.LFB65
 1309 0064 14000000 		.4byte	.LFE65-.LFB65
 1310 0068 00000000 		.4byte	.LFB74
 1311 006c 0C000000 		.4byte	.LFE74-.LFB74
 1312 0070 00000000 		.4byte	.LFB75
 1313 0074 0C000000 		.4byte	.LFE75-.LFB75
 1314 0078 00000000 		.4byte	0
 1315 007c 00000000 		.4byte	0
 1316              		.section	.debug_ranges,"",%progbits
 1317              	.Ldebug_ranges0:
 1318 0000 00000000 		.4byte	.LFB66
 1319 0004 50000000 		.4byte	.LFE66
 1320 0008 00000000 		.4byte	.LFB67
 1321 000c 0C000000 		.4byte	.LFE67
 1322 0010 00000000 		.4byte	.LFB68
 1323 0014 0C000000 		.4byte	.LFE68
 1324 0018 00000000 		.4byte	.LFB69
 1325 001c 10000000 		.4byte	.LFE69
 1326 0020 00000000 		.4byte	.LFB70
 1327 0024 0C000000 		.4byte	.LFE70
 1328 0028 00000000 		.4byte	.LFB71
 1329 002c 0C000000 		.4byte	.LFE71
 1330 0030 00000000 		.4byte	.LFB72
 1331 0034 18000000 		.4byte	.LFE72
 1332 0038 00000000 		.4byte	.LFB73
ARM GAS  C:\Users\pxc\AppData\Local\Temp\ccPND7ZD.s 			page 32


 1333 003c 0C000000 		.4byte	.LFE73
 1334 0040 00000000 		.4byte	.LFB63
 1335 0044 1C000000 		.4byte	.LFE63
 1336 0048 00000000 		.4byte	.LFB64
 1337 004c 1A000000 		.4byte	.LFE64
 1338 0050 00000000 		.4byte	.LFB65
 1339 0054 14000000 		.4byte	.LFE65
 1340 0058 00000000 		.4byte	.LFB74
 1341 005c 0C000000 		.4byte	.LFE74
 1342 0060 00000000 		.4byte	.LFB75
 1343 0064 0C000000 		.4byte	.LFE75
 1344 0068 00000000 		.4byte	0
 1345 006c 00000000 		.4byte	0
 1346              		.section	.debug_line,"",%progbits
 1347              	.Ldebug_line0:
 1348 0000 6E020000 		.section	.debug_str,"MS",%progbits,1
 1348      02007801 
 1348      00000201 
 1348      FB0E0D00 
 1348      01010101 
 1349              	.LASF22:
 1350 0000 6973725F 		.ascii	"isr_timer_SetVector\000"
 1350      74696D65 
 1350      725F5365 
 1350      74566563 
 1350      746F7200 
 1351              	.LASF19:
 1352 0014 72656733 		.ascii	"reg32\000"
 1352      3200
 1353              	.LASF11:
 1354 001a 5F5F696E 		.ascii	"__int32_t\000"
 1354      7433325F 
 1354      7400
 1355              	.LASF35:
 1356 0024 6973725F 		.ascii	"isr_timer_ClearPending\000"
 1356      74696D65 
 1356      725F436C 
 1356      65617250 
 1356      656E6469 
 1357              	.LASF30:
 1358 003b 6973725F 		.ascii	"isr_timer_Disable\000"
 1358      74696D65 
 1358      725F4469 
 1358      7361626C 
 1358      6500
 1359              	.LASF39:
 1360 004d 74696D65 		.ascii	"time_5ms_state\000"
 1360      5F356D73 
 1360      5F737461 
 1360      746500
 1361              	.LASF27:
 1362 005c 6973725F 		.ascii	"isr_timer_GetVector\000"
 1362      74696D65 
 1362      725F4765 
 1362      74566563 
 1362      746F7200 
 1363              	.LASF32:
ARM GAS  C:\Users\pxc\AppData\Local\Temp\ccPND7ZD.s 			page 33


 1364 0070 6973725F 		.ascii	"isr_timer_StartEx\000"
 1364      74696D65 
 1364      725F5374 
 1364      61727445 
 1364      7800
 1365              	.LASF34:
 1366 0082 6973725F 		.ascii	"isr_timer_SetPending\000"
 1366      74696D65 
 1366      725F5365 
 1366      7450656E 
 1366      64696E67 
 1367              	.LASF16:
 1368 0097 666C6F61 		.ascii	"float\000"
 1368      7400
 1369              	.LASF2:
 1370 009d 756E7369 		.ascii	"unsigned char\000"
 1370      676E6564 
 1370      20636861 
 1370      7200
 1371              	.LASF40:
 1372 00ab 74696D65 		.ascii	"time_1s\000"
 1372      5F317300 
 1373              	.LASF18:
 1374 00b3 72656738 		.ascii	"reg8\000"
 1374      00
 1375              	.LASF6:
 1376 00b8 6C6F6E67 		.ascii	"long unsigned int\000"
 1376      20756E73 
 1376      69676E65 
 1376      6420696E 
 1376      7400
 1377              	.LASF4:
 1378 00ca 73686F72 		.ascii	"short unsigned int\000"
 1378      7420756E 
 1378      7369676E 
 1378      65642069 
 1378      6E7400
 1379              	.LASF21:
 1380 00dd 6973725F 		.ascii	"isr_timer_Interrupt\000"
 1380      74696D65 
 1380      725F496E 
 1380      74657272 
 1380      75707400 
 1381              	.LASF36:
 1382 00f1 49544D5F 		.ascii	"ITM_RxBuffer\000"
 1382      52784275 
 1382      66666572 
 1382      00
 1383              	.LASF46:
 1384 00fe 74696D65 		.ascii	"timer_ticks\000"
 1384      725F7469 
 1384      636B7300 
 1385              	.LASF28:
 1386 010a 6973725F 		.ascii	"isr_timer_GetPriority\000"
 1386      74696D65 
 1386      725F4765 
 1386      74507269 
ARM GAS  C:\Users\pxc\AppData\Local\Temp\ccPND7ZD.s 			page 34


 1386      6F726974 
 1387              	.LASF17:
 1388 0120 646F7562 		.ascii	"double\000"
 1388      6C6500
 1389              	.LASF3:
 1390 0127 73686F72 		.ascii	"short int\000"
 1390      7420696E 
 1390      7400
 1391              	.LASF26:
 1392 0131 7072696F 		.ascii	"priority\000"
 1392      72697479 
 1392      00
 1393              	.LASF14:
 1394 013a 75696E74 		.ascii	"uint16\000"
 1394      313600
 1395              	.LASF31:
 1396 0141 6973725F 		.ascii	"isr_timer_Start\000"
 1396      74696D65 
 1396      725F5374 
 1396      61727400 
 1397              	.LASF37:
 1398 0151 74696D65 		.ascii	"time_1ms\000"
 1398      5F316D73 
 1398      00
 1399              	.LASF15:
 1400 015a 75696E74 		.ascii	"uint32\000"
 1400      333200
 1401              	.LASF0:
 1402 0161 756E7369 		.ascii	"unsigned int\000"
 1402      676E6564 
 1402      20696E74 
 1402      00
 1403              	.LASF25:
 1404 016e 61646472 		.ascii	"address\000"
 1404      65737300 
 1405              	.LASF8:
 1406 0176 6C6F6E67 		.ascii	"long long unsigned int\000"
 1406      206C6F6E 
 1406      6720756E 
 1406      7369676E 
 1406      65642069 
 1407              	.LASF29:
 1408 018d 6973725F 		.ascii	"isr_timer_Enable\000"
 1408      74696D65 
 1408      725F456E 
 1408      61626C65 
 1408      00
 1409              	.LASF33:
 1410 019e 6973725F 		.ascii	"isr_timer_Stop\000"
 1410      74696D65 
 1410      725F5374 
 1410      6F7000
 1411              	.LASF41:
 1412 01ad 74696D65 		.ascii	"time_1s_state\000"
 1412      5F31735F 
 1412      73746174 
 1412      6500
ARM GAS  C:\Users\pxc\AppData\Local\Temp\ccPND7ZD.s 			page 35


 1413              	.LASF20:
 1414 01bb 63796973 		.ascii	"cyisraddress\000"
 1414      72616464 
 1414      72657373 
 1414      00
 1415              	.LASF12:
 1416 01c8 696E7433 		.ascii	"int32_t\000"
 1416      325F7400 
 1417              	.LASF9:
 1418 01d0 73697A65 		.ascii	"sizetype\000"
 1418      74797065 
 1418      00
 1419              	.LASF42:
 1420 01d9 474E5520 		.ascii	"GNU C 4.9.3 20150303 (release) [ARM/embedded-4_9-br"
 1420      4320342E 
 1420      392E3320 
 1420      32303135 
 1420      30333033 
 1421 020c 616E6368 		.ascii	"anch revision 221220] -mcpu=cortex-m3 -mthumb -g -O"
 1421      20726576 
 1421      6973696F 
 1421      6E203232 
 1421      31323230 
 1422 023f 67202D66 		.ascii	"g -ffunction-sections -ffat-lto-objects\000"
 1422      66756E63 
 1422      74696F6E 
 1422      2D736563 
 1422      74696F6E 
 1423              	.LASF7:
 1424 0267 6C6F6E67 		.ascii	"long long int\000"
 1424      206C6F6E 
 1424      6720696E 
 1424      7400
 1425              	.LASF24:
 1426 0275 6973725F 		.ascii	"isr_timer_SetPriority\000"
 1426      74696D65 
 1426      725F5365 
 1426      74507269 
 1426      6F726974 
 1427              	.LASF44:
 1428 028b 443A5C72 		.ascii	"D:\\robot\\git_code\\robot_raoxianpan_C\\raoxianpan"
 1428      6F626F74 
 1428      5C676974 
 1428      5F636F64 
 1428      655C726F 
 1429 02ba 2E637964 		.ascii	".cydsn\000"
 1429      736E00
 1430              	.LASF10:
 1431 02c1 63686172 		.ascii	"char\000"
 1431      00
 1432              	.LASF23:
 1433 02c6 72616D56 		.ascii	"ramVectorTable\000"
 1433      6563746F 
 1433      72546162 
 1433      6C6500
 1434              	.LASF43:
 1435 02d5 2E5C4765 		.ascii	".\\Generated_Source\\PSoC5\\isr_timer.c\000"
ARM GAS  C:\Users\pxc\AppData\Local\Temp\ccPND7ZD.s 			page 36


 1435      6E657261 
 1435      7465645F 
 1435      536F7572 
 1435      63655C50 
 1436              	.LASF45:
 1437 02fa 6973725F 		.ascii	"isr_timer_GetState\000"
 1437      74696D65 
 1437      725F4765 
 1437      74537461 
 1437      746500
 1438              	.LASF13:
 1439 030d 75696E74 		.ascii	"uint8\000"
 1439      3800
 1440              	.LASF5:
 1441 0313 6C6F6E67 		.ascii	"long int\000"
 1441      20696E74 
 1441      00
 1442              	.LASF1:
 1443 031c 7369676E 		.ascii	"signed char\000"
 1443      65642063 
 1443      68617200 
 1444              	.LASF38:
 1445 0328 74696D65 		.ascii	"time_5ms\000"
 1445      5F356D73 
 1445      00
 1446              		.ident	"GCC: (GNU Tools for ARM Embedded Processors) 4.9.3 20150303 (release) [ARM/embedded-4_9-br
