ARM GAS  C:\Users\pxc\AppData\Local\Temp\ccmeYwHZ.s 			page 1


   1              		.syntax unified
   2              		.cpu cortex-m3
   3              		.fpu softvfp
   4              		.eabi_attribute 20, 1
   5              		.eabi_attribute 21, 1
   6              		.eabi_attribute 23, 3
   7              		.eabi_attribute 24, 1
   8              		.eabi_attribute 25, 1
   9              		.eabi_attribute 26, 1
  10              		.eabi_attribute 30, 1
  11              		.eabi_attribute 34, 1
  12              		.eabi_attribute 18, 4
  13              		.thumb
  14              		.file	"main.c"
  15              		.text
  16              	.Ltext0:
  17              		.cfi_sections	.debug_frame
  18              		.section	.text.main,"ax",%progbits
  19              		.align	2
  20              		.global	main
  21              		.thumb
  22              		.thumb_func
  23              		.type	main, %function
  24              	main:
  25              	.LFB63:
  26              		.file 1 ".\\main.c"
   1:.\main.c      **** /* ========================================
   2:.\main.c      ****  *
   3:.\main.c      ****  * Copyright YOUR COMPANY, THE YEAR
   4:.\main.c      ****  * All Rights Reserved
   5:.\main.c      ****  * UNPUBLISHED, LICENSED SOFTWARE.
   6:.\main.c      ****  *
   7:.\main.c      ****  * CONFIDENTIAL AND PROPRIETARY INFORMATION
   8:.\main.c      ****  * WHICH IS THE PROPERTY OF your company.
   9:.\main.c      ****  *
  10:.\main.c      ****  * ========================================
  11:.\main.c      **** */
  12:.\main.c      **** #include <project.h>
  13:.\main.c      **** #include "Transfer.h"
  14:.\main.c      **** #include "key.h"
  15:.\main.c      **** #include "buzzer.h"
  16:.\main.c      **** #include "V_battery.h"
  17:.\main.c      **** #include "multi_timer.h"
  18:.\main.c      **** extern uint8 time_5ms_state;
  19:.\main.c      **** extern uint8 time_1s_state;
  20:.\main.c      **** uint8 togle;
  21:.\main.c      **** uint8 hearting_error;
  22:.\main.c      **** uint8 count;
  23:.\main.c      **** struct Timer Cal_battery_timer;
  24:.\main.c      **** struct Timer Data_exchange_timer;
  25:.\main.c      **** int main()
  26:.\main.c      **** {
  27              		.loc 1 26 0
  28              		.cfi_startproc
  29              		@ Volatile: function does not return.
  30              		@ args = 0, pretend = 0, frame = 0
  31              		@ frame_needed = 0, uses_anonymous_args = 0
ARM GAS  C:\Users\pxc\AppData\Local\Temp\ccmeYwHZ.s 			page 2


  32 0000 08B5     		push	{r3, lr}
  33              		.cfi_def_cfa_offset 8
  34              		.cfi_offset 3, -8
  35              		.cfi_offset 14, -4
  27:.\main.c      ****     
  28:.\main.c      ****     CyGlobalIntEnable; /* Enable global interrupts. */
  36              		.loc 1 28 0
  37              	@ 28 ".\main.c" 1
  38 0002 62B6     		CPSIE   i
  39              	@ 0 "" 2
  29:.\main.c      ****   
  30:.\main.c      ****     /* Place your initialization/startup code here (e.g. MyInst_Start()) */
  31:.\main.c      **** 
  32:.\main.c      ****     UART_net_Start();
  40              		.loc 1 32 0
  41              		.thumb
  42 0004 FFF7FEFF 		bl	UART_net_Start
  43              	.LVL0:
  33:.\main.c      ****  
  34:.\main.c      ****     Timer_1_Start(); 
  44              		.loc 1 34 0
  45 0008 FFF7FEFF 		bl	Timer_1_Start
  46              	.LVL1:
  35:.\main.c      ****     isr_timer_Start();
  47              		.loc 1 35 0
  48 000c FFF7FEFF 		bl	isr_timer_Start
  49              	.LVL2:
  36:.\main.c      ****     isr_rx_net_Start();
  50              		.loc 1 36 0
  51 0010 FFF7FEFF 		bl	isr_rx_net_Start
  52              	.LVL3:
  37:.\main.c      ****     
  38:.\main.c      ****     PWM_1_Start();
  53              		.loc 1 38 0
  54 0014 FFF7FEFF 		bl	PWM_1_Start
  55              	.LVL4:
  39:.\main.c      ****     ENA_Write(1);
  56              		.loc 1 39 0
  57 0018 0120     		movs	r0, #1
  58 001a FFF7FEFF 		bl	ENA_Write
  59              	.LVL5:
  40:.\main.c      ****     CyDelay(5);
  60              		.loc 1 40 0
  61 001e 0520     		movs	r0, #5
  62 0020 FFF7FEFF 		bl	CyDelay
  63              	.LVL6:
  41:.\main.c      ****     PWM_1_Stop();
  64              		.loc 1 41 0
  65 0024 FFF7FEFF 		bl	PWM_1_Stop
  66              	.LVL7:
  42:.\main.c      ****     
  43:.\main.c      ****     g_Car.set_pull = 0;
  67              		.loc 1 43 0
  68 0028 644B     		ldr	r3, .L16
  69 002a 0022     		movs	r2, #0
  70 002c 9A82     		strh	r2, [r3, #20]	@ movhi
  44:.\main.c      ****     g_Car.pull_max = 1200;
ARM GAS  C:\Users\pxc\AppData\Local\Temp\ccmeYwHZ.s 			page 3


  71              		.loc 1 44 0
  72 002e 4FF49662 		mov	r2, #1200
  73 0032 9A83     		strh	r2, [r3, #28]	@ movhi
  45:.\main.c      ****     g_Car.pull_min = 860;
  74              		.loc 1 45 0
  75 0034 4FF45772 		mov	r2, #860
  76 0038 DA83     		strh	r2, [r3, #30]	@ movhi
  46:.\main.c      ****     PWM_1_WritePeriod(4000);
  77              		.loc 1 46 0
  78 003a 4FF47A60 		mov	r0, #4000
  79 003e FFF7FEFF 		bl	PWM_1_WritePeriod
  80              	.LVL8:
  47:.\main.c      ****     
  48:.\main.c      ****     hearting_error = 1;
  81              		.loc 1 48 0
  82 0042 0122     		movs	r2, #1
  83 0044 5E4B     		ldr	r3, .L16+4
  84 0046 1A70     		strb	r2, [r3]
  49:.\main.c      ****     
  50:.\main.c      ****     WireReel_init();
  85              		.loc 1 50 0
  86 0048 FFF7FEFF 		bl	WireReel_init
  87              	.LVL9:
  51:.\main.c      ****     Monitor_Battery_Init();
  88              		.loc 1 51 0
  89 004c FFF7FEFF 		bl	Monitor_Battery_Init
  90              	.LVL10:
  52:.\main.c      ****    
  53:.\main.c      ****     timer_init (&Cal_battery_timer, Cal_Battery_loop, 100, 100);
  91              		.loc 1 53 0
  92 0050 5C4C     		ldr	r4, .L16+8
  93 0052 2046     		mov	r0, r4
  94 0054 5C49     		ldr	r1, .L16+12
  95 0056 6422     		movs	r2, #100
  96 0058 1346     		mov	r3, r2
  97 005a FFF7FEFF 		bl	timer_init
  98              	.LVL11:
  54:.\main.c      ****     timer_start(&Cal_battery_timer);
  99              		.loc 1 54 0
 100 005e 2046     		mov	r0, r4
 101 0060 FFF7FEFF 		bl	timer_start
 102              	.LVL12:
  55:.\main.c      ****     timer_init(&Data_exchange_timer, DT_Data_Exchange, 1000, 10);
 103              		.loc 1 55 0
 104 0064 594C     		ldr	r4, .L16+16
 105 0066 2046     		mov	r0, r4
 106 0068 5949     		ldr	r1, .L16+20
 107 006a 4FF47A72 		mov	r2, #1000
 108 006e 0A23     		movs	r3, #10
 109 0070 FFF7FEFF 		bl	timer_init
 110              	.LVL13:
  56:.\main.c      ****     timer_start(&Data_exchange_timer);
 111              		.loc 1 56 0
 112 0074 2046     		mov	r0, r4
 113 0076 FFF7FEFF 		bl	timer_start
 114              	.LVL14:
 115              	.L14:
ARM GAS  C:\Users\pxc\AppData\Local\Temp\ccmeYwHZ.s 			page 4


  57:.\main.c      ****     for(;;)
  58:.\main.c      ****     {
  59:.\main.c      ****       /* Place your application code here. */
  60:.\main.c      ****     
  61:.\main.c      ****         if( time_1s_state == 1)
 116              		.loc 1 61 0
 117 007a 564B     		ldr	r3, .L16+24
 118 007c 1B78     		ldrb	r3, [r3]	@ zero_extendqisi2
 119 007e 012B     		cmp	r3, #1
 120 0080 0FD1     		bne	.L2
  62:.\main.c      ****         {
  63:.\main.c      ****             
  64:.\main.c      ****           time_1s_state = 0;
 121              		.loc 1 64 0
 122 0082 0022     		movs	r2, #0
 123 0084 534B     		ldr	r3, .L16+24
 124 0086 1A70     		strb	r2, [r3]
  65:.\main.c      ****           if(g_Car.hearting == 1)
 125              		.loc 1 65 0
 126 0088 4C4B     		ldr	r3, .L16
 127 008a 9B7E     		ldrb	r3, [r3, #26]	@ zero_extendqisi2
 128 008c 012B     		cmp	r3, #1
 129 008e 05D1     		bne	.L3
  66:.\main.c      ****           {
  67:.\main.c      ****              g_Car.hearting = 0;
 130              		.loc 1 67 0
 131 0090 1346     		mov	r3, r2
 132 0092 4A4A     		ldr	r2, .L16
 133 0094 9376     		strb	r3, [r2, #26]
  68:.\main.c      ****              hearting_error = 0;
 134              		.loc 1 68 0
 135 0096 4A4A     		ldr	r2, .L16+4
 136 0098 1370     		strb	r3, [r2]
 137 009a 02E0     		b	.L2
 138              	.L3:
  69:.\main.c      ****           }
  70:.\main.c      ****           else
  71:.\main.c      ****           {
  72:.\main.c      ****             //g_Car.set_car_speed = 0;
  73:.\main.c      ****            // g_Car.set_dir = STOP;
  74:.\main.c      ****             hearting_error = 1;
 139              		.loc 1 74 0
 140 009c 0122     		movs	r2, #1
 141 009e 484B     		ldr	r3, .L16+4
 142 00a0 1A70     		strb	r2, [r3]
 143              	.L2:
  75:.\main.c      ****           }  
  76:.\main.c      ****         }
  77:.\main.c      ****         
  78:.\main.c      ****         if(time_5ms_state ==  1)
 144              		.loc 1 78 0
 145 00a2 4D4B     		ldr	r3, .L16+28
 146 00a4 1B78     		ldrb	r3, [r3]	@ zero_extendqisi2
 147 00a6 012B     		cmp	r3, #1
 148 00a8 40F08480 		bne	.L4
  79:.\main.c      ****         {
  80:.\main.c      ****             if(hearting_error == 0)
ARM GAS  C:\Users\pxc\AppData\Local\Temp\ccmeYwHZ.s 			page 5


 149              		.loc 1 80 0
 150 00ac 444B     		ldr	r3, .L16+4
 151 00ae 1B78     		ldrb	r3, [r3]	@ zero_extendqisi2
 152 00b0 002B     		cmp	r3, #0
 153 00b2 75D1     		bne	.L5
  81:.\main.c      ****             {
  82:.\main.c      ****                 if((g_Car.control_flag == 0 && g_Car.set_pull >100  && (g_Car.set_dir == 0))||g_Car
 154              		.loc 1 82 0
 155 00b4 414B     		ldr	r3, .L16
 156 00b6 DB7D     		ldrb	r3, [r3, #23]	@ zero_extendqisi2
 157 00b8 33B9     		cbnz	r3, .L6
 158              		.loc 1 82 0 is_stmt 0 discriminator 1
 159 00ba 404B     		ldr	r3, .L16
 160 00bc 9B8A     		ldrh	r3, [r3, #20]
 161 00be 642B     		cmp	r3, #100
 162 00c0 02D9     		bls	.L6
 163              		.loc 1 82 0 discriminator 3
 164 00c2 3E4B     		ldr	r3, .L16
 165 00c4 5B78     		ldrb	r3, [r3, #1]	@ zero_extendqisi2
 166 00c6 23B1     		cbz	r3, .L7
 167              	.L6:
 168              		.loc 1 82 0 discriminator 5
 169 00c8 3C4B     		ldr	r3, .L16
 170 00ca 9B8A     		ldrh	r3, [r3, #20]
 171 00cc B3F5FA6F 		cmp	r3, #2000
 172 00d0 34D9     		bls	.L8
 173              	.L7:
  83:.\main.c      ****                 {
  84:.\main.c      ****                     if(g_Car.set_pull      >=   g_Car.pull_max )
 174              		.loc 1 84 0 is_stmt 1
 175 00d2 3A4B     		ldr	r3, .L16
 176 00d4 9A8A     		ldrh	r2, [r3, #20]
 177 00d6 9B8B     		ldrh	r3, [r3, #28]
 178 00d8 9A42     		cmp	r2, r3
 179 00da 12D3     		bcc	.L9
  85:.\main.c      ****                     {
  86:.\main.c      ****                         ENA_Write(1);
 180              		.loc 1 86 0
 181 00dc 0120     		movs	r0, #1
 182 00de FFF7FEFF 		bl	ENA_Write
 183              	.LVL15:
  87:.\main.c      ****                         CyDelayUs(20);
 184              		.loc 1 87 0
 185 00e2 1420     		movs	r0, #20
 186 00e4 FFF7FEFF 		bl	CyDelayUs
 187              	.LVL16:
  88:.\main.c      ****                         DIR_Write(1);
 188              		.loc 1 88 0
 189 00e8 0120     		movs	r0, #1
 190 00ea FFF7FEFF 		bl	DIR_Write
 191              	.LVL17:
  89:.\main.c      ****                         CyDelayUs(1000);
 192              		.loc 1 89 0
 193 00ee 4FF47A70 		mov	r0, #1000
 194 00f2 FFF7FEFF 		bl	CyDelayUs
 195              	.LVL18:
  90:.\main.c      ****                         PWM_1_Start();
ARM GAS  C:\Users\pxc\AppData\Local\Temp\ccmeYwHZ.s 			page 6


 196              		.loc 1 90 0
 197 00f6 FFF7FEFF 		bl	PWM_1_Start
 198              	.LVL19:
  91:.\main.c      ****                         togle = 0;
 199              		.loc 1 91 0
 200 00fa 0022     		movs	r2, #0
 201 00fc 374B     		ldr	r3, .L16+32
 202 00fe 1A70     		strb	r2, [r3]
 203 0100 55E0     		b	.L10
 204              	.L9:
  92:.\main.c      ****                     }
  93:.\main.c      ****                     else if(g_Car.set_pull <=   g_Car.pull_min)
 205              		.loc 1 93 0
 206 0102 2E4B     		ldr	r3, .L16
 207 0104 DB8B     		ldrh	r3, [r3, #30]
 208 0106 9A42     		cmp	r2, r3
 209 0108 12D8     		bhi	.L11
  94:.\main.c      ****                     {
  95:.\main.c      ****                         ENA_Write(1);
 210              		.loc 1 95 0
 211 010a 0120     		movs	r0, #1
 212 010c FFF7FEFF 		bl	ENA_Write
 213              	.LVL20:
  96:.\main.c      ****                         CyDelayUs(20);
 214              		.loc 1 96 0
 215 0110 1420     		movs	r0, #20
 216 0112 FFF7FEFF 		bl	CyDelayUs
 217              	.LVL21:
  97:.\main.c      ****                         DIR_Write(0);
 218              		.loc 1 97 0
 219 0116 0020     		movs	r0, #0
 220 0118 FFF7FEFF 		bl	DIR_Write
 221              	.LVL22:
  98:.\main.c      ****                         CyDelayUs(1000);
 222              		.loc 1 98 0
 223 011c 4FF47A70 		mov	r0, #1000
 224 0120 FFF7FEFF 		bl	CyDelayUs
 225              	.LVL23:
  99:.\main.c      ****                         PWM_1_Start();
 226              		.loc 1 99 0
 227 0124 FFF7FEFF 		bl	PWM_1_Start
 228              	.LVL24:
 100:.\main.c      ****                         togle = 0;
 229              		.loc 1 100 0
 230 0128 0022     		movs	r2, #0
 231 012a 2C4B     		ldr	r3, .L16+32
 232 012c 1A70     		strb	r2, [r3]
 233 012e 3EE0     		b	.L10
 234              	.L11:
 101:.\main.c      ****                     }
 102:.\main.c      ****                     else
 103:.\main.c      ****                     {
 104:.\main.c      ****                         ENA_Write(0);
 235              		.loc 1 104 0
 236 0130 0020     		movs	r0, #0
 237 0132 FFF7FEFF 		bl	ENA_Write
 238              	.LVL25:
ARM GAS  C:\Users\pxc\AppData\Local\Temp\ccmeYwHZ.s 			page 7


 105:.\main.c      ****                         PWM_1_Stop();
 239              		.loc 1 105 0
 240 0136 FFF7FEFF 		bl	PWM_1_Stop
 241              	.LVL26:
 242 013a 38E0     		b	.L10
 243              	.L8:
 106:.\main.c      ****                     }
 107:.\main.c      ****                 }
 108:.\main.c      ****                 else
 109:.\main.c      ****                 {
 110:.\main.c      ****                     
 111:.\main.c      ****                     if(g_Car.control_dir == 1)
 244              		.loc 1 111 0
 245 013c 1F4B     		ldr	r3, .L16
 246 013e 9B7D     		ldrb	r3, [r3, #22]	@ zero_extendqisi2
 247 0140 012B     		cmp	r3, #1
 248 0142 12D1     		bne	.L12
 112:.\main.c      ****                     {
 113:.\main.c      ****                         ENA_Write(1);
 249              		.loc 1 113 0
 250 0144 0120     		movs	r0, #1
 251 0146 FFF7FEFF 		bl	ENA_Write
 252              	.LVL27:
 114:.\main.c      ****                         CyDelayUs(20);
 253              		.loc 1 114 0
 254 014a 1420     		movs	r0, #20
 255 014c FFF7FEFF 		bl	CyDelayUs
 256              	.LVL28:
 115:.\main.c      ****                         DIR_Write(1);
 257              		.loc 1 115 0
 258 0150 0120     		movs	r0, #1
 259 0152 FFF7FEFF 		bl	DIR_Write
 260              	.LVL29:
 116:.\main.c      ****                         CyDelayUs(1000);
 261              		.loc 1 116 0
 262 0156 4FF47A70 		mov	r0, #1000
 263 015a FFF7FEFF 		bl	CyDelayUs
 264              	.LVL30:
 117:.\main.c      ****                         PWM_1_Start();
 265              		.loc 1 117 0
 266 015e FFF7FEFF 		bl	PWM_1_Start
 267              	.LVL31:
 118:.\main.c      ****                         togle = 0;
 268              		.loc 1 118 0
 269 0162 0022     		movs	r2, #0
 270 0164 1D4B     		ldr	r3, .L16+32
 271 0166 1A70     		strb	r2, [r3]
 272 0168 21E0     		b	.L10
 273              	.L12:
 119:.\main.c      ****                     }
 120:.\main.c      ****                     else if (g_Car.control_dir == 2)
 274              		.loc 1 120 0
 275 016a 022B     		cmp	r3, #2
 276 016c 12D1     		bne	.L13
 121:.\main.c      ****                     {
 122:.\main.c      ****                         ENA_Write(1);
 277              		.loc 1 122 0
ARM GAS  C:\Users\pxc\AppData\Local\Temp\ccmeYwHZ.s 			page 8


 278 016e 0120     		movs	r0, #1
 279 0170 FFF7FEFF 		bl	ENA_Write
 280              	.LVL32:
 123:.\main.c      ****                         CyDelayUs(20);
 281              		.loc 1 123 0
 282 0174 1420     		movs	r0, #20
 283 0176 FFF7FEFF 		bl	CyDelayUs
 284              	.LVL33:
 124:.\main.c      ****                         DIR_Write(0);
 285              		.loc 1 124 0
 286 017a 0020     		movs	r0, #0
 287 017c FFF7FEFF 		bl	DIR_Write
 288              	.LVL34:
 125:.\main.c      ****                         CyDelayUs(1000);
 289              		.loc 1 125 0
 290 0180 4FF47A70 		mov	r0, #1000
 291 0184 FFF7FEFF 		bl	CyDelayUs
 292              	.LVL35:
 126:.\main.c      ****                         PWM_1_Start();
 293              		.loc 1 126 0
 294 0188 FFF7FEFF 		bl	PWM_1_Start
 295              	.LVL36:
 127:.\main.c      ****                         togle = 0;
 296              		.loc 1 127 0
 297 018c 0022     		movs	r2, #0
 298 018e 134B     		ldr	r3, .L16+32
 299 0190 1A70     		strb	r2, [r3]
 300 0192 0CE0     		b	.L10
 301              	.L13:
 128:.\main.c      ****                     }
 129:.\main.c      ****                     else
 130:.\main.c      ****                     {
 131:.\main.c      ****                         
 132:.\main.c      ****                         
 133:.\main.c      ****                        // g_Car.control_flag = 0 ;
 134:.\main.c      ****                       //  count = 0;
 135:.\main.c      ****                         
 136:.\main.c      ****                         ENA_Write(0);
 302              		.loc 1 136 0
 303 0194 0020     		movs	r0, #0
 304 0196 FFF7FEFF 		bl	ENA_Write
 305              	.LVL37:
 137:.\main.c      ****                         PWM_1_Stop();
 306              		.loc 1 137 0
 307 019a FFF7FEFF 		bl	PWM_1_Stop
 308              	.LVL38:
 309 019e 06E0     		b	.L10
 310              	.L5:
 138:.\main.c      ****                     }
 139:.\main.c      ****                 }
 140:.\main.c      ****             
 141:.\main.c      ****             }
 142:.\main.c      ****             else
 143:.\main.c      ****             {
 144:.\main.c      ****                  g_Car.control_flag = 0 ;
 311              		.loc 1 144 0
 312 01a0 0020     		movs	r0, #0
ARM GAS  C:\Users\pxc\AppData\Local\Temp\ccmeYwHZ.s 			page 9


 313 01a2 064B     		ldr	r3, .L16
 314 01a4 D875     		strb	r0, [r3, #23]
 145:.\main.c      ****                  ENA_Write(0);
 315              		.loc 1 145 0
 316 01a6 FFF7FEFF 		bl	ENA_Write
 317              	.LVL39:
 146:.\main.c      ****                  PWM_1_Stop();
 318              		.loc 1 146 0
 319 01aa FFF7FEFF 		bl	PWM_1_Stop
 320              	.LVL40:
 321              	.L10:
 147:.\main.c      ****             }
 148:.\main.c      ****             
 149:.\main.c      **** 
 150:.\main.c      ****           
 151:.\main.c      ****             time_5ms_state = 0;
 322              		.loc 1 151 0
 323 01ae 0022     		movs	r2, #0
 324 01b0 094B     		ldr	r3, .L16+28
 325 01b2 1A70     		strb	r2, [r3]
 326              	.L4:
 152:.\main.c      ****         }
 153:.\main.c      ****         timer_loop();
 327              		.loc 1 153 0
 328 01b4 FFF7FEFF 		bl	timer_loop
 329              	.LVL41:
 154:.\main.c      ****     }  
 330              		.loc 1 154 0
 331 01b8 5FE7     		b	.L14
 332              	.L17:
 333 01ba 00BF     		.align	2
 334              	.L16:
 335 01bc 00000000 		.word	g_Car
 336 01c0 00000000 		.word	hearting_error
 337 01c4 00000000 		.word	Cal_battery_timer
 338 01c8 00000000 		.word	Cal_Battery_loop
 339 01cc 00000000 		.word	Data_exchange_timer
 340 01d0 00000000 		.word	DT_Data_Exchange
 341 01d4 00000000 		.word	time_1s_state
 342 01d8 00000000 		.word	time_5ms_state
 343 01dc 00000000 		.word	togle
 344              		.cfi_endproc
 345              	.LFE63:
 346              		.size	main, .-main
 347              		.comm	Data_exchange_timer,16,4
 348              		.comm	Cal_battery_timer,16,4
 349              		.comm	count,1,1
 350              		.comm	hearting_error,1,1
 351              		.comm	togle,1,1
 352              		.comm	B_V,2,2
 353              		.comm	g_WireReel,4,4
 354              		.comm	g_Car,34,4
 355              		.text
 356              	.Letext0:
 357              		.file 2 "c:\\program files (x86)\\cypress\\psoc creator\\3.3\\psoc creator\\import\\gnu\\arm\\4.9.
 358              		.file 3 "c:\\program files (x86)\\cypress\\psoc creator\\3.3\\psoc creator\\import\\gnu\\arm\\4.9.
 359              		.file 4 "Generated_Source\\PSoC5/cytypes.h"
ARM GAS  C:\Users\pxc\AppData\Local\Temp\ccmeYwHZ.s 			page 10


 360              		.file 5 ".\\car.h"
 361              		.file 6 ".\\multi_timer.h"
 362              		.file 7 "Generated_Source\\PSoC5/core_cm3.h"
 363              		.file 8 "Generated_Source\\PSoC5/UART_net.h"
 364              		.file 9 "Generated_Source\\PSoC5/Timer_1.h"
 365              		.file 10 "Generated_Source\\PSoC5/isr_timer.h"
 366              		.file 11 "Generated_Source\\PSoC5/isr_rx_net.h"
 367              		.file 12 "Generated_Source\\PSoC5/PWM_1.h"
 368              		.file 13 "Generated_Source\\PSoC5/ENA.h"
 369              		.file 14 "Generated_Source\\PSoC5/CyLib.h"
 370              		.file 15 ".\\V_battery.h"
 371              		.file 16 "Generated_Source\\PSoC5/DIR.h"
 372              		.file 17 ".\\key.h"
 373              		.section	.debug_info,"",%progbits
 374              	.Ldebug_info0:
 375 0000 2A070000 		.4byte	0x72a
 376 0004 0400     		.2byte	0x4
 377 0006 00000000 		.4byte	.Ldebug_abbrev0
 378 000a 04       		.byte	0x4
 379 000b 01       		.uleb128 0x1
 380 000c B2030000 		.4byte	.LASF90
 381 0010 01       		.byte	0x1
 382 0011 BC000000 		.4byte	.LASF91
 383 0015 96040000 		.4byte	.LASF92
 384 0019 00000000 		.4byte	.Ldebug_ranges0+0
 385 001d 00000000 		.4byte	0
 386 0021 00000000 		.4byte	.Ldebug_line0
 387 0025 02       		.uleb128 0x2
 388 0026 01       		.byte	0x1
 389 0027 06       		.byte	0x6
 390 0028 15020000 		.4byte	.LASF0
 391 002c 02       		.uleb128 0x2
 392 002d 01       		.byte	0x1
 393 002e 08       		.byte	0x8
 394 002f F5010000 		.4byte	.LASF1
 395 0033 02       		.uleb128 0x2
 396 0034 02       		.byte	0x2
 397 0035 05       		.byte	0x5
 398 0036 50000000 		.4byte	.LASF2
 399 003a 02       		.uleb128 0x2
 400 003b 02       		.byte	0x2
 401 003c 07       		.byte	0x7
 402 003d 80020000 		.4byte	.LASF3
 403 0041 03       		.uleb128 0x3
 404 0042 A8030000 		.4byte	.LASF5
 405 0046 02       		.byte	0x2
 406 0047 3F       		.byte	0x3f
 407 0048 4C000000 		.4byte	0x4c
 408 004c 02       		.uleb128 0x2
 409 004d 04       		.byte	0x4
 410 004e 05       		.byte	0x5
 411 004f 58010000 		.4byte	.LASF4
 412 0053 03       		.uleb128 0x3
 413 0054 45000000 		.4byte	.LASF6
 414 0058 02       		.byte	0x2
 415 0059 41       		.byte	0x41
 416 005a 5E000000 		.4byte	0x5e
ARM GAS  C:\Users\pxc\AppData\Local\Temp\ccmeYwHZ.s 			page 11


 417 005e 02       		.uleb128 0x2
 418 005f 04       		.byte	0x4
 419 0060 07       		.byte	0x7
 420 0061 33030000 		.4byte	.LASF7
 421 0065 02       		.uleb128 0x2
 422 0066 08       		.byte	0x8
 423 0067 05       		.byte	0x5
 424 0068 1E010000 		.4byte	.LASF8
 425 006c 02       		.uleb128 0x2
 426 006d 08       		.byte	0x8
 427 006e 07       		.byte	0x7
 428 006f 21020000 		.4byte	.LASF9
 429 0073 04       		.uleb128 0x4
 430 0074 04       		.byte	0x4
 431 0075 05       		.byte	0x5
 432 0076 696E7400 		.ascii	"int\000"
 433 007a 02       		.uleb128 0x2
 434 007b 04       		.byte	0x4
 435 007c 07       		.byte	0x7
 436 007d 41020000 		.4byte	.LASF10
 437 0081 03       		.uleb128 0x3
 438 0082 DA020000 		.4byte	.LASF11
 439 0086 03       		.byte	0x3
 440 0087 2C       		.byte	0x2c
 441 0088 41000000 		.4byte	0x41
 442 008c 03       		.uleb128 0x3
 443 008d 38020000 		.4byte	.LASF12
 444 0091 03       		.byte	0x3
 445 0092 2D       		.byte	0x2d
 446 0093 53000000 		.4byte	0x53
 447 0097 03       		.uleb128 0x3
 448 0098 C5000000 		.4byte	.LASF13
 449 009c 04       		.byte	0x4
 450 009d C2       		.byte	0xc2
 451 009e 2C000000 		.4byte	0x2c
 452 00a2 03       		.uleb128 0x3
 453 00a3 A7000000 		.4byte	.LASF14
 454 00a7 04       		.byte	0x4
 455 00a8 C3       		.byte	0xc3
 456 00a9 3A000000 		.4byte	0x3a
 457 00ad 03       		.uleb128 0x3
 458 00ae 2C030000 		.4byte	.LASF15
 459 00b2 04       		.byte	0x4
 460 00b3 C4       		.byte	0xc4
 461 00b4 5E000000 		.4byte	0x5e
 462 00b8 02       		.uleb128 0x2
 463 00b9 04       		.byte	0x4
 464 00ba 04       		.byte	0x4
 465 00bb 04010000 		.4byte	.LASF16
 466 00bf 02       		.uleb128 0x2
 467 00c0 08       		.byte	0x8
 468 00c1 04       		.byte	0x4
 469 00c2 45030000 		.4byte	.LASF17
 470 00c6 02       		.uleb128 0x2
 471 00c7 01       		.byte	0x1
 472 00c8 08       		.byte	0x8
 473 00c9 C5020000 		.4byte	.LASF18
ARM GAS  C:\Users\pxc\AppData\Local\Temp\ccmeYwHZ.s 			page 12


 474 00cd 05       		.uleb128 0x5
 475 00ce 04       		.byte	0x4
 476 00cf D3000000 		.4byte	0xd3
 477 00d3 06       		.uleb128 0x6
 478 00d4 02       		.uleb128 0x2
 479 00d5 04       		.byte	0x4
 480 00d6 07       		.byte	0x7
 481 00d7 5A000000 		.4byte	.LASF19
 482 00db 07       		.uleb128 0x7
 483 00dc 24030000 		.4byte	.LASF28
 484 00e0 01       		.byte	0x1
 485 00e1 05       		.byte	0x5
 486 00e2 0F       		.byte	0xf
 487 00e3 1D010000 		.4byte	0x11d
 488 00e7 08       		.uleb128 0x8
 489 00e8 555000   		.ascii	"UP\000"
 490 00eb 00       		.sleb128 0
 491 00ec 09       		.uleb128 0x9
 492 00ed E2020000 		.4byte	.LASF20
 493 00f1 01       		.sleb128 1
 494 00f2 09       		.uleb128 0x9
 495 00f3 C0010000 		.4byte	.LASF21
 496 00f7 02       		.sleb128 2
 497 00f8 09       		.uleb128 0x9
 498 00f9 6E040000 		.4byte	.LASF22
 499 00fd 03       		.sleb128 3
 500 00fe 09       		.uleb128 0x9
 501 00ff B2020000 		.4byte	.LASF23
 502 0103 04       		.sleb128 4
 503 0104 09       		.uleb128 0x9
 504 0105 63000000 		.4byte	.LASF24
 505 0109 05       		.sleb128 5
 506 010a 09       		.uleb128 0x9
 507 010b B6010000 		.4byte	.LASF25
 508 010f 06       		.sleb128 6
 509 0110 09       		.uleb128 0x9
 510 0111 D4010000 		.4byte	.LASF26
 511 0115 07       		.sleb128 7
 512 0116 09       		.uleb128 0x9
 513 0117 4E040000 		.4byte	.LASF27
 514 011b 08       		.sleb128 8
 515 011c 00       		.byte	0
 516 011d 07       		.uleb128 0x7
 517 011e 7A000000 		.4byte	.LASF29
 518 0122 01       		.byte	0x1
 519 0123 05       		.byte	0x5
 520 0124 14       		.byte	0x14
 521 0125 3C010000 		.4byte	0x13c
 522 0129 09       		.uleb128 0x9
 523 012a 9D010000 		.4byte	.LASF30
 524 012e 00       		.sleb128 0
 525 012f 09       		.uleb128 0x9
 526 0130 8D000000 		.4byte	.LASF31
 527 0134 01       		.sleb128 1
 528 0135 09       		.uleb128 0x9
 529 0136 63040000 		.4byte	.LASF32
 530 013a 02       		.sleb128 2
ARM GAS  C:\Users\pxc\AppData\Local\Temp\ccmeYwHZ.s 			page 13


 531 013b 00       		.byte	0
 532 013c 0A       		.uleb128 0xa
 533 013d 04       		.byte	0x4
 534 013e 05       		.byte	0x5
 535 013f 16       		.byte	0x16
 536 0140 5D010000 		.4byte	0x15d
 537 0144 0B       		.uleb128 0xb
 538 0145 70776D00 		.ascii	"pwm\000"
 539 0149 05       		.byte	0x5
 540 014a 18       		.byte	0x18
 541 014b A2000000 		.4byte	0xa2
 542 014f 00       		.byte	0
 543 0150 0B       		.uleb128 0xb
 544 0151 64697200 		.ascii	"dir\000"
 545 0155 05       		.byte	0x5
 546 0156 19       		.byte	0x19
 547 0157 1D010000 		.4byte	0x11d
 548 015b 02       		.byte	0x2
 549 015c 00       		.byte	0
 550 015d 03       		.uleb128 0x3
 551 015e 31000000 		.4byte	.LASF33
 552 0162 05       		.byte	0x5
 553 0163 1A       		.byte	0x1a
 554 0164 3C010000 		.4byte	0x13c
 555 0168 0A       		.uleb128 0xa
 556 0169 22       		.byte	0x22
 557 016a 05       		.byte	0x5
 558 016b 1B       		.byte	0x1b
 559 016c 25020000 		.4byte	0x225
 560 0170 0C       		.uleb128 0xc
 561 0171 3B010000 		.4byte	.LASF34
 562 0175 05       		.byte	0x5
 563 0176 1D       		.byte	0x1d
 564 0177 97000000 		.4byte	0x97
 565 017b 00       		.byte	0
 566 017c 0C       		.uleb128 0xc
 567 017d 9F000000 		.4byte	.LASF35
 568 0181 05       		.byte	0x5
 569 0182 1E       		.byte	0x1e
 570 0183 DB000000 		.4byte	0xdb
 571 0187 01       		.byte	0x1
 572 0188 0C       		.uleb128 0xc
 573 0189 40040000 		.4byte	.LASF36
 574 018d 05       		.byte	0x5
 575 018e 1F       		.byte	0x1f
 576 018f A2000000 		.4byte	0xa2
 577 0193 02       		.byte	0x2
 578 0194 0C       		.uleb128 0xc
 579 0195 97030000 		.4byte	.LASF37
 580 0199 05       		.byte	0x5
 581 019a 20       		.byte	0x20
 582 019b 5D010000 		.4byte	0x15d
 583 019f 04       		.byte	0x4
 584 01a0 0C       		.uleb128 0xc
 585 01a1 78010000 		.4byte	.LASF38
 586 01a5 05       		.byte	0x5
 587 01a6 21       		.byte	0x21
ARM GAS  C:\Users\pxc\AppData\Local\Temp\ccmeYwHZ.s 			page 14


 588 01a7 5D010000 		.4byte	0x15d
 589 01ab 08       		.byte	0x8
 590 01ac 0C       		.uleb128 0xc
 591 01ad 85030000 		.4byte	.LASF39
 592 01b1 05       		.byte	0x5
 593 01b2 22       		.byte	0x22
 594 01b3 5D010000 		.4byte	0x15d
 595 01b7 0C       		.byte	0xc
 596 01b8 0C       		.uleb128 0xc
 597 01b9 8A010000 		.4byte	.LASF40
 598 01bd 05       		.byte	0x5
 599 01be 23       		.byte	0x23
 600 01bf 5D010000 		.4byte	0x15d
 601 01c3 10       		.byte	0x10
 602 01c4 0C       		.uleb128 0xc
 603 01c5 D5000000 		.4byte	.LASF41
 604 01c9 05       		.byte	0x5
 605 01ca 24       		.byte	0x24
 606 01cb A2000000 		.4byte	0xa2
 607 01cf 14       		.byte	0x14
 608 01d0 0C       		.uleb128 0xc
 609 01d1 DF010000 		.4byte	.LASF42
 610 01d5 05       		.byte	0x5
 611 01d6 25       		.byte	0x25
 612 01d7 97000000 		.4byte	0x97
 613 01db 16       		.byte	0x16
 614 01dc 0C       		.uleb128 0xc
 615 01dd 58020000 		.4byte	.LASF43
 616 01e1 05       		.byte	0x5
 617 01e2 26       		.byte	0x26
 618 01e3 97000000 		.4byte	0x97
 619 01e7 17       		.byte	0x17
 620 01e8 0C       		.uleb128 0xc
 621 01e9 19000000 		.4byte	.LASF44
 622 01ed 05       		.byte	0x5
 623 01ee 27       		.byte	0x27
 624 01ef A2000000 		.4byte	0xa2
 625 01f3 18       		.byte	0x18
 626 01f4 0C       		.uleb128 0xc
 627 01f5 96000000 		.4byte	.LASF45
 628 01f9 05       		.byte	0x5
 629 01fa 28       		.byte	0x28
 630 01fb 97000000 		.4byte	0x97
 631 01ff 1A       		.byte	0x1a
 632 0200 0C       		.uleb128 0xc
 633 0201 71000000 		.4byte	.LASF46
 634 0205 05       		.byte	0x5
 635 0206 29       		.byte	0x29
 636 0207 A2000000 		.4byte	0xa2
 637 020b 1C       		.byte	0x1c
 638 020c 0C       		.uleb128 0xc
 639 020d 4F010000 		.4byte	.LASF47
 640 0211 05       		.byte	0x5
 641 0212 2A       		.byte	0x2a
 642 0213 A2000000 		.4byte	0xa2
 643 0217 1E       		.byte	0x1e
 644 0218 0C       		.uleb128 0xc
ARM GAS  C:\Users\pxc\AppData\Local\Temp\ccmeYwHZ.s 			page 15


 645 0219 84000000 		.4byte	.LASF48
 646 021d 05       		.byte	0x5
 647 021e 2B       		.byte	0x2b
 648 021f 97000000 		.4byte	0x97
 649 0223 20       		.byte	0x20
 650 0224 00       		.byte	0
 651 0225 03       		.uleb128 0x3
 652 0226 E7020000 		.4byte	.LASF49
 653 022a 05       		.byte	0x5
 654 022b 2C       		.byte	0x2c
 655 022c 68010000 		.4byte	0x168
 656 0230 0A       		.uleb128 0xa
 657 0231 04       		.byte	0x4
 658 0232 05       		.byte	0x5
 659 0233 2E       		.byte	0x2e
 660 0234 51020000 		.4byte	0x251
 661 0238 0C       		.uleb128 0xc
 662 0239 4E020000 		.4byte	.LASF50
 663 023d 05       		.byte	0x5
 664 023e 30       		.byte	0x30
 665 023f 97000000 		.4byte	0x97
 666 0243 00       		.byte	0
 667 0244 0B       		.uleb128 0xb
 668 0245 425F5600 		.ascii	"B_V\000"
 669 0249 05       		.byte	0x5
 670 024a 31       		.byte	0x31
 671 024b A2000000 		.4byte	0xa2
 672 024f 02       		.byte	0x2
 673 0250 00       		.byte	0
 674 0251 03       		.uleb128 0x3
 675 0252 93020000 		.4byte	.LASF51
 676 0256 05       		.byte	0x5
 677 0257 33       		.byte	0x33
 678 0258 30020000 		.4byte	0x230
 679 025c 0D       		.uleb128 0xd
 680 025d 01       		.byte	0x1
 681 025e 11       		.byte	0x11
 682 025f 1B       		.byte	0x1b
 683 0260 9B020000 		.4byte	0x29b
 684 0264 09       		.uleb128 0x9
 685 0265 BA020000 		.4byte	.LASF52
 686 0269 00       		.sleb128 0
 687 026a 09       		.uleb128 0x9
 688 026b 15010000 		.4byte	.LASF53
 689 026f 01       		.sleb128 1
 690 0270 09       		.uleb128 0x9
 691 0271 89040000 		.4byte	.LASF54
 692 0275 02       		.sleb128 2
 693 0276 09       		.uleb128 0x9
 694 0277 60030000 		.4byte	.LASF55
 695 027b 03       		.sleb128 3
 696 027c 09       		.uleb128 0x9
 697 027d 4C030000 		.4byte	.LASF56
 698 0281 04       		.sleb128 4
 699 0282 09       		.uleb128 0x9
 700 0283 A5010000 		.4byte	.LASF57
 701 0287 05       		.sleb128 5
ARM GAS  C:\Users\pxc\AppData\Local\Temp\ccmeYwHZ.s 			page 16


 702 0288 09       		.uleb128 0x9
 703 0289 53040000 		.4byte	.LASF58
 704 028d 06       		.sleb128 6
 705 028e 09       		.uleb128 0x9
 706 028f CA020000 		.4byte	.LASF59
 707 0293 07       		.sleb128 7
 708 0294 09       		.uleb128 0x9
 709 0295 F3000000 		.4byte	.LASF60
 710 0299 08       		.sleb128 8
 711 029a 00       		.byte	0
 712 029b 0E       		.uleb128 0xe
 713 029c 0F020000 		.4byte	.LASF93
 714 02a0 10       		.byte	0x10
 715 02a1 06       		.byte	0x6
 716 02a2 13       		.byte	0x13
 717 02a3 D8020000 		.4byte	0x2d8
 718 02a7 0C       		.uleb128 0xc
 719 02a8 0A030000 		.4byte	.LASF61
 720 02ac 06       		.byte	0x6
 721 02ad 14       		.byte	0x14
 722 02ae 8C000000 		.4byte	0x8c
 723 02b2 00       		.byte	0
 724 02b3 0C       		.uleb128 0xc
 725 02b4 59030000 		.4byte	.LASF62
 726 02b8 06       		.byte	0x6
 727 02b9 15       		.byte	0x15
 728 02ba 8C000000 		.4byte	0x8c
 729 02be 04       		.byte	0x4
 730 02bf 0C       		.uleb128 0xc
 731 02c0 00000000 		.4byte	.LASF63
 732 02c4 06       		.byte	0x6
 733 02c5 16       		.byte	0x16
 734 02c6 CD000000 		.4byte	0xcd
 735 02ca 08       		.byte	0x8
 736 02cb 0C       		.uleb128 0xc
 737 02cc D7040000 		.4byte	.LASF64
 738 02d0 06       		.byte	0x6
 739 02d1 17       		.byte	0x17
 740 02d2 D8020000 		.4byte	0x2d8
 741 02d6 0C       		.byte	0xc
 742 02d7 00       		.byte	0
 743 02d8 05       		.uleb128 0x5
 744 02d9 04       		.byte	0x4
 745 02da 9B020000 		.4byte	0x29b
 746 02de 0F       		.uleb128 0xf
 747 02df 6C000000 		.4byte	.LASF94
 748 02e3 01       		.byte	0x1
 749 02e4 19       		.byte	0x19
 750 02e5 73000000 		.4byte	0x73
 751 02e9 00000000 		.4byte	.LFB63
 752 02ed E0010000 		.4byte	.LFE63-.LFB63
 753 02f1 01       		.uleb128 0x1
 754 02f2 9C       		.byte	0x9c
 755 02f3 9C050000 		.4byte	0x59c
 756 02f7 10       		.uleb128 0x10
 757 02f8 08000000 		.4byte	.LVL0
 758 02fc 4B060000 		.4byte	0x64b
ARM GAS  C:\Users\pxc\AppData\Local\Temp\ccmeYwHZ.s 			page 17


 759 0300 10       		.uleb128 0x10
 760 0301 0C000000 		.4byte	.LVL1
 761 0305 52060000 		.4byte	0x652
 762 0309 10       		.uleb128 0x10
 763 030a 10000000 		.4byte	.LVL2
 764 030e 59060000 		.4byte	0x659
 765 0312 10       		.uleb128 0x10
 766 0313 14000000 		.4byte	.LVL3
 767 0317 60060000 		.4byte	0x660
 768 031b 10       		.uleb128 0x10
 769 031c 18000000 		.4byte	.LVL4
 770 0320 67060000 		.4byte	0x667
 771 0324 11       		.uleb128 0x11
 772 0325 1E000000 		.4byte	.LVL5
 773 0329 6E060000 		.4byte	0x66e
 774 032d 37030000 		.4byte	0x337
 775 0331 12       		.uleb128 0x12
 776 0332 01       		.uleb128 0x1
 777 0333 50       		.byte	0x50
 778 0334 01       		.uleb128 0x1
 779 0335 31       		.byte	0x31
 780 0336 00       		.byte	0
 781 0337 11       		.uleb128 0x11
 782 0338 24000000 		.4byte	.LVL6
 783 033c 7F060000 		.4byte	0x67f
 784 0340 4A030000 		.4byte	0x34a
 785 0344 12       		.uleb128 0x12
 786 0345 01       		.uleb128 0x1
 787 0346 50       		.byte	0x50
 788 0347 01       		.uleb128 0x1
 789 0348 35       		.byte	0x35
 790 0349 00       		.byte	0
 791 034a 10       		.uleb128 0x10
 792 034b 28000000 		.4byte	.LVL7
 793 034f 90060000 		.4byte	0x690
 794 0353 11       		.uleb128 0x11
 795 0354 42000000 		.4byte	.LVL8
 796 0358 97060000 		.4byte	0x697
 797 035c 68030000 		.4byte	0x368
 798 0360 12       		.uleb128 0x12
 799 0361 01       		.uleb128 0x1
 800 0362 50       		.byte	0x50
 801 0363 03       		.uleb128 0x3
 802 0364 0A       		.byte	0xa
 803 0365 A00F     		.2byte	0xfa0
 804 0367 00       		.byte	0
 805 0368 10       		.uleb128 0x10
 806 0369 4C000000 		.4byte	.LVL9
 807 036d A8060000 		.4byte	0x6a8
 808 0371 10       		.uleb128 0x10
 809 0372 50000000 		.4byte	.LVL10
 810 0376 B5060000 		.4byte	0x6b5
 811 037a 11       		.uleb128 0x11
 812 037b 5E000000 		.4byte	.LVL11
 813 037f C2060000 		.4byte	0x6c2
 814 0383 9A030000 		.4byte	0x39a
 815 0387 12       		.uleb128 0x12
ARM GAS  C:\Users\pxc\AppData\Local\Temp\ccmeYwHZ.s 			page 18


 816 0388 01       		.uleb128 0x1
 817 0389 53       		.byte	0x53
 818 038a 02       		.uleb128 0x2
 819 038b 08       		.byte	0x8
 820 038c 64       		.byte	0x64
 821 038d 12       		.uleb128 0x12
 822 038e 01       		.uleb128 0x1
 823 038f 52       		.byte	0x52
 824 0390 02       		.uleb128 0x2
 825 0391 08       		.byte	0x8
 826 0392 64       		.byte	0x64
 827 0393 12       		.uleb128 0x12
 828 0394 01       		.uleb128 0x1
 829 0395 50       		.byte	0x50
 830 0396 02       		.uleb128 0x2
 831 0397 74       		.byte	0x74
 832 0398 00       		.sleb128 0
 833 0399 00       		.byte	0
 834 039a 11       		.uleb128 0x11
 835 039b 64000000 		.4byte	.LVL12
 836 039f EF060000 		.4byte	0x6ef
 837 03a3 AE030000 		.4byte	0x3ae
 838 03a7 12       		.uleb128 0x12
 839 03a8 01       		.uleb128 0x1
 840 03a9 50       		.byte	0x50
 841 03aa 02       		.uleb128 0x2
 842 03ab 74       		.byte	0x74
 843 03ac 00       		.sleb128 0
 844 03ad 00       		.byte	0
 845 03ae 11       		.uleb128 0x11
 846 03af 74000000 		.4byte	.LVL13
 847 03b3 C2060000 		.4byte	0x6c2
 848 03b7 CE030000 		.4byte	0x3ce
 849 03bb 12       		.uleb128 0x12
 850 03bc 01       		.uleb128 0x1
 851 03bd 53       		.byte	0x53
 852 03be 01       		.uleb128 0x1
 853 03bf 3A       		.byte	0x3a
 854 03c0 12       		.uleb128 0x12
 855 03c1 01       		.uleb128 0x1
 856 03c2 52       		.byte	0x52
 857 03c3 03       		.uleb128 0x3
 858 03c4 0A       		.byte	0xa
 859 03c5 E803     		.2byte	0x3e8
 860 03c7 12       		.uleb128 0x12
 861 03c8 01       		.uleb128 0x1
 862 03c9 50       		.byte	0x50
 863 03ca 02       		.uleb128 0x2
 864 03cb 74       		.byte	0x74
 865 03cc 00       		.sleb128 0
 866 03cd 00       		.byte	0
 867 03ce 11       		.uleb128 0x11
 868 03cf 7A000000 		.4byte	.LVL14
 869 03d3 EF060000 		.4byte	0x6ef
 870 03d7 E2030000 		.4byte	0x3e2
 871 03db 12       		.uleb128 0x12
 872 03dc 01       		.uleb128 0x1
ARM GAS  C:\Users\pxc\AppData\Local\Temp\ccmeYwHZ.s 			page 19


 873 03dd 50       		.byte	0x50
 874 03de 02       		.uleb128 0x2
 875 03df 74       		.byte	0x74
 876 03e0 00       		.sleb128 0
 877 03e1 00       		.byte	0
 878 03e2 11       		.uleb128 0x11
 879 03e3 E2000000 		.4byte	.LVL15
 880 03e7 6E060000 		.4byte	0x66e
 881 03eb F5030000 		.4byte	0x3f5
 882 03ef 12       		.uleb128 0x12
 883 03f0 01       		.uleb128 0x1
 884 03f1 50       		.byte	0x50
 885 03f2 01       		.uleb128 0x1
 886 03f3 31       		.byte	0x31
 887 03f4 00       		.byte	0
 888 03f5 11       		.uleb128 0x11
 889 03f6 E8000000 		.4byte	.LVL16
 890 03fa 04070000 		.4byte	0x704
 891 03fe 08040000 		.4byte	0x408
 892 0402 12       		.uleb128 0x12
 893 0403 01       		.uleb128 0x1
 894 0404 50       		.byte	0x50
 895 0405 01       		.uleb128 0x1
 896 0406 44       		.byte	0x44
 897 0407 00       		.byte	0
 898 0408 11       		.uleb128 0x11
 899 0409 EE000000 		.4byte	.LVL17
 900 040d 15070000 		.4byte	0x715
 901 0411 1B040000 		.4byte	0x41b
 902 0415 12       		.uleb128 0x12
 903 0416 01       		.uleb128 0x1
 904 0417 50       		.byte	0x50
 905 0418 01       		.uleb128 0x1
 906 0419 31       		.byte	0x31
 907 041a 00       		.byte	0
 908 041b 11       		.uleb128 0x11
 909 041c F6000000 		.4byte	.LVL18
 910 0420 04070000 		.4byte	0x704
 911 0424 30040000 		.4byte	0x430
 912 0428 12       		.uleb128 0x12
 913 0429 01       		.uleb128 0x1
 914 042a 50       		.byte	0x50
 915 042b 03       		.uleb128 0x3
 916 042c 0A       		.byte	0xa
 917 042d E803     		.2byte	0x3e8
 918 042f 00       		.byte	0
 919 0430 10       		.uleb128 0x10
 920 0431 FA000000 		.4byte	.LVL19
 921 0435 67060000 		.4byte	0x667
 922 0439 11       		.uleb128 0x11
 923 043a 10010000 		.4byte	.LVL20
 924 043e 6E060000 		.4byte	0x66e
 925 0442 4C040000 		.4byte	0x44c
 926 0446 12       		.uleb128 0x12
 927 0447 01       		.uleb128 0x1
 928 0448 50       		.byte	0x50
 929 0449 01       		.uleb128 0x1
ARM GAS  C:\Users\pxc\AppData\Local\Temp\ccmeYwHZ.s 			page 20


 930 044a 31       		.byte	0x31
 931 044b 00       		.byte	0
 932 044c 11       		.uleb128 0x11
 933 044d 16010000 		.4byte	.LVL21
 934 0451 04070000 		.4byte	0x704
 935 0455 5F040000 		.4byte	0x45f
 936 0459 12       		.uleb128 0x12
 937 045a 01       		.uleb128 0x1
 938 045b 50       		.byte	0x50
 939 045c 01       		.uleb128 0x1
 940 045d 44       		.byte	0x44
 941 045e 00       		.byte	0
 942 045f 11       		.uleb128 0x11
 943 0460 1C010000 		.4byte	.LVL22
 944 0464 15070000 		.4byte	0x715
 945 0468 72040000 		.4byte	0x472
 946 046c 12       		.uleb128 0x12
 947 046d 01       		.uleb128 0x1
 948 046e 50       		.byte	0x50
 949 046f 01       		.uleb128 0x1
 950 0470 30       		.byte	0x30
 951 0471 00       		.byte	0
 952 0472 11       		.uleb128 0x11
 953 0473 24010000 		.4byte	.LVL23
 954 0477 04070000 		.4byte	0x704
 955 047b 87040000 		.4byte	0x487
 956 047f 12       		.uleb128 0x12
 957 0480 01       		.uleb128 0x1
 958 0481 50       		.byte	0x50
 959 0482 03       		.uleb128 0x3
 960 0483 0A       		.byte	0xa
 961 0484 E803     		.2byte	0x3e8
 962 0486 00       		.byte	0
 963 0487 10       		.uleb128 0x10
 964 0488 28010000 		.4byte	.LVL24
 965 048c 67060000 		.4byte	0x667
 966 0490 11       		.uleb128 0x11
 967 0491 36010000 		.4byte	.LVL25
 968 0495 6E060000 		.4byte	0x66e
 969 0499 A3040000 		.4byte	0x4a3
 970 049d 12       		.uleb128 0x12
 971 049e 01       		.uleb128 0x1
 972 049f 50       		.byte	0x50
 973 04a0 01       		.uleb128 0x1
 974 04a1 30       		.byte	0x30
 975 04a2 00       		.byte	0
 976 04a3 10       		.uleb128 0x10
 977 04a4 3A010000 		.4byte	.LVL26
 978 04a8 90060000 		.4byte	0x690
 979 04ac 11       		.uleb128 0x11
 980 04ad 4A010000 		.4byte	.LVL27
 981 04b1 6E060000 		.4byte	0x66e
 982 04b5 BF040000 		.4byte	0x4bf
 983 04b9 12       		.uleb128 0x12
 984 04ba 01       		.uleb128 0x1
 985 04bb 50       		.byte	0x50
 986 04bc 01       		.uleb128 0x1
ARM GAS  C:\Users\pxc\AppData\Local\Temp\ccmeYwHZ.s 			page 21


 987 04bd 31       		.byte	0x31
 988 04be 00       		.byte	0
 989 04bf 11       		.uleb128 0x11
 990 04c0 50010000 		.4byte	.LVL28
 991 04c4 04070000 		.4byte	0x704
 992 04c8 D2040000 		.4byte	0x4d2
 993 04cc 12       		.uleb128 0x12
 994 04cd 01       		.uleb128 0x1
 995 04ce 50       		.byte	0x50
 996 04cf 01       		.uleb128 0x1
 997 04d0 44       		.byte	0x44
 998 04d1 00       		.byte	0
 999 04d2 11       		.uleb128 0x11
 1000 04d3 56010000 		.4byte	.LVL29
 1001 04d7 15070000 		.4byte	0x715
 1002 04db E5040000 		.4byte	0x4e5
 1003 04df 12       		.uleb128 0x12
 1004 04e0 01       		.uleb128 0x1
 1005 04e1 50       		.byte	0x50
 1006 04e2 01       		.uleb128 0x1
 1007 04e3 31       		.byte	0x31
 1008 04e4 00       		.byte	0
 1009 04e5 11       		.uleb128 0x11
 1010 04e6 5E010000 		.4byte	.LVL30
 1011 04ea 04070000 		.4byte	0x704
 1012 04ee FA040000 		.4byte	0x4fa
 1013 04f2 12       		.uleb128 0x12
 1014 04f3 01       		.uleb128 0x1
 1015 04f4 50       		.byte	0x50
 1016 04f5 03       		.uleb128 0x3
 1017 04f6 0A       		.byte	0xa
 1018 04f7 E803     		.2byte	0x3e8
 1019 04f9 00       		.byte	0
 1020 04fa 10       		.uleb128 0x10
 1021 04fb 62010000 		.4byte	.LVL31
 1022 04ff 67060000 		.4byte	0x667
 1023 0503 11       		.uleb128 0x11
 1024 0504 74010000 		.4byte	.LVL32
 1025 0508 6E060000 		.4byte	0x66e
 1026 050c 16050000 		.4byte	0x516
 1027 0510 12       		.uleb128 0x12
 1028 0511 01       		.uleb128 0x1
 1029 0512 50       		.byte	0x50
 1030 0513 01       		.uleb128 0x1
 1031 0514 31       		.byte	0x31
 1032 0515 00       		.byte	0
 1033 0516 11       		.uleb128 0x11
 1034 0517 7A010000 		.4byte	.LVL33
 1035 051b 04070000 		.4byte	0x704
 1036 051f 29050000 		.4byte	0x529
 1037 0523 12       		.uleb128 0x12
 1038 0524 01       		.uleb128 0x1
 1039 0525 50       		.byte	0x50
 1040 0526 01       		.uleb128 0x1
 1041 0527 44       		.byte	0x44
 1042 0528 00       		.byte	0
 1043 0529 11       		.uleb128 0x11
ARM GAS  C:\Users\pxc\AppData\Local\Temp\ccmeYwHZ.s 			page 22


 1044 052a 80010000 		.4byte	.LVL34
 1045 052e 15070000 		.4byte	0x715
 1046 0532 3C050000 		.4byte	0x53c
 1047 0536 12       		.uleb128 0x12
 1048 0537 01       		.uleb128 0x1
 1049 0538 50       		.byte	0x50
 1050 0539 01       		.uleb128 0x1
 1051 053a 30       		.byte	0x30
 1052 053b 00       		.byte	0
 1053 053c 11       		.uleb128 0x11
 1054 053d 88010000 		.4byte	.LVL35
 1055 0541 04070000 		.4byte	0x704
 1056 0545 51050000 		.4byte	0x551
 1057 0549 12       		.uleb128 0x12
 1058 054a 01       		.uleb128 0x1
 1059 054b 50       		.byte	0x50
 1060 054c 03       		.uleb128 0x3
 1061 054d 0A       		.byte	0xa
 1062 054e E803     		.2byte	0x3e8
 1063 0550 00       		.byte	0
 1064 0551 10       		.uleb128 0x10
 1065 0552 8C010000 		.4byte	.LVL36
 1066 0556 67060000 		.4byte	0x667
 1067 055a 11       		.uleb128 0x11
 1068 055b 9A010000 		.4byte	.LVL37
 1069 055f 6E060000 		.4byte	0x66e
 1070 0563 6D050000 		.4byte	0x56d
 1071 0567 12       		.uleb128 0x12
 1072 0568 01       		.uleb128 0x1
 1073 0569 50       		.byte	0x50
 1074 056a 01       		.uleb128 0x1
 1075 056b 30       		.byte	0x30
 1076 056c 00       		.byte	0
 1077 056d 10       		.uleb128 0x10
 1078 056e 9E010000 		.4byte	.LVL38
 1079 0572 90060000 		.4byte	0x690
 1080 0576 11       		.uleb128 0x11
 1081 0577 AA010000 		.4byte	.LVL39
 1082 057b 6E060000 		.4byte	0x66e
 1083 057f 89050000 		.4byte	0x589
 1084 0583 12       		.uleb128 0x12
 1085 0584 01       		.uleb128 0x1
 1086 0585 50       		.byte	0x50
 1087 0586 01       		.uleb128 0x1
 1088 0587 30       		.byte	0x30
 1089 0588 00       		.byte	0
 1090 0589 10       		.uleb128 0x10
 1091 058a AE010000 		.4byte	.LVL40
 1092 058e 90060000 		.4byte	0x690
 1093 0592 10       		.uleb128 0x10
 1094 0593 B8010000 		.4byte	.LVL41
 1095 0597 26070000 		.4byte	0x726
 1096 059b 00       		.byte	0
 1097 059c 13       		.uleb128 0x13
 1098 059d 74040000 		.4byte	.LASF65
 1099 05a1 07       		.byte	0x7
 1100 05a2 2A06     		.2byte	0x62a
ARM GAS  C:\Users\pxc\AppData\Local\Temp\ccmeYwHZ.s 			page 23


 1101 05a4 A8050000 		.4byte	0x5a8
 1102 05a8 14       		.uleb128 0x14
 1103 05a9 81000000 		.4byte	0x81
 1104 05ad 15       		.uleb128 0x15
 1105 05ae 61010000 		.4byte	.LASF66
 1106 05b2 05       		.byte	0x5
 1107 05b3 2D       		.byte	0x2d
 1108 05b4 25020000 		.4byte	0x225
 1109 05b8 05       		.uleb128 0x5
 1110 05b9 03       		.byte	0x3
 1111 05ba 00000000 		.4byte	g_Car
 1112 05be 15       		.uleb128 0x15
 1113 05bf CC040000 		.4byte	.LASF67
 1114 05c3 05       		.byte	0x5
 1115 05c4 34       		.byte	0x34
 1116 05c5 51020000 		.4byte	0x251
 1117 05c9 05       		.uleb128 0x5
 1118 05ca 03       		.byte	0x3
 1119 05cb 00000000 		.4byte	g_WireReel
 1120 05cf 16       		.uleb128 0x16
 1121 05d0 425F5600 		.ascii	"B_V\000"
 1122 05d4 0F       		.byte	0xf
 1123 05d5 13       		.byte	0x13
 1124 05d6 A2000000 		.4byte	0xa2
 1125 05da 05       		.uleb128 0x5
 1126 05db 03       		.byte	0x3
 1127 05dc 00000000 		.4byte	B_V
 1128 05e0 17       		.uleb128 0x17
 1129 05e1 2C010000 		.4byte	.LASF68
 1130 05e5 01       		.byte	0x1
 1131 05e6 12       		.byte	0x12
 1132 05e7 97000000 		.4byte	0x97
 1133 05eb 17       		.uleb128 0x17
 1134 05ec AE000000 		.4byte	.LASF69
 1135 05f0 01       		.byte	0x1
 1136 05f1 13       		.byte	0x13
 1137 05f2 97000000 		.4byte	0x97
 1138 05f6 15       		.uleb128 0x15
 1139 05f7 FE000000 		.4byte	.LASF70
 1140 05fb 01       		.byte	0x1
 1141 05fc 14       		.byte	0x14
 1142 05fd 97000000 		.4byte	0x97
 1143 0601 05       		.uleb128 0x5
 1144 0602 03       		.byte	0x3
 1145 0603 00000000 		.4byte	togle
 1146 0607 15       		.uleb128 0x15
 1147 0608 C5010000 		.4byte	.LASF71
 1148 060c 01       		.byte	0x1
 1149 060d 15       		.byte	0x15
 1150 060e 97000000 		.4byte	0x97
 1151 0612 05       		.uleb128 0x5
 1152 0613 03       		.byte	0x3
 1153 0614 00000000 		.4byte	hearting_error
 1154 0618 15       		.uleb128 0x15
 1155 0619 7F030000 		.4byte	.LASF72
 1156 061d 01       		.byte	0x1
 1157 061e 16       		.byte	0x16
ARM GAS  C:\Users\pxc\AppData\Local\Temp\ccmeYwHZ.s 			page 24


 1158 061f 97000000 		.4byte	0x97
 1159 0623 05       		.uleb128 0x5
 1160 0624 03       		.byte	0x3
 1161 0625 00000000 		.4byte	count
 1162 0629 15       		.uleb128 0x15
 1163 062a 6D030000 		.4byte	.LASF73
 1164 062e 01       		.byte	0x1
 1165 062f 17       		.byte	0x17
 1166 0630 9B020000 		.4byte	0x29b
 1167 0634 05       		.uleb128 0x5
 1168 0635 03       		.byte	0x3
 1169 0636 00000000 		.4byte	Cal_battery_timer
 1170 063a 15       		.uleb128 0x15
 1171 063b 9E020000 		.4byte	.LASF74
 1172 063f 01       		.byte	0x1
 1173 0640 18       		.byte	0x18
 1174 0641 9B020000 		.4byte	0x29b
 1175 0645 05       		.uleb128 0x5
 1176 0646 03       		.byte	0x3
 1177 0647 00000000 		.4byte	Data_exchange_timer
 1178 064b 18       		.uleb128 0x18
 1179 064c ED020000 		.4byte	.LASF75
 1180 0650 08       		.byte	0x8
 1181 0651 54       		.byte	0x54
 1182 0652 18       		.uleb128 0x18
 1183 0653 FC020000 		.4byte	.LASF76
 1184 0657 09       		.byte	0x9
 1185 0658 5A       		.byte	0x5a
 1186 0659 18       		.uleb128 0x18
 1187 065a 65020000 		.4byte	.LASF77
 1188 065e 0A       		.byte	0xa
 1189 065f 17       		.byte	0x17
 1190 0660 18       		.uleb128 0x18
 1191 0661 67010000 		.4byte	.LASF78
 1192 0665 0B       		.byte	0xb
 1193 0666 17       		.byte	0x17
 1194 0667 18       		.uleb128 0x18
 1195 0668 39000000 		.4byte	.LASF79
 1196 066c 0C       		.byte	0xc
 1197 066d 92       		.byte	0x92
 1198 066e 19       		.uleb128 0x19
 1199 066f 27000000 		.4byte	.LASF80
 1200 0673 0D       		.byte	0xd
 1201 0674 28       		.byte	0x28
 1202 0675 7F060000 		.4byte	0x67f
 1203 0679 1A       		.uleb128 0x1a
 1204 067a 97000000 		.4byte	0x97
 1205 067e 00       		.byte	0
 1206 067f 19       		.uleb128 0x19
 1207 0680 81040000 		.4byte	.LASF81
 1208 0684 0E       		.byte	0xe
 1209 0685 77       		.byte	0x77
 1210 0686 90060000 		.4byte	0x690
 1211 068a 1A       		.uleb128 0x1a
 1212 068b AD000000 		.4byte	0xad
 1213 068f 00       		.byte	0
 1214 0690 18       		.uleb128 0x18
ARM GAS  C:\Users\pxc\AppData\Local\Temp\ccmeYwHZ.s 			page 25


 1215 0691 0A010000 		.4byte	.LASF82
 1216 0695 0C       		.byte	0xc
 1217 0696 93       		.byte	0x93
 1218 0697 19       		.uleb128 0x19
 1219 0698 12030000 		.4byte	.LASF83
 1220 069c 0C       		.byte	0xc
 1221 069d BE       		.byte	0xbe
 1222 069e A8060000 		.4byte	0x6a8
 1223 06a2 1A       		.uleb128 0x1a
 1224 06a3 A2000000 		.4byte	0xa2
 1225 06a7 00       		.byte	0
 1226 06a8 1B       		.uleb128 0x1b
 1227 06a9 0B000000 		.4byte	.LASF84
 1228 06ad 05       		.byte	0x5
 1229 06ae 35       		.byte	0x35
 1230 06af B5060000 		.4byte	0x6b5
 1231 06b3 1C       		.uleb128 0x1c
 1232 06b4 00       		.byte	0
 1233 06b5 1B       		.uleb128 0x1b
 1234 06b6 DE000000 		.4byte	.LASF85
 1235 06ba 0F       		.byte	0xf
 1236 06bb 16       		.byte	0x16
 1237 06bc C2060000 		.4byte	0x6c2
 1238 06c0 1C       		.uleb128 0x1c
 1239 06c1 00       		.byte	0
 1240 06c2 19       		.uleb128 0x19
 1241 06c3 44010000 		.4byte	.LASF86
 1242 06c7 06       		.byte	0x6
 1243 06c8 1E       		.byte	0x1e
 1244 06c9 E2060000 		.4byte	0x6e2
 1245 06cd 1A       		.uleb128 0x1a
 1246 06ce D8020000 		.4byte	0x2d8
 1247 06d2 1A       		.uleb128 0x1a
 1248 06d3 E2060000 		.4byte	0x6e2
 1249 06d7 1A       		.uleb128 0x1a
 1250 06d8 8C000000 		.4byte	0x8c
 1251 06dc 1A       		.uleb128 0x1a
 1252 06dd 8C000000 		.4byte	0x8c
 1253 06e1 00       		.byte	0
 1254 06e2 05       		.uleb128 0x5
 1255 06e3 04       		.byte	0x4
 1256 06e4 E8060000 		.4byte	0x6e8
 1257 06e8 1D       		.uleb128 0x1d
 1258 06e9 EF060000 		.4byte	0x6ef
 1259 06ed 1C       		.uleb128 0x1c
 1260 06ee 00       		.byte	0
 1261 06ef 1E       		.uleb128 0x1e
 1262 06f0 03020000 		.4byte	.LASF95
 1263 06f4 06       		.byte	0x6
 1264 06f5 1F       		.byte	0x1f
 1265 06f6 73000000 		.4byte	0x73
 1266 06fa 04070000 		.4byte	0x704
 1267 06fe 1A       		.uleb128 0x1a
 1268 06ff D8020000 		.4byte	0x2d8
 1269 0703 00       		.byte	0
 1270 0704 19       		.uleb128 0x19
 1271 0705 EB010000 		.4byte	.LASF87
ARM GAS  C:\Users\pxc\AppData\Local\Temp\ccmeYwHZ.s 			page 26


 1272 0709 0E       		.byte	0xe
 1273 070a 78       		.byte	0x78
 1274 070b 15070000 		.4byte	0x715
 1275 070f 1A       		.uleb128 0x1a
 1276 0710 A2000000 		.4byte	0xa2
 1277 0714 00       		.byte	0
 1278 0715 19       		.uleb128 0x19
 1279 0716 CB000000 		.4byte	.LASF88
 1280 071a 10       		.byte	0x10
 1281 071b 28       		.byte	0x28
 1282 071c 26070000 		.4byte	0x726
 1283 0720 1A       		.uleb128 0x1a
 1284 0721 97000000 		.4byte	0x97
 1285 0725 00       		.byte	0
 1286 0726 18       		.uleb128 0x18
 1287 0727 75020000 		.4byte	.LASF89
 1288 072b 06       		.byte	0x6
 1289 072c 22       		.byte	0x22
 1290 072d 00       		.byte	0
 1291              		.section	.debug_abbrev,"",%progbits
 1292              	.Ldebug_abbrev0:
 1293 0000 01       		.uleb128 0x1
 1294 0001 11       		.uleb128 0x11
 1295 0002 01       		.byte	0x1
 1296 0003 25       		.uleb128 0x25
 1297 0004 0E       		.uleb128 0xe
 1298 0005 13       		.uleb128 0x13
 1299 0006 0B       		.uleb128 0xb
 1300 0007 03       		.uleb128 0x3
 1301 0008 0E       		.uleb128 0xe
 1302 0009 1B       		.uleb128 0x1b
 1303 000a 0E       		.uleb128 0xe
 1304 000b 55       		.uleb128 0x55
 1305 000c 17       		.uleb128 0x17
 1306 000d 11       		.uleb128 0x11
 1307 000e 01       		.uleb128 0x1
 1308 000f 10       		.uleb128 0x10
 1309 0010 17       		.uleb128 0x17
 1310 0011 00       		.byte	0
 1311 0012 00       		.byte	0
 1312 0013 02       		.uleb128 0x2
 1313 0014 24       		.uleb128 0x24
 1314 0015 00       		.byte	0
 1315 0016 0B       		.uleb128 0xb
 1316 0017 0B       		.uleb128 0xb
 1317 0018 3E       		.uleb128 0x3e
 1318 0019 0B       		.uleb128 0xb
 1319 001a 03       		.uleb128 0x3
 1320 001b 0E       		.uleb128 0xe
 1321 001c 00       		.byte	0
 1322 001d 00       		.byte	0
 1323 001e 03       		.uleb128 0x3
 1324 001f 16       		.uleb128 0x16
 1325 0020 00       		.byte	0
 1326 0021 03       		.uleb128 0x3
 1327 0022 0E       		.uleb128 0xe
 1328 0023 3A       		.uleb128 0x3a
ARM GAS  C:\Users\pxc\AppData\Local\Temp\ccmeYwHZ.s 			page 27


 1329 0024 0B       		.uleb128 0xb
 1330 0025 3B       		.uleb128 0x3b
 1331 0026 0B       		.uleb128 0xb
 1332 0027 49       		.uleb128 0x49
 1333 0028 13       		.uleb128 0x13
 1334 0029 00       		.byte	0
 1335 002a 00       		.byte	0
 1336 002b 04       		.uleb128 0x4
 1337 002c 24       		.uleb128 0x24
 1338 002d 00       		.byte	0
 1339 002e 0B       		.uleb128 0xb
 1340 002f 0B       		.uleb128 0xb
 1341 0030 3E       		.uleb128 0x3e
 1342 0031 0B       		.uleb128 0xb
 1343 0032 03       		.uleb128 0x3
 1344 0033 08       		.uleb128 0x8
 1345 0034 00       		.byte	0
 1346 0035 00       		.byte	0
 1347 0036 05       		.uleb128 0x5
 1348 0037 0F       		.uleb128 0xf
 1349 0038 00       		.byte	0
 1350 0039 0B       		.uleb128 0xb
 1351 003a 0B       		.uleb128 0xb
 1352 003b 49       		.uleb128 0x49
 1353 003c 13       		.uleb128 0x13
 1354 003d 00       		.byte	0
 1355 003e 00       		.byte	0
 1356 003f 06       		.uleb128 0x6
 1357 0040 15       		.uleb128 0x15
 1358 0041 00       		.byte	0
 1359 0042 27       		.uleb128 0x27
 1360 0043 19       		.uleb128 0x19
 1361 0044 00       		.byte	0
 1362 0045 00       		.byte	0
 1363 0046 07       		.uleb128 0x7
 1364 0047 04       		.uleb128 0x4
 1365 0048 01       		.byte	0x1
 1366 0049 03       		.uleb128 0x3
 1367 004a 0E       		.uleb128 0xe
 1368 004b 0B       		.uleb128 0xb
 1369 004c 0B       		.uleb128 0xb
 1370 004d 3A       		.uleb128 0x3a
 1371 004e 0B       		.uleb128 0xb
 1372 004f 3B       		.uleb128 0x3b
 1373 0050 0B       		.uleb128 0xb
 1374 0051 01       		.uleb128 0x1
 1375 0052 13       		.uleb128 0x13
 1376 0053 00       		.byte	0
 1377 0054 00       		.byte	0
 1378 0055 08       		.uleb128 0x8
 1379 0056 28       		.uleb128 0x28
 1380 0057 00       		.byte	0
 1381 0058 03       		.uleb128 0x3
 1382 0059 08       		.uleb128 0x8
 1383 005a 1C       		.uleb128 0x1c
 1384 005b 0D       		.uleb128 0xd
 1385 005c 00       		.byte	0
ARM GAS  C:\Users\pxc\AppData\Local\Temp\ccmeYwHZ.s 			page 28


 1386 005d 00       		.byte	0
 1387 005e 09       		.uleb128 0x9
 1388 005f 28       		.uleb128 0x28
 1389 0060 00       		.byte	0
 1390 0061 03       		.uleb128 0x3
 1391 0062 0E       		.uleb128 0xe
 1392 0063 1C       		.uleb128 0x1c
 1393 0064 0D       		.uleb128 0xd
 1394 0065 00       		.byte	0
 1395 0066 00       		.byte	0
 1396 0067 0A       		.uleb128 0xa
 1397 0068 13       		.uleb128 0x13
 1398 0069 01       		.byte	0x1
 1399 006a 0B       		.uleb128 0xb
 1400 006b 0B       		.uleb128 0xb
 1401 006c 3A       		.uleb128 0x3a
 1402 006d 0B       		.uleb128 0xb
 1403 006e 3B       		.uleb128 0x3b
 1404 006f 0B       		.uleb128 0xb
 1405 0070 01       		.uleb128 0x1
 1406 0071 13       		.uleb128 0x13
 1407 0072 00       		.byte	0
 1408 0073 00       		.byte	0
 1409 0074 0B       		.uleb128 0xb
 1410 0075 0D       		.uleb128 0xd
 1411 0076 00       		.byte	0
 1412 0077 03       		.uleb128 0x3
 1413 0078 08       		.uleb128 0x8
 1414 0079 3A       		.uleb128 0x3a
 1415 007a 0B       		.uleb128 0xb
 1416 007b 3B       		.uleb128 0x3b
 1417 007c 0B       		.uleb128 0xb
 1418 007d 49       		.uleb128 0x49
 1419 007e 13       		.uleb128 0x13
 1420 007f 38       		.uleb128 0x38
 1421 0080 0B       		.uleb128 0xb
 1422 0081 00       		.byte	0
 1423 0082 00       		.byte	0
 1424 0083 0C       		.uleb128 0xc
 1425 0084 0D       		.uleb128 0xd
 1426 0085 00       		.byte	0
 1427 0086 03       		.uleb128 0x3
 1428 0087 0E       		.uleb128 0xe
 1429 0088 3A       		.uleb128 0x3a
 1430 0089 0B       		.uleb128 0xb
 1431 008a 3B       		.uleb128 0x3b
 1432 008b 0B       		.uleb128 0xb
 1433 008c 49       		.uleb128 0x49
 1434 008d 13       		.uleb128 0x13
 1435 008e 38       		.uleb128 0x38
 1436 008f 0B       		.uleb128 0xb
 1437 0090 00       		.byte	0
 1438 0091 00       		.byte	0
 1439 0092 0D       		.uleb128 0xd
 1440 0093 04       		.uleb128 0x4
 1441 0094 01       		.byte	0x1
 1442 0095 0B       		.uleb128 0xb
ARM GAS  C:\Users\pxc\AppData\Local\Temp\ccmeYwHZ.s 			page 29


 1443 0096 0B       		.uleb128 0xb
 1444 0097 3A       		.uleb128 0x3a
 1445 0098 0B       		.uleb128 0xb
 1446 0099 3B       		.uleb128 0x3b
 1447 009a 0B       		.uleb128 0xb
 1448 009b 01       		.uleb128 0x1
 1449 009c 13       		.uleb128 0x13
 1450 009d 00       		.byte	0
 1451 009e 00       		.byte	0
 1452 009f 0E       		.uleb128 0xe
 1453 00a0 13       		.uleb128 0x13
 1454 00a1 01       		.byte	0x1
 1455 00a2 03       		.uleb128 0x3
 1456 00a3 0E       		.uleb128 0xe
 1457 00a4 0B       		.uleb128 0xb
 1458 00a5 0B       		.uleb128 0xb
 1459 00a6 3A       		.uleb128 0x3a
 1460 00a7 0B       		.uleb128 0xb
 1461 00a8 3B       		.uleb128 0x3b
 1462 00a9 0B       		.uleb128 0xb
 1463 00aa 01       		.uleb128 0x1
 1464 00ab 13       		.uleb128 0x13
 1465 00ac 00       		.byte	0
 1466 00ad 00       		.byte	0
 1467 00ae 0F       		.uleb128 0xf
 1468 00af 2E       		.uleb128 0x2e
 1469 00b0 01       		.byte	0x1
 1470 00b1 3F       		.uleb128 0x3f
 1471 00b2 19       		.uleb128 0x19
 1472 00b3 03       		.uleb128 0x3
 1473 00b4 0E       		.uleb128 0xe
 1474 00b5 3A       		.uleb128 0x3a
 1475 00b6 0B       		.uleb128 0xb
 1476 00b7 3B       		.uleb128 0x3b
 1477 00b8 0B       		.uleb128 0xb
 1478 00b9 49       		.uleb128 0x49
 1479 00ba 13       		.uleb128 0x13
 1480 00bb 11       		.uleb128 0x11
 1481 00bc 01       		.uleb128 0x1
 1482 00bd 12       		.uleb128 0x12
 1483 00be 06       		.uleb128 0x6
 1484 00bf 40       		.uleb128 0x40
 1485 00c0 18       		.uleb128 0x18
 1486 00c1 9742     		.uleb128 0x2117
 1487 00c3 19       		.uleb128 0x19
 1488 00c4 01       		.uleb128 0x1
 1489 00c5 13       		.uleb128 0x13
 1490 00c6 00       		.byte	0
 1491 00c7 00       		.byte	0
 1492 00c8 10       		.uleb128 0x10
 1493 00c9 898201   		.uleb128 0x4109
 1494 00cc 00       		.byte	0
 1495 00cd 11       		.uleb128 0x11
 1496 00ce 01       		.uleb128 0x1
 1497 00cf 31       		.uleb128 0x31
 1498 00d0 13       		.uleb128 0x13
 1499 00d1 00       		.byte	0
ARM GAS  C:\Users\pxc\AppData\Local\Temp\ccmeYwHZ.s 			page 30


 1500 00d2 00       		.byte	0
 1501 00d3 11       		.uleb128 0x11
 1502 00d4 898201   		.uleb128 0x4109
 1503 00d7 01       		.byte	0x1
 1504 00d8 11       		.uleb128 0x11
 1505 00d9 01       		.uleb128 0x1
 1506 00da 31       		.uleb128 0x31
 1507 00db 13       		.uleb128 0x13
 1508 00dc 01       		.uleb128 0x1
 1509 00dd 13       		.uleb128 0x13
 1510 00de 00       		.byte	0
 1511 00df 00       		.byte	0
 1512 00e0 12       		.uleb128 0x12
 1513 00e1 8A8201   		.uleb128 0x410a
 1514 00e4 00       		.byte	0
 1515 00e5 02       		.uleb128 0x2
 1516 00e6 18       		.uleb128 0x18
 1517 00e7 9142     		.uleb128 0x2111
 1518 00e9 18       		.uleb128 0x18
 1519 00ea 00       		.byte	0
 1520 00eb 00       		.byte	0
 1521 00ec 13       		.uleb128 0x13
 1522 00ed 34       		.uleb128 0x34
 1523 00ee 00       		.byte	0
 1524 00ef 03       		.uleb128 0x3
 1525 00f0 0E       		.uleb128 0xe
 1526 00f1 3A       		.uleb128 0x3a
 1527 00f2 0B       		.uleb128 0xb
 1528 00f3 3B       		.uleb128 0x3b
 1529 00f4 05       		.uleb128 0x5
 1530 00f5 49       		.uleb128 0x49
 1531 00f6 13       		.uleb128 0x13
 1532 00f7 3F       		.uleb128 0x3f
 1533 00f8 19       		.uleb128 0x19
 1534 00f9 3C       		.uleb128 0x3c
 1535 00fa 19       		.uleb128 0x19
 1536 00fb 00       		.byte	0
 1537 00fc 00       		.byte	0
 1538 00fd 14       		.uleb128 0x14
 1539 00fe 35       		.uleb128 0x35
 1540 00ff 00       		.byte	0
 1541 0100 49       		.uleb128 0x49
 1542 0101 13       		.uleb128 0x13
 1543 0102 00       		.byte	0
 1544 0103 00       		.byte	0
 1545 0104 15       		.uleb128 0x15
 1546 0105 34       		.uleb128 0x34
 1547 0106 00       		.byte	0
 1548 0107 03       		.uleb128 0x3
 1549 0108 0E       		.uleb128 0xe
 1550 0109 3A       		.uleb128 0x3a
 1551 010a 0B       		.uleb128 0xb
 1552 010b 3B       		.uleb128 0x3b
 1553 010c 0B       		.uleb128 0xb
 1554 010d 49       		.uleb128 0x49
 1555 010e 13       		.uleb128 0x13
 1556 010f 3F       		.uleb128 0x3f
ARM GAS  C:\Users\pxc\AppData\Local\Temp\ccmeYwHZ.s 			page 31


 1557 0110 19       		.uleb128 0x19
 1558 0111 02       		.uleb128 0x2
 1559 0112 18       		.uleb128 0x18
 1560 0113 00       		.byte	0
 1561 0114 00       		.byte	0
 1562 0115 16       		.uleb128 0x16
 1563 0116 34       		.uleb128 0x34
 1564 0117 00       		.byte	0
 1565 0118 03       		.uleb128 0x3
 1566 0119 08       		.uleb128 0x8
 1567 011a 3A       		.uleb128 0x3a
 1568 011b 0B       		.uleb128 0xb
 1569 011c 3B       		.uleb128 0x3b
 1570 011d 0B       		.uleb128 0xb
 1571 011e 49       		.uleb128 0x49
 1572 011f 13       		.uleb128 0x13
 1573 0120 3F       		.uleb128 0x3f
 1574 0121 19       		.uleb128 0x19
 1575 0122 02       		.uleb128 0x2
 1576 0123 18       		.uleb128 0x18
 1577 0124 00       		.byte	0
 1578 0125 00       		.byte	0
 1579 0126 17       		.uleb128 0x17
 1580 0127 34       		.uleb128 0x34
 1581 0128 00       		.byte	0
 1582 0129 03       		.uleb128 0x3
 1583 012a 0E       		.uleb128 0xe
 1584 012b 3A       		.uleb128 0x3a
 1585 012c 0B       		.uleb128 0xb
 1586 012d 3B       		.uleb128 0x3b
 1587 012e 0B       		.uleb128 0xb
 1588 012f 49       		.uleb128 0x49
 1589 0130 13       		.uleb128 0x13
 1590 0131 3F       		.uleb128 0x3f
 1591 0132 19       		.uleb128 0x19
 1592 0133 3C       		.uleb128 0x3c
 1593 0134 19       		.uleb128 0x19
 1594 0135 00       		.byte	0
 1595 0136 00       		.byte	0
 1596 0137 18       		.uleb128 0x18
 1597 0138 2E       		.uleb128 0x2e
 1598 0139 00       		.byte	0
 1599 013a 3F       		.uleb128 0x3f
 1600 013b 19       		.uleb128 0x19
 1601 013c 03       		.uleb128 0x3
 1602 013d 0E       		.uleb128 0xe
 1603 013e 3A       		.uleb128 0x3a
 1604 013f 0B       		.uleb128 0xb
 1605 0140 3B       		.uleb128 0x3b
 1606 0141 0B       		.uleb128 0xb
 1607 0142 27       		.uleb128 0x27
 1608 0143 19       		.uleb128 0x19
 1609 0144 3C       		.uleb128 0x3c
 1610 0145 19       		.uleb128 0x19
 1611 0146 00       		.byte	0
 1612 0147 00       		.byte	0
 1613 0148 19       		.uleb128 0x19
ARM GAS  C:\Users\pxc\AppData\Local\Temp\ccmeYwHZ.s 			page 32


 1614 0149 2E       		.uleb128 0x2e
 1615 014a 01       		.byte	0x1
 1616 014b 3F       		.uleb128 0x3f
 1617 014c 19       		.uleb128 0x19
 1618 014d 03       		.uleb128 0x3
 1619 014e 0E       		.uleb128 0xe
 1620 014f 3A       		.uleb128 0x3a
 1621 0150 0B       		.uleb128 0xb
 1622 0151 3B       		.uleb128 0x3b
 1623 0152 0B       		.uleb128 0xb
 1624 0153 27       		.uleb128 0x27
 1625 0154 19       		.uleb128 0x19
 1626 0155 3C       		.uleb128 0x3c
 1627 0156 19       		.uleb128 0x19
 1628 0157 01       		.uleb128 0x1
 1629 0158 13       		.uleb128 0x13
 1630 0159 00       		.byte	0
 1631 015a 00       		.byte	0
 1632 015b 1A       		.uleb128 0x1a
 1633 015c 05       		.uleb128 0x5
 1634 015d 00       		.byte	0
 1635 015e 49       		.uleb128 0x49
 1636 015f 13       		.uleb128 0x13
 1637 0160 00       		.byte	0
 1638 0161 00       		.byte	0
 1639 0162 1B       		.uleb128 0x1b
 1640 0163 2E       		.uleb128 0x2e
 1641 0164 01       		.byte	0x1
 1642 0165 3F       		.uleb128 0x3f
 1643 0166 19       		.uleb128 0x19
 1644 0167 03       		.uleb128 0x3
 1645 0168 0E       		.uleb128 0xe
 1646 0169 3A       		.uleb128 0x3a
 1647 016a 0B       		.uleb128 0xb
 1648 016b 3B       		.uleb128 0x3b
 1649 016c 0B       		.uleb128 0xb
 1650 016d 3C       		.uleb128 0x3c
 1651 016e 19       		.uleb128 0x19
 1652 016f 01       		.uleb128 0x1
 1653 0170 13       		.uleb128 0x13
 1654 0171 00       		.byte	0
 1655 0172 00       		.byte	0
 1656 0173 1C       		.uleb128 0x1c
 1657 0174 18       		.uleb128 0x18
 1658 0175 00       		.byte	0
 1659 0176 00       		.byte	0
 1660 0177 00       		.byte	0
 1661 0178 1D       		.uleb128 0x1d
 1662 0179 15       		.uleb128 0x15
 1663 017a 01       		.byte	0x1
 1664 017b 01       		.uleb128 0x1
 1665 017c 13       		.uleb128 0x13
 1666 017d 00       		.byte	0
 1667 017e 00       		.byte	0
 1668 017f 1E       		.uleb128 0x1e
 1669 0180 2E       		.uleb128 0x2e
 1670 0181 01       		.byte	0x1
ARM GAS  C:\Users\pxc\AppData\Local\Temp\ccmeYwHZ.s 			page 33


 1671 0182 3F       		.uleb128 0x3f
 1672 0183 19       		.uleb128 0x19
 1673 0184 03       		.uleb128 0x3
 1674 0185 0E       		.uleb128 0xe
 1675 0186 3A       		.uleb128 0x3a
 1676 0187 0B       		.uleb128 0xb
 1677 0188 3B       		.uleb128 0x3b
 1678 0189 0B       		.uleb128 0xb
 1679 018a 27       		.uleb128 0x27
 1680 018b 19       		.uleb128 0x19
 1681 018c 49       		.uleb128 0x49
 1682 018d 13       		.uleb128 0x13
 1683 018e 3C       		.uleb128 0x3c
 1684 018f 19       		.uleb128 0x19
 1685 0190 01       		.uleb128 0x1
 1686 0191 13       		.uleb128 0x13
 1687 0192 00       		.byte	0
 1688 0193 00       		.byte	0
 1689 0194 00       		.byte	0
 1690              		.section	.debug_aranges,"",%progbits
 1691 0000 1C000000 		.4byte	0x1c
 1692 0004 0200     		.2byte	0x2
 1693 0006 00000000 		.4byte	.Ldebug_info0
 1694 000a 04       		.byte	0x4
 1695 000b 00       		.byte	0
 1696 000c 0000     		.2byte	0
 1697 000e 0000     		.2byte	0
 1698 0010 00000000 		.4byte	.LFB63
 1699 0014 E0010000 		.4byte	.LFE63-.LFB63
 1700 0018 00000000 		.4byte	0
 1701 001c 00000000 		.4byte	0
 1702              		.section	.debug_ranges,"",%progbits
 1703              	.Ldebug_ranges0:
 1704 0000 00000000 		.4byte	.LFB63
 1705 0004 E0010000 		.4byte	.LFE63
 1706 0008 00000000 		.4byte	0
 1707 000c 00000000 		.4byte	0
 1708              		.section	.debug_line,"",%progbits
 1709              	.Ldebug_line0:
 1710 0000 50020000 		.section	.debug_str,"MS",%progbits,1
 1710      0200E501 
 1710      00000201 
 1710      FB0E0D00 
 1710      01010101 
 1711              	.LASF63:
 1712 0000 74696D65 		.ascii	"timeout_cb\000"
 1712      6F75745F 
 1712      636200
 1713              	.LASF84:
 1714 000b 57697265 		.ascii	"WireReel_init\000"
 1714      5265656C 
 1714      5F696E69 
 1714      7400
 1715              	.LASF44:
 1716 0019 636F6E74 		.ascii	"control_speed\000"
 1716      726F6C5F 
 1716      73706565 
ARM GAS  C:\Users\pxc\AppData\Local\Temp\ccmeYwHZ.s 			page 34


 1716      6400
 1717              	.LASF80:
 1718 0027 454E415F 		.ascii	"ENA_Write\000"
 1718      57726974 
 1718      6500
 1719              	.LASF33:
 1720 0031 535F5748 		.ascii	"S_WHEEL\000"
 1720      45454C00 
 1721              	.LASF79:
 1722 0039 50574D5F 		.ascii	"PWM_1_Start\000"
 1722      315F5374 
 1722      61727400 
 1723              	.LASF6:
 1724 0045 5F5F7569 		.ascii	"__uint32_t\000"
 1724      6E743332 
 1724      5F7400
 1725              	.LASF2:
 1726 0050 73686F72 		.ascii	"short int\000"
 1726      7420696E 
 1726      7400
 1727              	.LASF19:
 1728 005a 73697A65 		.ascii	"sizetype\000"
 1728      74797065 
 1728      00
 1729              	.LASF24:
 1730 0063 55505F52 		.ascii	"UP_RIGHT\000"
 1730      49474854 
 1730      00
 1731              	.LASF94:
 1732 006c 6D61696E 		.ascii	"main\000"
 1732      00
 1733              	.LASF46:
 1734 0071 70756C6C 		.ascii	"pull_max\000"
 1734      5F6D6178 
 1734      00
 1735              	.LASF29:
 1736 007a 57484545 		.ascii	"WHEEL_DIR\000"
 1736      4C5F4449 
 1736      5200
 1737              	.LASF48:
 1738 0084 70756C6C 		.ascii	"pull_dir\000"
 1738      5F646972 
 1738      00
 1739              	.LASF31:
 1740 008d 52455645 		.ascii	"REVERSAL\000"
 1740      5253414C 
 1740      00
 1741              	.LASF45:
 1742 0096 68656172 		.ascii	"hearting\000"
 1742      74696E67 
 1742      00
 1743              	.LASF35:
 1744 009f 7365745F 		.ascii	"set_dir\000"
 1744      64697200 
 1745              	.LASF14:
 1746 00a7 75696E74 		.ascii	"uint16\000"
 1746      313600
ARM GAS  C:\Users\pxc\AppData\Local\Temp\ccmeYwHZ.s 			page 35


 1747              	.LASF69:
 1748 00ae 74696D65 		.ascii	"time_1s_state\000"
 1748      5F31735F 
 1748      73746174 
 1748      6500
 1749              	.LASF91:
 1750 00bc 2E5C6D61 		.ascii	".\\main.c\000"
 1750      696E2E63 
 1750      00
 1751              	.LASF13:
 1752 00c5 75696E74 		.ascii	"uint8\000"
 1752      3800
 1753              	.LASF88:
 1754 00cb 4449525F 		.ascii	"DIR_Write\000"
 1754      57726974 
 1754      6500
 1755              	.LASF41:
 1756 00d5 7365745F 		.ascii	"set_pull\000"
 1756      70756C6C 
 1756      00
 1757              	.LASF85:
 1758 00de 4D6F6E69 		.ascii	"Monitor_Battery_Init\000"
 1758      746F725F 
 1758      42617474 
 1758      6572795F 
 1758      496E6974 
 1759              	.LASF60:
 1760 00f3 4E4F4E45 		.ascii	"NONE_PRESS\000"
 1760      5F505245 
 1760      535300
 1761              	.LASF70:
 1762 00fe 746F676C 		.ascii	"togle\000"
 1762      6500
 1763              	.LASF16:
 1764 0104 666C6F61 		.ascii	"float\000"
 1764      7400
 1765              	.LASF82:
 1766 010a 50574D5F 		.ascii	"PWM_1_Stop\000"
 1766      315F5374 
 1766      6F7000
 1767              	.LASF53:
 1768 0115 50524553 		.ascii	"PRESS_UP\000"
 1768      535F5550 
 1768      00
 1769              	.LASF8:
 1770 011e 6C6F6E67 		.ascii	"long long int\000"
 1770      206C6F6E 
 1770      6720696E 
 1770      7400
 1771              	.LASF68:
 1772 012c 74696D65 		.ascii	"time_5ms_state\000"
 1772      5F356D73 
 1772      5F737461 
 1772      746500
 1773              	.LASF34:
 1774 013b 4361725F 		.ascii	"Car_lock\000"
 1774      6C6F636B 
ARM GAS  C:\Users\pxc\AppData\Local\Temp\ccmeYwHZ.s 			page 36


 1774      00
 1775              	.LASF86:
 1776 0144 74696D65 		.ascii	"timer_init\000"
 1776      725F696E 
 1776      697400
 1777              	.LASF47:
 1778 014f 70756C6C 		.ascii	"pull_min\000"
 1778      5F6D696E 
 1778      00
 1779              	.LASF4:
 1780 0158 6C6F6E67 		.ascii	"long int\000"
 1780      20696E74 
 1780      00
 1781              	.LASF66:
 1782 0161 675F4361 		.ascii	"g_Car\000"
 1782      7200
 1783              	.LASF78:
 1784 0167 6973725F 		.ascii	"isr_rx_net_Start\000"
 1784      72785F6E 
 1784      65745F53 
 1784      74617274 
 1784      00
 1785              	.LASF38:
 1786 0178 6C656674 		.ascii	"left_behind_wheel\000"
 1786      5F626568 
 1786      696E645F 
 1786      77686565 
 1786      6C00
 1787              	.LASF40:
 1788 018a 72696768 		.ascii	"right_behind_wheel\000"
 1788      745F6265 
 1788      68696E64 
 1788      5F776865 
 1788      656C00
 1789              	.LASF30:
 1790 019d 464F5257 		.ascii	"FORWARD\000"
 1790      41524400 
 1791              	.LASF57:
 1792 01a5 4C4F4E47 		.ascii	"LONG_RRESS_START\000"
 1792      5F525245 
 1792      53535F53 
 1792      54415254 
 1792      00
 1793              	.LASF25:
 1794 01b6 444F574E 		.ascii	"DOWN_LEFT\000"
 1794      5F4C4546 
 1794      5400
 1795              	.LASF21:
 1796 01c0 4C454654 		.ascii	"LEFT\000"
 1796      00
 1797              	.LASF71:
 1798 01c5 68656172 		.ascii	"hearting_error\000"
 1798      74696E67 
 1798      5F657272 
 1798      6F7200
 1799              	.LASF26:
 1800 01d4 444F574E 		.ascii	"DOWN_RIGHT\000"
ARM GAS  C:\Users\pxc\AppData\Local\Temp\ccmeYwHZ.s 			page 37


 1800      5F524947 
 1800      485400
 1801              	.LASF42:
 1802 01df 636F6E74 		.ascii	"control_dir\000"
 1802      726F6C5F 
 1802      64697200 
 1803              	.LASF87:
 1804 01eb 43794465 		.ascii	"CyDelayUs\000"
 1804      6C617955 
 1804      7300
 1805              	.LASF1:
 1806 01f5 756E7369 		.ascii	"unsigned char\000"
 1806      676E6564 
 1806      20636861 
 1806      7200
 1807              	.LASF95:
 1808 0203 74696D65 		.ascii	"timer_start\000"
 1808      725F7374 
 1808      61727400 
 1809              	.LASF93:
 1810 020f 54696D65 		.ascii	"Timer\000"
 1810      7200
 1811              	.LASF0:
 1812 0215 7369676E 		.ascii	"signed char\000"
 1812      65642063 
 1812      68617200 
 1813              	.LASF9:
 1814 0221 6C6F6E67 		.ascii	"long long unsigned int\000"
 1814      206C6F6E 
 1814      6720756E 
 1814      7369676E 
 1814      65642069 
 1815              	.LASF12:
 1816 0238 75696E74 		.ascii	"uint32_t\000"
 1816      33325F74 
 1816      00
 1817              	.LASF10:
 1818 0241 756E7369 		.ascii	"unsigned int\000"
 1818      676E6564 
 1818      20696E74 
 1818      00
 1819              	.LASF50:
 1820 024e 72756E5F 		.ascii	"run_state\000"
 1820      73746174 
 1820      6500
 1821              	.LASF43:
 1822 0258 636F6E74 		.ascii	"control_flag\000"
 1822      726F6C5F 
 1822      666C6167 
 1822      00
 1823              	.LASF77:
 1824 0265 6973725F 		.ascii	"isr_timer_Start\000"
 1824      74696D65 
 1824      725F5374 
 1824      61727400 
 1825              	.LASF89:
 1826 0275 74696D65 		.ascii	"timer_loop\000"
ARM GAS  C:\Users\pxc\AppData\Local\Temp\ccmeYwHZ.s 			page 38


 1826      725F6C6F 
 1826      6F7000
 1827              	.LASF3:
 1828 0280 73686F72 		.ascii	"short unsigned int\000"
 1828      7420756E 
 1828      7369676E 
 1828      65642069 
 1828      6E7400
 1829              	.LASF51:
 1830 0293 535F5749 		.ascii	"S_WIREREEL\000"
 1830      52455245 
 1830      454C00
 1831              	.LASF74:
 1832 029e 44617461 		.ascii	"Data_exchange_timer\000"
 1832      5F657863 
 1832      68616E67 
 1832      655F7469 
 1832      6D657200 
 1833              	.LASF23:
 1834 02b2 55505F4C 		.ascii	"UP_LEFT\000"
 1834      45465400 
 1835              	.LASF52:
 1836 02ba 50524553 		.ascii	"PRESS_DOWN\000"
 1836      535F444F 
 1836      574E00
 1837              	.LASF18:
 1838 02c5 63686172 		.ascii	"char\000"
 1838      00
 1839              	.LASF59:
 1840 02ca 6E756D62 		.ascii	"number_of_event\000"
 1840      65725F6F 
 1840      665F6576 
 1840      656E7400 
 1841              	.LASF11:
 1842 02da 696E7433 		.ascii	"int32_t\000"
 1842      325F7400 
 1843              	.LASF20:
 1844 02e2 444F574E 		.ascii	"DOWN\000"
 1844      00
 1845              	.LASF49:
 1846 02e7 535F4341 		.ascii	"S_CAR\000"
 1846      5200
 1847              	.LASF75:
 1848 02ed 55415254 		.ascii	"UART_net_Start\000"
 1848      5F6E6574 
 1848      5F537461 
 1848      727400
 1849              	.LASF76:
 1850 02fc 54696D65 		.ascii	"Timer_1_Start\000"
 1850      725F315F 
 1850      53746172 
 1850      7400
 1851              	.LASF61:
 1852 030a 74696D65 		.ascii	"timeout\000"
 1852      6F757400 
 1853              	.LASF83:
 1854 0312 50574D5F 		.ascii	"PWM_1_WritePeriod\000"
ARM GAS  C:\Users\pxc\AppData\Local\Temp\ccmeYwHZ.s 			page 39


 1854      315F5772 
 1854      69746550 
 1854      6572696F 
 1854      6400
 1855              	.LASF28:
 1856 0324 4341525F 		.ascii	"CAR_DIR\000"
 1856      44495200 
 1857              	.LASF15:
 1858 032c 75696E74 		.ascii	"uint32\000"
 1858      333200
 1859              	.LASF7:
 1860 0333 6C6F6E67 		.ascii	"long unsigned int\000"
 1860      20756E73 
 1860      69676E65 
 1860      6420696E 
 1860      7400
 1861              	.LASF17:
 1862 0345 646F7562 		.ascii	"double\000"
 1862      6C6500
 1863              	.LASF56:
 1864 034c 444F5542 		.ascii	"DOUBLE_CLICK\000"
 1864      4C455F43 
 1864      4C49434B 
 1864      00
 1865              	.LASF62:
 1866 0359 72657065 		.ascii	"repeat\000"
 1866      617400
 1867              	.LASF55:
 1868 0360 53494E47 		.ascii	"SINGLE_CLICK\000"
 1868      4C455F43 
 1868      4C49434B 
 1868      00
 1869              	.LASF73:
 1870 036d 43616C5F 		.ascii	"Cal_battery_timer\000"
 1870      62617474 
 1870      6572795F 
 1870      74696D65 
 1870      7200
 1871              	.LASF72:
 1872 037f 636F756E 		.ascii	"count\000"
 1872      7400
 1873              	.LASF39:
 1874 0385 72696768 		.ascii	"right_front_wheel\000"
 1874      745F6672 
 1874      6F6E745F 
 1874      77686565 
 1874      6C00
 1875              	.LASF37:
 1876 0397 6C656674 		.ascii	"left_front_wheel\000"
 1876      5F66726F 
 1876      6E745F77 
 1876      6865656C 
 1876      00
 1877              	.LASF5:
 1878 03a8 5F5F696E 		.ascii	"__int32_t\000"
 1878      7433325F 
 1878      7400
ARM GAS  C:\Users\pxc\AppData\Local\Temp\ccmeYwHZ.s 			page 40


 1879              	.LASF90:
 1880 03b2 474E5520 		.ascii	"GNU C 4.9.3 20150303 (release) [ARM/embedded-4_9-br"
 1880      4320342E 
 1880      392E3320 
 1880      32303135 
 1880      30333033 
 1881 03e5 616E6368 		.ascii	"anch revision 221220] -mcpu=cortex-m3 -mthumb -g -O"
 1881      20726576 
 1881      6973696F 
 1881      6E203232 
 1881      31323230 
 1882 0418 67202D66 		.ascii	"g -ffunction-sections -ffat-lto-objects\000"
 1882      66756E63 
 1882      74696F6E 
 1882      2D736563 
 1882      74696F6E 
 1883              	.LASF36:
 1884 0440 7365745F 		.ascii	"set_car_speed\000"
 1884      6361725F 
 1884      73706565 
 1884      6400
 1885              	.LASF27:
 1886 044e 53544F50 		.ascii	"STOP\000"
 1886      00
 1887              	.LASF58:
 1888 0453 4C4F4E47 		.ascii	"LONG_PRESS_HOLD\000"
 1888      5F505245 
 1888      53535F48 
 1888      4F4C4400 
 1889              	.LASF32:
 1890 0463 57484545 		.ascii	"WHEEL_STOP\000"
 1890      4C5F5354 
 1890      4F5000
 1891              	.LASF22:
 1892 046e 52494748 		.ascii	"RIGHT\000"
 1892      5400
 1893              	.LASF65:
 1894 0474 49544D5F 		.ascii	"ITM_RxBuffer\000"
 1894      52784275 
 1894      66666572 
 1894      00
 1895              	.LASF81:
 1896 0481 43794465 		.ascii	"CyDelay\000"
 1896      6C617900 
 1897              	.LASF54:
 1898 0489 50524553 		.ascii	"PRESS_REPEAT\000"
 1898      535F5245 
 1898      50454154 
 1898      00
 1899              	.LASF92:
 1900 0496 443A5C72 		.ascii	"D:\\robot\\git_code\\robot_raoxianpan_C\\raoxianpan"
 1900      6F626F74 
 1900      5C676974 
 1900      5F636F64 
 1900      655C726F 
 1901 04c5 2E637964 		.ascii	".cydsn\000"
 1901      736E00
ARM GAS  C:\Users\pxc\AppData\Local\Temp\ccmeYwHZ.s 			page 41


 1902              	.LASF67:
 1903 04cc 675F5769 		.ascii	"g_WireReel\000"
 1903      72655265 
 1903      656C00
 1904              	.LASF64:
 1905 04d7 6E657874 		.ascii	"next\000"
 1905      00
 1906              		.ident	"GCC: (GNU Tools for ARM Embedded Processors) 4.9.3 20150303 (release) [ARM/embedded-4_9-br
